0.10758486769308527
... building model (hdim=20, len(X)=755, batch_size=1, eps=0.1, eps_factor=0.99)
... training
Epoch 10: Cost: 0.111432
Epoch 20: Cost: 0.109882
Epoch 30: Cost: 0.108809
Epoch 40: Cost: 0.108728
Epoch 50: Cost: 0.108571
Epoch 60: Cost: 0.108474
Epoch 70: Cost: 0.108444
Epoch 80: Cost: 0.108419
Epoch 90: Cost: 0.108405
Epoch 100: Cost: 0.108329
Epoch 110: Cost: 0.108287
Epoch 120: Cost: 0.108274
Epoch 130: Cost: 0.108263
Epoch 140: Cost: 0.108253
Epoch 150: Cost: 0.108244
Epoch 160: Cost: 0.108238
Epoch 170: Cost: 0.108233
Epoch 180: Cost: 0.108231
Epoch 190: Cost: 0.108192
Epoch 200: Cost: 0.108164
Epoch 210: Cost: 0.108157
Epoch 220: Cost: 0.108151
Epoch 230: Cost: 0.108147
Epoch 240: Cost: 0.108142
Epoch 250: Cost: 0.108137
Epoch 260: Cost: 0.108132
Epoch 270: Cost: 0.108128
Epoch 280: Cost: 0.108123
Epoch 290: Cost: 0.108118
Epoch 300: Cost: 0.108114
Epoch 310: Cost: 0.108109
Epoch 320: Cost: 0.108105
Epoch 330: Cost: 0.108101
Epoch 340: Cost: 0.108097
Epoch 350: Cost: 0.108094
Epoch 360: Cost: 0.108091
Epoch 370: Cost: 0.108088
Epoch 380: Cost: 0.108087
Epoch 390: Cost: 0.108086
Epoch 400: Cost: 0.108042
Epoch 410: Cost: 0.108024
Epoch 420: Cost: 0.108019
Epoch 430: Cost: 0.108015
Epoch 440: Cost: 0.108012
Epoch 450: Cost: 0.108009
Epoch 460: Cost: 0.108007
Epoch 470: Cost: 0.108004
Epoch 480: Cost: 0.108002
Epoch 490: Cost: 0.108000
Epoch 500: Cost: 0.107998
Epoch 510: Cost: 0.107996
Epoch 520: Cost: 0.107994
Epoch 530: Cost: 0.107992
Epoch 540: Cost: 0.107990
Epoch 550: Cost: 0.107988
Epoch 560: Cost: 0.107986
Epoch 570: Cost: 0.107985
Epoch 580: Cost: 0.107983
Epoch 590: Cost: 0.107981
Epoch 600: Cost: 0.107979
Epoch 610: Cost: 0.107977
Epoch 620: Cost: 0.107975
Epoch 630: Cost: 0.107973
Epoch 640: Cost: 0.107971
Epoch 650: Cost: 0.107968
Epoch 660: Cost: 0.107966
Epoch 670: Cost: 0.107964
Epoch 680: Cost: 0.107962
Epoch 690: Cost: 0.107959
Epoch 700: Cost: 0.107957
Epoch 710: Cost: 0.107954
Epoch 720: Cost: 0.107951
Epoch 730: Cost: 0.107948
Epoch 740: Cost: 0.107946
Epoch 750: Cost: 0.107943
Epoch 760: Cost: 0.107940
Epoch 770: Cost: 0.107938
Epoch 780: Cost: 0.107935
Epoch 790: Cost: 0.107932
Epoch 800: Cost: 0.107929
Epoch 810: Cost: 0.107925
Epoch 820: Cost: 0.107922
Epoch 830: Cost: 0.107918
Epoch 840: Cost: 0.107914
Epoch 850: Cost: 0.107909
Epoch 860: Cost: 0.107904
Epoch 870: Cost: 0.107897
Epoch 880: Cost: 0.107891
Epoch 890: Cost: 0.107884
Epoch 900: Cost: 0.107876
Epoch 910: Cost: 0.107868
Epoch 920: Cost: 0.107859
Epoch 930: Cost: 0.107851
Epoch 940: Cost: 0.107841
Epoch 950: Cost: 0.107831
Epoch 960: Cost: 0.107821
Epoch 970: Cost: 0.107811
Epoch 980: Cost: 0.107802
Epoch 990: Cost: 0.107795
Epoch 1000: Cost: 0.107789
Optimization complete.
