0.07085195263278768
... building model (hdim=20, len(X)=755, batch_size=1, eps=0.001, eps_factor=0.99)
... training
Epoch 10: Cost: 0.204658
Epoch 20: Cost: 0.166261
Epoch 30: Cost: 0.134108
Epoch 40: Cost: 0.101556
Epoch 50: Cost: 0.076470
Epoch 60: Cost: 0.059738
Epoch 70: Cost: 0.047871
Epoch 80: Cost: 0.038464
Epoch 90: Cost: 0.030665
Epoch 100: Cost: 0.024277
Epoch 110: Cost: 0.019218
Epoch 120: Cost: 0.015260
Epoch 130: Cost: 0.012195
Epoch 140: Cost: 0.009830
Epoch 150: Cost: 0.008001
Epoch 160: Cost: 0.006582
Epoch 170: Cost: 0.005475
Epoch 180: Cost: 0.004603
Epoch 190: Cost: 0.003911
Epoch 200: Cost: 0.003355
Epoch 210: Cost: 0.002909
Epoch 220: Cost: 0.002543
Epoch 230: Cost: 0.002239
Epoch 240: Cost: 0.001986
Epoch 250: Cost: 0.001772
Epoch 260: Cost: 0.001590
Epoch 270: Cost: 0.001435
Epoch 280: Cost: 0.001300
Epoch 290: Cost: 0.001184
Epoch 300: Cost: 0.001082
Epoch 310: Cost: 0.000994
Epoch 320: Cost: 0.000916
Epoch 330: Cost: 0.000847
Epoch 340: Cost: 0.000785
Epoch 350: Cost: 0.000730
Epoch 360: Cost: 0.000680
Epoch 370: Cost: 0.000635
Epoch 380: Cost: 0.000594
Epoch 390: Cost: 0.000558
Epoch 400: Cost: 0.000524
Epoch 410: Cost: 0.000494
Epoch 420: Cost: 0.000466
Epoch 430: Cost: 0.000440
Epoch 440: Cost: 0.000417
Epoch 450: Cost: 0.000395
Epoch 460: Cost: 0.000375
Epoch 470: Cost: 0.000357
Epoch 480: Cost: 0.000339
Epoch 490: Cost: 0.000323
Epoch 500: Cost: 0.000308
Epoch 510: Cost: 0.000295
Epoch 520: Cost: 0.000282
Epoch 530: Cost: 0.000270
Epoch 540: Cost: 0.000258
Epoch 550: Cost: 0.000248
Epoch 560: Cost: 0.000238
Epoch 570: Cost: 0.000228
Epoch 580: Cost: 0.000219
Epoch 590: Cost: 0.000211
Epoch 600: Cost: 0.000203
Epoch 610: Cost: 0.000196
Epoch 620: Cost: 0.000189
Epoch 630: Cost: 0.000182
Epoch 640: Cost: 0.000176
Epoch 650: Cost: 0.000170
Epoch 660: Cost: 0.000164
Epoch 670: Cost: 0.000158
Epoch 680: Cost: 0.000153
Epoch 690: Cost: 0.000148
Epoch 700: Cost: 0.000144
Epoch 710: Cost: 0.000139
Epoch 720: Cost: 0.000135
Epoch 730: Cost: 0.000131
Epoch 740: Cost: 0.000127
Epoch 750: Cost: 0.000123
Epoch 760: Cost: 0.000120
Epoch 770: Cost: 0.000116
Epoch 780: Cost: 0.000113
Epoch 790: Cost: 0.000110
Epoch 800: Cost: 0.000107
Epoch 810: Cost: 0.000104
Epoch 820: Cost: 0.000101
Epoch 830: Cost: 0.000099
Epoch 840: Cost: 0.000096
Epoch 850: Cost: 0.000094
Epoch 860: Cost: 0.000091
Epoch 870: Cost: 0.000089
Epoch 880: Cost: 0.000087
Epoch 890: Cost: 0.000085
Epoch 900: Cost: 0.000083
Epoch 910: Cost: 0.000081
Epoch 920: Cost: 0.000079
Epoch 930: Cost: 0.000077
Epoch 940: Cost: 0.000075
Epoch 950: Cost: 0.000074
Epoch 960: Cost: 0.000072
Epoch 970: Cost: 0.000071
Epoch 980: Cost: 0.000069
Epoch 990: Cost: 0.000068
Epoch 1000: Cost: 0.000066
Optimization complete.
