0.053155347048847994
... building model (hdim=20, len(X)=755, batch_size=1, eps=0.001, eps_factor=0.99)
... training
Epoch 10: Cost: 0.204926
Epoch 20: Cost: 0.168387
Epoch 30: Cost: 0.133920
Epoch 40: Cost: 0.100025
Epoch 50: Cost: 0.073469
Epoch 60: Cost: 0.053807
Epoch 70: Cost: 0.039194
Epoch 80: Cost: 0.028149
Epoch 90: Cost: 0.019992
Epoch 100: Cost: 0.014265
Epoch 110: Cost: 0.010405
Epoch 120: Cost: 0.007777
Epoch 130: Cost: 0.005966
Epoch 140: Cost: 0.004692
Epoch 150: Cost: 0.003774
Epoch 160: Cost: 0.003096
Epoch 170: Cost: 0.002584
Epoch 180: Cost: 0.002189
Epoch 190: Cost: 0.001878
Epoch 200: Cost: 0.001630
Epoch 210: Cost: 0.001430
Epoch 220: Cost: 0.001264
Epoch 230: Cost: 0.001127
Epoch 240: Cost: 0.001011
Epoch 250: Cost: 0.000912
Epoch 260: Cost: 0.000827
Epoch 270: Cost: 0.000753
Epoch 280: Cost: 0.000689
Epoch 290: Cost: 0.000633
Epoch 300: Cost: 0.000583
Epoch 310: Cost: 0.000540
Epoch 320: Cost: 0.000501
Epoch 330: Cost: 0.000466
Epoch 340: Cost: 0.000435
Epoch 350: Cost: 0.000407
Epoch 360: Cost: 0.000381
Epoch 370: Cost: 0.000358
Epoch 380: Cost: 0.000337
Epoch 390: Cost: 0.000317
Epoch 400: Cost: 0.000300
Epoch 410: Cost: 0.000283
Epoch 420: Cost: 0.000269
Epoch 430: Cost: 0.000255
Epoch 440: Cost: 0.000242
Epoch 450: Cost: 0.000230
Epoch 460: Cost: 0.000219
Epoch 470: Cost: 0.000209
Epoch 480: Cost: 0.000200
Epoch 490: Cost: 0.000191
Epoch 500: Cost: 0.000182
Epoch 510: Cost: 0.000175
Epoch 520: Cost: 0.000167
Epoch 530: Cost: 0.000161
Epoch 540: Cost: 0.000154
Epoch 550: Cost: 0.000148
Epoch 560: Cost: 0.000142
Epoch 570: Cost: 0.000137
Epoch 580: Cost: 0.000132
Epoch 590: Cost: 0.000127
Epoch 600: Cost: 0.000123
Epoch 610: Cost: 0.000118
Epoch 620: Cost: 0.000114
Epoch 630: Cost: 0.000110
Epoch 640: Cost: 0.000107
Epoch 650: Cost: 0.000103
Epoch 660: Cost: 0.000100
Epoch 670: Cost: 0.000097
Epoch 680: Cost: 0.000094
Epoch 690: Cost: 0.000091
Epoch 700: Cost: 0.000088
Epoch 710: Cost: 0.000085
Epoch 720: Cost: 0.000083
Epoch 730: Cost: 0.000081
Epoch 740: Cost: 0.000078
Epoch 750: Cost: 0.000076
Epoch 760: Cost: 0.000074
Epoch 770: Cost: 0.000072
Epoch 780: Cost: 0.000070
Epoch 790: Cost: 0.000068
Epoch 800: Cost: 0.000066
Epoch 810: Cost: 0.000065
Epoch 820: Cost: 0.000063
Epoch 830: Cost: 0.000061
Epoch 840: Cost: 0.000060
Epoch 850: Cost: 0.000058
Epoch 860: Cost: 0.000057
Epoch 870: Cost: 0.000056
Epoch 880: Cost: 0.000054
Epoch 890: Cost: 0.000053
Epoch 900: Cost: 0.000052
Epoch 910: Cost: 0.000051
Epoch 920: Cost: 0.000049
Epoch 930: Cost: 0.000048
Epoch 940: Cost: 0.000047
Epoch 950: Cost: 0.000046
Epoch 960: Cost: 0.000045
Epoch 970: Cost: 0.000044
Epoch 980: Cost: 0.000043
Epoch 990: Cost: 0.000042
Epoch 1000: Cost: 0.000041
Optimization complete.
