0.0535265577457074
... building model (hdim=20, len(X)=1510, batch_size=2, eps=0.001, eps_factor=0.99)
... training
Epoch 10: Cost: 0.207611
Epoch 20: Cost: 0.174664
Epoch 30: Cost: 0.142212
Epoch 40: Cost: 0.109435
Epoch 50: Cost: 0.083159
Epoch 60: Cost: 0.064173
Epoch 70: Cost: 0.050836
Epoch 80: Cost: 0.040987
Epoch 90: Cost: 0.033256
Epoch 100: Cost: 0.027006
Epoch 110: Cost: 0.021984
Epoch 120: Cost: 0.017924
Epoch 130: Cost: 0.014655
Epoch 140: Cost: 0.012040
Epoch 150: Cost: 0.009959
Epoch 160: Cost: 0.008299
Epoch 170: Cost: 0.006970
Epoch 180: Cost: 0.005904
Epoch 190: Cost: 0.005044
Epoch 200: Cost: 0.004346
Epoch 210: Cost: 0.003781
Epoch 220: Cost: 0.003314
Epoch 230: Cost: 0.002924
Epoch 240: Cost: 0.002597
Epoch 250: Cost: 0.002320
Epoch 260: Cost: 0.002083
Epoch 270: Cost: 0.001880
Epoch 280: Cost: 0.001704
Epoch 290: Cost: 0.001551
Epoch 300: Cost: 0.001418
Epoch 310: Cost: 0.001301
Epoch 320: Cost: 0.001199
Epoch 330: Cost: 0.001108
Epoch 340: Cost: 0.001026
Epoch 350: Cost: 0.000953
Epoch 360: Cost: 0.000888
Epoch 370: Cost: 0.000829
Epoch 380: Cost: 0.000776
Epoch 390: Cost: 0.000727
Epoch 400: Cost: 0.000683
Epoch 410: Cost: 0.000644
Epoch 420: Cost: 0.000607
Epoch 430: Cost: 0.000574
Epoch 440: Cost: 0.000543
Epoch 450: Cost: 0.000515
Epoch 460: Cost: 0.000489
Epoch 470: Cost: 0.000465
Epoch 480: Cost: 0.000442
Epoch 490: Cost: 0.000421
Epoch 500: Cost: 0.000402
Epoch 510: Cost: 0.000384
Epoch 520: Cost: 0.000367
Epoch 530: Cost: 0.000352
Epoch 540: Cost: 0.000337
Epoch 550: Cost: 0.000323
Epoch 560: Cost: 0.000310
Epoch 570: Cost: 0.000298
Epoch 580: Cost: 0.000287
Epoch 590: Cost: 0.000276
Epoch 600: Cost: 0.000266
Epoch 610: Cost: 0.000256
Epoch 620: Cost: 0.000247
Epoch 630: Cost: 0.000238
Epoch 640: Cost: 0.000230
Epoch 650: Cost: 0.000223
Epoch 660: Cost: 0.000215
Epoch 670: Cost: 0.000208
Epoch 680: Cost: 0.000202
Epoch 690: Cost: 0.000195
Epoch 700: Cost: 0.000189
Epoch 710: Cost: 0.000183
Epoch 720: Cost: 0.000178
Epoch 730: Cost: 0.000173
Epoch 740: Cost: 0.000168
Epoch 750: Cost: 0.000163
Epoch 760: Cost: 0.000158
Epoch 770: Cost: 0.000154
Epoch 780: Cost: 0.000150
Epoch 790: Cost: 0.000146
Epoch 800: Cost: 0.000142
Epoch 810: Cost: 0.000138
Epoch 820: Cost: 0.000135
Epoch 830: Cost: 0.000131
Epoch 840: Cost: 0.000128
Epoch 850: Cost: 0.000125
Epoch 860: Cost: 0.000122
Epoch 870: Cost: 0.000119
Epoch 880: Cost: 0.000116
Epoch 890: Cost: 0.000113
Epoch 900: Cost: 0.000110
Epoch 910: Cost: 0.000108
Epoch 920: Cost: 0.000105
Epoch 930: Cost: 0.000103
Epoch 940: Cost: 0.000101
Epoch 950: Cost: 0.000099
Epoch 960: Cost: 0.000096
Epoch 970: Cost: 0.000094
Epoch 980: Cost: 0.000092
Epoch 990: Cost: 0.000090
Epoch 1000: Cost: 0.000088
Optimization complete.
