0.06902902540270824
... building model (hdim=20, len(X)=1510, batch_size=2, eps=0.001, eps_factor=0.99)
... training
Epoch 10: Cost: 0.204719
Epoch 20: Cost: 0.168624
Epoch 30: Cost: 0.140956
Epoch 40: Cost: 0.113406
Epoch 50: Cost: 0.090229
Epoch 60: Cost: 0.072468
Epoch 70: Cost: 0.059207
Epoch 80: Cost: 0.049234
Epoch 90: Cost: 0.041353
Epoch 100: Cost: 0.034925
Epoch 110: Cost: 0.029674
Epoch 120: Cost: 0.025321
Epoch 130: Cost: 0.021699
Epoch 140: Cost: 0.018668
Epoch 150: Cost: 0.016109
Epoch 160: Cost: 0.013931
Epoch 170: Cost: 0.012063
Epoch 180: Cost: 0.010458
Epoch 190: Cost: 0.009084
Epoch 200: Cost: 0.007912
Epoch 210: Cost: 0.006924
Epoch 220: Cost: 0.006085
Epoch 230: Cost: 0.005372
Epoch 240: Cost: 0.004764
Epoch 250: Cost: 0.004245
Epoch 260: Cost: 0.003799
Epoch 270: Cost: 0.003415
Epoch 280: Cost: 0.003082
Epoch 290: Cost: 0.002793
Epoch 300: Cost: 0.002540
Epoch 310: Cost: 0.002321
Epoch 320: Cost: 0.002127
Epoch 330: Cost: 0.001956
Epoch 340: Cost: 0.001803
Epoch 350: Cost: 0.001667
Epoch 360: Cost: 0.001545
Epoch 370: Cost: 0.001436
Epoch 380: Cost: 0.001338
Epoch 390: Cost: 0.001249
Epoch 400: Cost: 0.001168
Epoch 410: Cost: 0.001095
Epoch 420: Cost: 0.001029
Epoch 430: Cost: 0.000969
Epoch 440: Cost: 0.000913
Epoch 450: Cost: 0.000862
Epoch 460: Cost: 0.000815
Epoch 470: Cost: 0.000772
Epoch 480: Cost: 0.000732
Epoch 490: Cost: 0.000695
Epoch 500: Cost: 0.000661
Epoch 510: Cost: 0.000629
Epoch 520: Cost: 0.000600
Epoch 530: Cost: 0.000572
Epoch 540: Cost: 0.000546
Epoch 550: Cost: 0.000522
Epoch 560: Cost: 0.000500
Epoch 570: Cost: 0.000479
Epoch 580: Cost: 0.000459
Epoch 590: Cost: 0.000440
Epoch 600: Cost: 0.000423
Epoch 610: Cost: 0.000407
Epoch 620: Cost: 0.000391
Epoch 630: Cost: 0.000376
Epoch 640: Cost: 0.000363
Epoch 650: Cost: 0.000350
Epoch 660: Cost: 0.000337
Epoch 670: Cost: 0.000325
Epoch 680: Cost: 0.000314
Epoch 690: Cost: 0.000304
Epoch 700: Cost: 0.000294
Epoch 710: Cost: 0.000284
Epoch 720: Cost: 0.000275
Epoch 730: Cost: 0.000266
Epoch 740: Cost: 0.000258
Epoch 750: Cost: 0.000250
Epoch 760: Cost: 0.000243
Epoch 770: Cost: 0.000236
Epoch 780: Cost: 0.000229
Epoch 790: Cost: 0.000222
Epoch 800: Cost: 0.000216
Epoch 810: Cost: 0.000210
Epoch 820: Cost: 0.000204
Epoch 830: Cost: 0.000199
Epoch 840: Cost: 0.000193
Epoch 850: Cost: 0.000188
Epoch 860: Cost: 0.000183
Epoch 870: Cost: 0.000178
Epoch 880: Cost: 0.000174
Epoch 890: Cost: 0.000170
Epoch 900: Cost: 0.000165
Epoch 910: Cost: 0.000161
Epoch 920: Cost: 0.000157
Epoch 930: Cost: 0.000154
Epoch 940: Cost: 0.000150
Epoch 950: Cost: 0.000147
Epoch 960: Cost: 0.000143
Epoch 970: Cost: 0.000140
Epoch 980: Cost: 0.000137
Epoch 990: Cost: 0.000134
Epoch 1000: Cost: 0.000131
Optimization complete.
