0.10768241763408352
... building model (hdim=20, len(X)=1510, batch_size=2, eps=0.1, eps_factor=0.99)
... training
Epoch 10: Cost: 0.111875
Epoch 20: Cost: 0.109458
Epoch 30: Cost: 0.108939
Epoch 40: Cost: 0.108644
Epoch 50: Cost: 0.108452
Epoch 60: Cost: 0.108393
Epoch 70: Cost: 0.107870
Epoch 80: Cost: 0.107830
Epoch 90: Cost: 0.107804
Epoch 100: Cost: 0.107788
Epoch 110: Cost: 0.107778
Epoch 120: Cost: 0.107774
Epoch 130: Cost: 0.107738
Epoch 140: Cost: 0.107731
Epoch 150: Cost: 0.107729
Epoch 160: Cost: 0.107728
Epoch 170: Cost: 0.107727
Epoch 180: Cost: 0.107725
Epoch 190: Cost: 0.107724
Epoch 200: Cost: 0.107723
Epoch 210: Cost: 0.107721
Epoch 220: Cost: 0.107719
Epoch 230: Cost: 0.107716
Epoch 240: Cost: 0.107712
Epoch 250: Cost: 0.107709
Epoch 260: Cost: 0.107706
Epoch 270: Cost: 0.107704
Epoch 280: Cost: 0.107702
Epoch 290: Cost: 0.107701
Epoch 300: Cost: 0.107701
Epoch 310: Cost: 0.107697
Epoch 320: Cost: 0.107688
Epoch 330: Cost: 0.107687
Epoch 340: Cost: 0.107686
Epoch 350: Cost: 0.107686
Epoch 360: Cost: 0.107686
Epoch 370: Cost: 0.107686
Epoch 380: Cost: 0.107686
Epoch 390: Cost: 0.107686
Epoch 400: Cost: 0.107685
Epoch 410: Cost: 0.107685
Epoch 420: Cost: 0.107685
Epoch 430: Cost: 0.107685
Epoch 440: Cost: 0.107685
Epoch 450: Cost: 0.107685
Epoch 460: Cost: 0.107685
Epoch 470: Cost: 0.107685
Epoch 480: Cost: 0.107685
Epoch 490: Cost: 0.107684
Epoch 500: Cost: 0.107684
Epoch 510: Cost: 0.107684
Epoch 520: Cost: 0.107684
Epoch 530: Cost: 0.107684
Epoch 540: Cost: 0.107684
Epoch 550: Cost: 0.107684
Epoch 560: Cost: 0.107684
Epoch 570: Cost: 0.107684
Epoch 580: Cost: 0.107684
Epoch 590: Cost: 0.107683
Epoch 600: Cost: 0.107683
Epoch 610: Cost: 0.107683
Epoch 620: Cost: 0.107683
Epoch 630: Cost: 0.107683
Epoch 640: Cost: 0.107683
Epoch 650: Cost: 0.107683
Epoch 660: Cost: 0.107683
Epoch 670: Cost: 0.107683
Epoch 680: Cost: 0.107683
Epoch 690: Cost: 0.107683
Epoch 700: Cost: 0.107683
Epoch 710: Cost: 0.107683
Epoch 720: Cost: 0.107683
Epoch 730: Cost: 0.107683
Optimization complete.
