0.07106500765971972
... building model (hdim=20, len(X)=15100, batch_size=15, eps=0.001, eps_factor=0.99)
... training
Epoch 10: Cost: 0.204189
Epoch 20: Cost: 0.171809
Epoch 30: Cost: 0.142754
Epoch 40: Cost: 0.113134
Epoch 50: Cost: 0.090797
Epoch 60: Cost: 0.074392
Epoch 70: Cost: 0.062194
Epoch 80: Cost: 0.053268
Epoch 90: Cost: 0.046526
Epoch 100: Cost: 0.041088
Epoch 110: Cost: 0.036733
Epoch 120: Cost: 0.033316
Epoch 130: Cost: 0.030650
Epoch 140: Cost: 0.028519
Epoch 150: Cost: 0.026755
Epoch 160: Cost: 0.025257
Epoch 170: Cost: 0.023961
Epoch 180: Cost: 0.022826
Epoch 190: Cost: 0.021818
Epoch 200: Cost: 0.020909
Epoch 210: Cost: 0.020087
Epoch 220: Cost: 0.019334
Epoch 230: Cost: 0.018641
Epoch 240: Cost: 0.018003
Epoch 250: Cost: 0.017418
Epoch 260: Cost: 0.016884
Epoch 270: Cost: 0.016398
Epoch 280: Cost: 0.015955
Epoch 290: Cost: 0.015552
Epoch 300: Cost: 0.015184
Epoch 310: Cost: 0.014848
Epoch 320: Cost: 0.014541
Epoch 330: Cost: 0.014258
Epoch 340: Cost: 0.013996
Epoch 350: Cost: 0.013752
Epoch 360: Cost: 0.013524
Epoch 370: Cost: 0.013311
Epoch 380: Cost: 0.013110
Epoch 390: Cost: 0.012921
Epoch 400: Cost: 0.012743
Epoch 410: Cost: 0.012572
Epoch 420: Cost: 0.012415
Epoch 430: Cost: 0.012267
Epoch 440: Cost: 0.012126
Epoch 450: Cost: 0.011993
Epoch 460: Cost: 0.011866
Epoch 470: Cost: 0.011745
Epoch 480: Cost: 0.011630
Epoch 490: Cost: 0.011521
Epoch 500: Cost: 0.011418
Epoch 510: Cost: 0.011314
Epoch 520: Cost: 0.011223
Epoch 530: Cost: 0.011138
Epoch 540: Cost: 0.011059
Epoch 550: Cost: 0.010986
Epoch 560: Cost: 0.010919
Epoch 570: Cost: 0.010856
Epoch 580: Cost: 0.010799
Epoch 590: Cost: 0.010747
Epoch 600: Cost: 0.010698
Epoch 610: Cost: 0.010642
Epoch 620: Cost: 0.010601
Epoch 630: Cost: 0.010563
Epoch 640: Cost: 0.010526
Epoch 650: Cost: 0.010491
Epoch 660: Cost: 0.010457
Epoch 670: Cost: 0.010423
Epoch 680: Cost: 0.010388
Epoch 690: Cost: 0.010353
Epoch 700: Cost: 0.010318
Epoch 710: Cost: 0.010270
Epoch 720: Cost: 0.010238
Epoch 730: Cost: 0.010205
Epoch 740: Cost: 0.010174
Epoch 750: Cost: 0.010143
Epoch 760: Cost: 0.010113
Epoch 770: Cost: 0.010084
Epoch 780: Cost: 0.010054
Epoch 790: Cost: 0.010025
Epoch 800: Cost: 0.009998
Epoch 810: Cost: 0.009964
Epoch 820: Cost: 0.009942
Epoch 830: Cost: 0.009927
Epoch 840: Cost: 0.009919
Epoch 850: Cost: 0.009917
Epoch 860: Cost: 0.008678
Epoch 870: Cost: 0.008363
Epoch 880: Cost: 0.008267
Epoch 890: Cost: 0.008208
Epoch 900: Cost: 0.008168
Epoch 910: Cost: 0.008137
Epoch 920: Cost: 0.008112
Epoch 930: Cost: 0.008090
Epoch 940: Cost: 0.008070
Epoch 950: Cost: 0.008053
Epoch 960: Cost: 0.008037
Epoch 970: Cost: 0.008023
Epoch 980: Cost: 0.008009
Epoch 990: Cost: 0.007997
Epoch 1000: Cost: 0.007985
Optimization complete.
