0.05328138486266524
... building model (hdim=20, len(X)=15100, batch_size=15, eps=0.001, eps_factor=0.99)
... training
Epoch 10: Cost: 0.204650
Epoch 20: Cost: 0.171064
Epoch 30: Cost: 0.135567
Epoch 40: Cost: 0.103564
Epoch 50: Cost: 0.080254
Epoch 60: Cost: 0.063682
Epoch 70: Cost: 0.052408
Epoch 80: Cost: 0.044164
Epoch 90: Cost: 0.038075
Epoch 100: Cost: 0.033807
Epoch 110: Cost: 0.030788
Epoch 120: Cost: 0.028472
Epoch 130: Cost: 0.026584
Epoch 140: Cost: 0.024983
Epoch 150: Cost: 0.023596
Epoch 160: Cost: 0.022380
Epoch 170: Cost: 0.021309
Epoch 180: Cost: 0.020362
Epoch 190: Cost: 0.019521
Epoch 200: Cost: 0.018772
Epoch 210: Cost: 0.018107
Epoch 220: Cost: 0.017509
Epoch 230: Cost: 0.016966
Epoch 240: Cost: 0.016472
Epoch 250: Cost: 0.016018
Epoch 260: Cost: 0.015601
Epoch 270: Cost: 0.015216
Epoch 280: Cost: 0.014859
Epoch 290: Cost: 0.014527
Epoch 300: Cost: 0.014216
Epoch 310: Cost: 0.013923
Epoch 320: Cost: 0.013646
Epoch 330: Cost: 0.013382
Epoch 340: Cost: 0.013128
Epoch 350: Cost: 0.012883
Epoch 360: Cost: 0.012644
Epoch 370: Cost: 0.012411
Epoch 380: Cost: 0.012184
Epoch 390: Cost: 0.011961
Epoch 400: Cost: 0.011747
Epoch 410: Cost: 0.011539
Epoch 420: Cost: 0.011344
Epoch 430: Cost: 0.011159
Epoch 440: Cost: 0.010982
Epoch 450: Cost: 0.010813
Epoch 460: Cost: 0.010650
Epoch 470: Cost: 0.010492
Epoch 480: Cost: 0.010340
Epoch 490: Cost: 0.010193
Epoch 500: Cost: 0.010051
Epoch 510: Cost: 0.009907
Epoch 520: Cost: 0.009778
Epoch 530: Cost: 0.009656
Epoch 540: Cost: 0.009540
Epoch 550: Cost: 0.009432
Epoch 560: Cost: 0.009330
Epoch 570: Cost: 0.009234
Epoch 580: Cost: 0.009144
Epoch 590: Cost: 0.009059
Epoch 600: Cost: 0.008979
Epoch 610: Cost: 0.008888
Epoch 620: Cost: 0.008816
Epoch 630: Cost: 0.008749
Epoch 640: Cost: 0.008685
Epoch 650: Cost: 0.008624
Epoch 660: Cost: 0.008566
Epoch 670: Cost: 0.008511
Epoch 680: Cost: 0.008458
Epoch 690: Cost: 0.008408
Epoch 700: Cost: 0.008361
Epoch 710: Cost: 0.008288
Epoch 720: Cost: 0.008244
Epoch 730: Cost: 0.008202
Epoch 740: Cost: 0.008162
Epoch 750: Cost: 0.008125
Epoch 760: Cost: 0.008093
Epoch 770: Cost: 0.008065
Epoch 780: Cost: 0.008042
Epoch 790: Cost: 0.008021
Epoch 800: Cost: 0.008004
Epoch 810: Cost: 0.007950
Epoch 820: Cost: 0.007936
Epoch 830: Cost: 0.007923
Epoch 840: Cost: 0.007911
Epoch 850: Cost: 0.007900
Epoch 860: Cost: 0.007889
Epoch 870: Cost: 0.007879
Epoch 880: Cost: 0.007869
Epoch 890: Cost: 0.007860
Epoch 900: Cost: 0.007851
Epoch 910: Cost: 0.007649
Epoch 920: Cost: 0.007081
Epoch 930: Cost: 0.006765
Epoch 940: Cost: 0.006653
Epoch 950: Cost: 0.006600
Epoch 960: Cost: 0.006564
Epoch 970: Cost: 0.006535
Epoch 980: Cost: 0.006510
Epoch 990: Cost: 0.006489
Epoch 1000: Cost: 0.006470
Optimization complete.
