0.053354162460129924
... building model (hdim=20, len(X)=151000, batch_size=151, eps=0.001, eps_factor=0.99)
... training
Epoch 10: Cost: 0.205421
Epoch 20: Cost: 0.172801
Epoch 30: Cost: 0.137870
Epoch 40: Cost: 0.105916
Epoch 50: Cost: 0.082422
Epoch 60: Cost: 0.065697
Epoch 70: Cost: 0.054461
Epoch 80: Cost: 0.046281
Epoch 90: Cost: 0.040138
Epoch 100: Cost: 0.035866
Epoch 110: Cost: 0.032948
Epoch 120: Cost: 0.030766
Epoch 130: Cost: 0.029008
Epoch 140: Cost: 0.027522
Epoch 150: Cost: 0.026225
Epoch 160: Cost: 0.025070
Epoch 170: Cost: 0.024028
Epoch 180: Cost: 0.023079
Epoch 190: Cost: 0.022205
Epoch 200: Cost: 0.021391
Epoch 210: Cost: 0.020637
Epoch 220: Cost: 0.019933
Epoch 230: Cost: 0.019280
Epoch 240: Cost: 0.018680
Epoch 250: Cost: 0.018127
Epoch 260: Cost: 0.017619
Epoch 270: Cost: 0.017148
Epoch 280: Cost: 0.016711
Epoch 290: Cost: 0.016303
Epoch 300: Cost: 0.015922
Epoch 310: Cost: 0.015568
Epoch 320: Cost: 0.015235
Epoch 330: Cost: 0.014922
Epoch 340: Cost: 0.014625
Epoch 350: Cost: 0.014345
Epoch 360: Cost: 0.014080
Epoch 370: Cost: 0.013828
Epoch 380: Cost: 0.013589
Epoch 390: Cost: 0.013361
Epoch 400: Cost: 0.013144
Epoch 410: Cost: 0.012938
Epoch 420: Cost: 0.012742
Epoch 430: Cost: 0.012555
Epoch 440: Cost: 0.012376
Epoch 450: Cost: 0.012205
Epoch 460: Cost: 0.012042
Epoch 470: Cost: 0.011885
Epoch 480: Cost: 0.011735
Epoch 490: Cost: 0.011591
Epoch 500: Cost: 0.011453
Epoch 510: Cost: 0.011321
Epoch 520: Cost: 0.011195
Epoch 530: Cost: 0.011074
Epoch 540: Cost: 0.010958
Epoch 550: Cost: 0.010846
Epoch 560: Cost: 0.010739
Epoch 570: Cost: 0.010635
Epoch 580: Cost: 0.010536
Epoch 590: Cost: 0.010440
Epoch 600: Cost: 0.010348
Epoch 610: Cost: 0.010256
Epoch 620: Cost: 0.010171
Epoch 630: Cost: 0.010090
Epoch 640: Cost: 0.010011
Epoch 650: Cost: 0.009935
Epoch 660: Cost: 0.009861
Epoch 670: Cost: 0.009791
Epoch 680: Cost: 0.009723
Epoch 690: Cost: 0.009657
Epoch 700: Cost: 0.009594
Epoch 710: Cost: 0.009529
Epoch 720: Cost: 0.009470
Epoch 730: Cost: 0.009414
Epoch 740: Cost: 0.009360
Epoch 750: Cost: 0.009307
Epoch 760: Cost: 0.009256
Epoch 770: Cost: 0.009206
Epoch 780: Cost: 0.009159
Epoch 790: Cost: 0.009112
Epoch 800: Cost: 0.009067
Epoch 810: Cost: 0.009019
Epoch 820: Cost: 0.008976
Epoch 830: Cost: 0.008935
Epoch 840: Cost: 0.008896
Epoch 850: Cost: 0.008857
Epoch 860: Cost: 0.008819
Epoch 870: Cost: 0.008782
Epoch 880: Cost: 0.008746
Epoch 890: Cost: 0.008711
Epoch 900: Cost: 0.008677
Epoch 910: Cost: 0.008638
Epoch 920: Cost: 0.008606
Epoch 930: Cost: 0.008574
Epoch 940: Cost: 0.008544
Epoch 950: Cost: 0.008514
Epoch 960: Cost: 0.008484
Epoch 970: Cost: 0.008455
Epoch 980: Cost: 0.008427
Epoch 990: Cost: 0.008400
Epoch 1000: Cost: 0.008374
Optimization complete.
