0.10792490914238594
... building model (hdim=20, len(X)=151000, batch_size=151, eps=0.1, eps_factor=0.99)
... training
Epoch 10: Cost: 0.111124
Epoch 20: Cost: 0.109107
Epoch 30: Cost: 0.108373
Epoch 40: Cost: 0.108129
Epoch 50: Cost: 0.108033
Epoch 60: Cost: 0.107983
Epoch 70: Cost: 0.107956
Epoch 80: Cost: 0.107940
Epoch 90: Cost: 0.107931
Epoch 100: Cost: 0.107928
Epoch 110: Cost: 0.107926
Epoch 120: Cost: 0.107926
Epoch 130: Cost: 0.107925
Epoch 140: Cost: 0.107925
Epoch 150: Cost: 0.107925
Epoch 160: Cost: 0.107925
Optimization complete.
