0.053155347048847994
... building model (hdim=20, len(X)=755, batch_size=1, eps=0.001, eps_factor=0.99)
... training
Epoch 10: Cost: 0.204926
Epoch 20: Cost: 0.168387
Epoch 30: Cost: 0.133920
Epoch 40: Cost: 0.100025
Epoch 50: Cost: 0.073469
Epoch 60: Cost: 0.053807
Epoch 70: Cost: 0.039194
Epoch 80: Cost: 0.028149
Epoch 90: Cost: 0.019992
Epoch 100: Cost: 0.014265
Epoch 110: Cost: 0.010405
Epoch 120: Cost: 0.007777
Epoch 130: Cost: 0.005966
Epoch 140: Cost: 0.004692
Epoch 150: Cost: 0.003774
Epoch 160: Cost: 0.003096
Epoch 170: Cost: 0.002584
Epoch 180: Cost: 0.002189
Epoch 190: Cost: 0.001878
Epoch 200: Cost: 0.001630
Epoch 210: Cost: 0.001430
Epoch 220: Cost: 0.001264
Epoch 230: Cost: 0.001127
Epoch 240: Cost: 0.001011
Epoch 250: Cost: 0.000912
Epoch 260: Cost: 0.000827
Epoch 270: Cost: 0.000753
Epoch 280: Cost: 0.000689
Epoch 290: Cost: 0.000633
Epoch 300: Cost: 0.000583
Epoch 310: Cost: 0.000540
Epoch 320: Cost: 0.000501
Epoch 330: Cost: 0.000466
Epoch 340: Cost: 0.000435
Epoch 350: Cost: 0.000407
Epoch 360: Cost: 0.000381
Epoch 370: Cost: 0.000358
Epoch 380: Cost: 0.000337
Epoch 390: Cost: 0.000317
Epoch 400: Cost: 0.000300
Epoch 410: Cost: 0.000283
Epoch 420: Cost: 0.000269
Epoch 430: Cost: 0.000255
Epoch 440: Cost: 0.000242
Epoch 450: Cost: 0.000230
Epoch 460: Cost: 0.000219
Epoch 470: Cost: 0.000209
Epoch 480: Cost: 0.000200
Epoch 490: Cost: 0.000191
Epoch 500: Cost: 0.000182
Epoch 510: Cost: 0.000175
Epoch 520: Cost: 0.000167
Epoch 530: Cost: 0.000161
Epoch 540: Cost: 0.000154
Epoch 550: Cost: 0.000148
Epoch 560: Cost: 0.000142
Epoch 570: Cost: 0.000137
Epoch 580: Cost: 0.000132
Epoch 590: Cost: 0.000127
Epoch 600: Cost: 0.000123
Epoch 610: Cost: 0.000118
Epoch 620: Cost: 0.000114
Epoch 630: Cost: 0.000110
Epoch 640: Cost: 0.000107
Epoch 650: Cost: 0.000103
Epoch 660: Cost: 0.000100
Epoch 670: Cost: 0.000097
Epoch 680: Cost: 0.000094
Epoch 690: Cost: 0.000091
Epoch 700: Cost: 0.000088
Epoch 710: Cost: 0.000085
Epoch 720: Cost: 0.000083
Epoch 730: Cost: 0.000081
Epoch 740: Cost: 0.000078
Epoch 750: Cost: 0.000076
Epoch 760: Cost: 0.000074
Epoch 770: Cost: 0.000072
Epoch 780: Cost: 0.000070
Epoch 790: Cost: 0.000068
Epoch 800: Cost: 0.000066
Epoch 810: Cost: 0.000065
Epoch 820: Cost: 0.000063
Epoch 830: Cost: 0.000061
Epoch 840: Cost: 0.000060
Epoch 850: Cost: 0.000058
Epoch 860: Cost: 0.000057
Epoch 870: Cost: 0.000056
Epoch 880: Cost: 0.000054
Epoch 890: Cost: 0.000053
Epoch 900: Cost: 0.000052
Epoch 910: Cost: 0.000051
Epoch 920: Cost: 0.000049
Epoch 930: Cost: 0.000048
Epoch 940: Cost: 0.000047
Epoch 950: Cost: 0.000046
Epoch 960: Cost: 0.000045
Epoch 970: Cost: 0.000044
Epoch 980: Cost: 0.000043
Epoch 990: Cost: 0.000042
Epoch 1000: Cost: 0.000041
Optimization complete.
0.0638955055256127
... building model (hdim=20, len(X)=1509, batch_size=2, eps=0.001, eps_factor=0.99)
... training
Epoch 10: Cost: 0.209599
Epoch 20: Cost: 0.180530
Epoch 30: Cost: 0.153992
Epoch 40: Cost: 0.123517
Epoch 50: Cost: 0.096914
Epoch 60: Cost: 0.075857
Epoch 70: Cost: 0.059450
Epoch 80: Cost: 0.046691
Epoch 90: Cost: 0.036584
Epoch 100: Cost: 0.028709
Epoch 110: Cost: 0.022704
Epoch 120: Cost: 0.018087
Epoch 130: Cost: 0.014553
Epoch 140: Cost: 0.011844
Epoch 150: Cost: 0.009755
Epoch 160: Cost: 0.008134
Epoch 170: Cost: 0.006868
Epoch 180: Cost: 0.005871
Epoch 190: Cost: 0.005078
Epoch 200: Cost: 0.004441
Epoch 210: Cost: 0.003929
Epoch 220: Cost: 0.003509
Epoch 230: Cost: 0.003161
Epoch 240: Cost: 0.002870
Epoch 250: Cost: 0.002625
Epoch 260: Cost: 0.002416
Epoch 270: Cost: 0.002237
Epoch 280: Cost: 0.002083
Epoch 290: Cost: 0.001948
Epoch 300: Cost: 0.001830
Epoch 310: Cost: 0.001725
Epoch 320: Cost: 0.001634
Epoch 330: Cost: 0.001552
Epoch 340: Cost: 0.001479
Epoch 350: Cost: 0.001413
Epoch 360: Cost: 0.001353
Epoch 370: Cost: 0.001299
Epoch 380: Cost: 0.001250
Epoch 390: Cost: 0.001206
Epoch 400: Cost: 0.001165
Epoch 410: Cost: 0.001127
Epoch 420: Cost: 0.001093
Epoch 430: Cost: 0.001062
Epoch 440: Cost: 0.001033
Epoch 450: Cost: 0.001006
Epoch 460: Cost: 0.000981
Epoch 470: Cost: 0.000958
Epoch 480: Cost: 0.000936
Epoch 490: Cost: 0.000916
Epoch 500: Cost: 0.000898
Epoch 510: Cost: 0.000880
Epoch 520: Cost: 0.000863
Epoch 530: Cost: 0.000848
Epoch 540: Cost: 0.000834
Epoch 550: Cost: 0.000820
Epoch 560: Cost: 0.000807
Epoch 570: Cost: 0.000795
Epoch 580: Cost: 0.000784
Epoch 590: Cost: 0.000773
Epoch 600: Cost: 0.000763
Epoch 610: Cost: 0.000753
Epoch 620: Cost: 0.000743
Epoch 630: Cost: 0.000735
Epoch 640: Cost: 0.000726
Epoch 650: Cost: 0.000719
Epoch 660: Cost: 0.000711
Epoch 670: Cost: 0.000704
Epoch 680: Cost: 0.000697
Epoch 690: Cost: 0.000690
Epoch 700: Cost: 0.000684
Epoch 710: Cost: 0.000678
Epoch 720: Cost: 0.000672
Epoch 730: Cost: 0.000667
Epoch 740: Cost: 0.000661
Epoch 750: Cost: 0.000656
Epoch 760: Cost: 0.000651
Epoch 770: Cost: 0.000647
Epoch 780: Cost: 0.000642
Epoch 790: Cost: 0.000638
Epoch 800: Cost: 0.000634
Epoch 810: Cost: 0.000629
Epoch 820: Cost: 0.000626
Epoch 830: Cost: 0.000622
Epoch 840: Cost: 0.000618
Epoch 850: Cost: 0.000615
Epoch 860: Cost: 0.000611
Epoch 870: Cost: 0.000608
Epoch 880: Cost: 0.000605
Epoch 890: Cost: 0.000601
Epoch 900: Cost: 0.000598
Epoch 910: Cost: 0.000595
Epoch 920: Cost: 0.000592
Epoch 930: Cost: 0.000590
Epoch 940: Cost: 0.000587
Epoch 950: Cost: 0.000584
Epoch 960: Cost: 0.000582
Epoch 970: Cost: 0.000579
Epoch 980: Cost: 0.000577
Epoch 990: Cost: 0.000574
Epoch 1000: Cost: 0.000572
Optimization complete.
0.06932534823879126
... building model (hdim=20, len(X)=3018, batch_size=3, eps=0.001, eps_factor=0.99)
... training
Epoch 10: Cost: 0.206911
Epoch 20: Cost: 0.179904
Epoch 30: Cost: 0.154019
Epoch 40: Cost: 0.122205
Epoch 50: Cost: 0.095542
Epoch 60: Cost: 0.075336
Epoch 70: Cost: 0.060470
Epoch 80: Cost: 0.049295
Epoch 90: Cost: 0.040732
Epoch 100: Cost: 0.034119
Epoch 110: Cost: 0.028923
Epoch 120: Cost: 0.024686
Epoch 130: Cost: 0.021188
Epoch 140: Cost: 0.018284
Epoch 150: Cost: 0.015856
Epoch 160: Cost: 0.013818
Epoch 170: Cost: 0.012102
Epoch 180: Cost: 0.010647
Epoch 190: Cost: 0.009410
Epoch 200: Cost: 0.008355
Epoch 210: Cost: 0.007463
Epoch 220: Cost: 0.006703
Epoch 230: Cost: 0.006053
Epoch 240: Cost: 0.005497
Epoch 250: Cost: 0.005020
Epoch 260: Cost: 0.004610
Epoch 270: Cost: 0.004257
Epoch 280: Cost: 0.003952
Epoch 290: Cost: 0.003686
Epoch 300: Cost: 0.003454
Epoch 310: Cost: 0.003250
Epoch 320: Cost: 0.003071
Epoch 330: Cost: 0.002913
Epoch 340: Cost: 0.002771
Epoch 350: Cost: 0.002645
Epoch 360: Cost: 0.002532
Epoch 370: Cost: 0.002430
Epoch 380: Cost: 0.002337
Epoch 390: Cost: 0.002253
Epoch 400: Cost: 0.002176
Epoch 410: Cost: 0.002104
Epoch 420: Cost: 0.002039
Epoch 430: Cost: 0.001979
Epoch 440: Cost: 0.001924
Epoch 450: Cost: 0.001873
Epoch 460: Cost: 0.001826
Epoch 470: Cost: 0.001783
Epoch 480: Cost: 0.001742
Epoch 490: Cost: 0.001704
Epoch 500: Cost: 0.001668
Epoch 510: Cost: 0.001634
Epoch 520: Cost: 0.001602
Epoch 530: Cost: 0.001573
Epoch 540: Cost: 0.001545
Epoch 550: Cost: 0.001519
Epoch 560: Cost: 0.001494
Epoch 570: Cost: 0.001470
Epoch 580: Cost: 0.001448
Epoch 590: Cost: 0.001427
Epoch 600: Cost: 0.001408
Epoch 610: Cost: 0.001396
Epoch 620: Cost: 0.001379
Epoch 630: Cost: 0.001366
Epoch 640: Cost: 0.001358
Epoch 650: Cost: 0.001354
Epoch 660: Cost: 0.001351
Epoch 670: Cost: 0.001348
Epoch 680: Cost: 0.001346
Epoch 690: Cost: 0.001343
Epoch 700: Cost: 0.001340
Epoch 710: Cost: 0.001338
Epoch 720: Cost: 0.001335
Epoch 730: Cost: 0.001332
Epoch 740: Cost: 0.001328
Epoch 750: Cost: 0.001325
Epoch 760: Cost: 0.001322
Epoch 770: Cost: 0.001318
Epoch 780: Cost: 0.001315
Epoch 790: Cost: 0.001311
Epoch 800: Cost: 0.001307
Epoch 810: Cost: 0.001304
Epoch 820: Cost: 0.001300
Epoch 830: Cost: 0.001296
Epoch 840: Cost: 0.001292
Epoch 850: Cost: 0.001288
Epoch 860: Cost: 0.001284
Epoch 870: Cost: 0.001280
Epoch 880: Cost: 0.001276
Epoch 890: Cost: 0.001272
Epoch 900: Cost: 0.001268
Epoch 910: Cost: 0.001264
Epoch 920: Cost: 0.001259
Epoch 930: Cost: 0.001255
Epoch 940: Cost: 0.001251
Epoch 950: Cost: 0.001247
Epoch 960: Cost: 0.001243
Epoch 970: Cost: 0.001238
Epoch 980: Cost: 0.001234
Epoch 990: Cost: 0.001230
Epoch 1000: Cost: 0.001226
Optimization complete.
0.07406988794456214
... building model (hdim=20, len(X)=7547, batch_size=8, eps=0.001, eps_factor=0.99)
... training
Epoch 10: Cost: 0.209897
Epoch 20: Cost: 0.185698
Epoch 30: Cost: 0.165658
Epoch 40: Cost: 0.136409
Epoch 50: Cost: 0.108132
Epoch 60: Cost: 0.086560
Epoch 70: Cost: 0.071712
Epoch 80: Cost: 0.060979
Epoch 90: Cost: 0.052674
Epoch 100: Cost: 0.046032
Epoch 110: Cost: 0.040756
Epoch 120: Cost: 0.036543
Epoch 130: Cost: 0.033133
Epoch 140: Cost: 0.030304
Epoch 150: Cost: 0.027905
Epoch 160: Cost: 0.025838
Epoch 170: Cost: 0.024034
Epoch 180: Cost: 0.022446
Epoch 190: Cost: 0.021035
Epoch 200: Cost: 0.019771
Epoch 210: Cost: 0.018640
Epoch 220: Cost: 0.017612
Epoch 230: Cost: 0.016666
Epoch 240: Cost: 0.015788
Epoch 250: Cost: 0.014968
Epoch 260: Cost: 0.014205
Epoch 270: Cost: 0.013496
Epoch 280: Cost: 0.012840
Epoch 290: Cost: 0.012233
Epoch 300: Cost: 0.011669
Epoch 310: Cost: 0.011146
Epoch 320: Cost: 0.010660
Epoch 330: Cost: 0.010207
Epoch 340: Cost: 0.009788
Epoch 350: Cost: 0.009399
Epoch 360: Cost: 0.009037
Epoch 370: Cost: 0.008699
Epoch 380: Cost: 0.008383
Epoch 390: Cost: 0.008086
Epoch 400: Cost: 0.007809
Epoch 410: Cost: 0.007546
Epoch 420: Cost: 0.007304
Epoch 430: Cost: 0.007076
Epoch 440: Cost: 0.006862
Epoch 450: Cost: 0.006660
Epoch 460: Cost: 0.006468
Epoch 470: Cost: 0.006285
Epoch 480: Cost: 0.006111
Epoch 490: Cost: 0.005943
Epoch 500: Cost: 0.005780
Epoch 510: Cost: 0.005616
Epoch 520: Cost: 0.005464
Epoch 530: Cost: 0.005317
Epoch 540: Cost: 0.005174
Epoch 550: Cost: 0.005035
Epoch 560: Cost: 0.004899
Epoch 570: Cost: 0.004769
Epoch 580: Cost: 0.004643
Epoch 590: Cost: 0.004523
Epoch 600: Cost: 0.004410
Epoch 610: Cost: 0.004296
Epoch 620: Cost: 0.004201
Epoch 630: Cost: 0.004075
Epoch 640: Cost: 0.004017
Epoch 650: Cost: 0.003995
Epoch 660: Cost: 0.003983
Epoch 670: Cost: 0.003973
Epoch 680: Cost: 0.003964
Epoch 690: Cost: 0.003955
Epoch 700: Cost: 0.003946
Epoch 710: Cost: 0.003937
Epoch 720: Cost: 0.003927
Epoch 730: Cost: 0.003917
Epoch 740: Cost: 0.003906
Epoch 750: Cost: 0.003895
Epoch 760: Cost: 0.003883
Epoch 770: Cost: 0.003871
Epoch 780: Cost: 0.003858
Epoch 790: Cost: 0.003845
Epoch 800: Cost: 0.003831
Epoch 810: Cost: 0.003817
Epoch 820: Cost: 0.003803
Epoch 830: Cost: 0.003787
Epoch 840: Cost: 0.003772
Epoch 850: Cost: 0.003756
Epoch 860: Cost: 0.003740
Epoch 870: Cost: 0.003723
Epoch 880: Cost: 0.003706
Epoch 890: Cost: 0.003688
Epoch 900: Cost: 0.003670
Epoch 910: Cost: 0.003652
Epoch 920: Cost: 0.003634
Epoch 930: Cost: 0.003615
Epoch 940: Cost: 0.003596
Epoch 950: Cost: 0.003577
Epoch 960: Cost: 0.003557
Epoch 970: Cost: 0.003537
Epoch 980: Cost: 0.003517
Epoch 990: Cost: 0.003497
Epoch 1000: Cost: 0.003476
Optimization complete.
0.07712683116734548
... building model (hdim=20, len(X)=15096, batch_size=15, eps=0.001, eps_factor=0.99)
... training
Epoch 10: Cost: 0.210521
Epoch 20: Cost: 0.187551
Epoch 30: Cost: 0.168214
Epoch 40: Cost: 0.139011
Epoch 50: Cost: 0.110689
Epoch 60: Cost: 0.089400
Epoch 70: Cost: 0.074828
Epoch 80: Cost: 0.064428
Epoch 90: Cost: 0.056399
Epoch 100: Cost: 0.050185
Epoch 110: Cost: 0.045495
Epoch 120: Cost: 0.041801
Epoch 130: Cost: 0.038774
Epoch 140: Cost: 0.036236
Epoch 150: Cost: 0.034081
Epoch 160: Cost: 0.032228
Epoch 170: Cost: 0.030611
Epoch 180: Cost: 0.029180
Epoch 190: Cost: 0.027905
Epoch 200: Cost: 0.026766
Epoch 210: Cost: 0.025754
Epoch 220: Cost: 0.024852
Epoch 230: Cost: 0.024043
Epoch 240: Cost: 0.023317
Epoch 250: Cost: 0.022665
Epoch 260: Cost: 0.022078
Epoch 270: Cost: 0.021549
Epoch 280: Cost: 0.021069
Epoch 290: Cost: 0.020630
Epoch 300: Cost: 0.020227
Epoch 310: Cost: 0.019849
Epoch 320: Cost: 0.019503
Epoch 330: Cost: 0.019178
Epoch 340: Cost: 0.018870
Epoch 350: Cost: 0.018577
Epoch 360: Cost: 0.018293
Epoch 370: Cost: 0.018016
Epoch 380: Cost: 0.017746
Epoch 390: Cost: 0.017481
Epoch 400: Cost: 0.017219
Epoch 410: Cost: 0.016955
Epoch 420: Cost: 0.016721
Epoch 430: Cost: 0.016503
Epoch 440: Cost: 0.016300
Epoch 450: Cost: 0.016111
Epoch 460: Cost: 0.015933
Epoch 470: Cost: 0.015765
Epoch 480: Cost: 0.015604
Epoch 490: Cost: 0.015448
Epoch 500: Cost: 0.015296
Epoch 510: Cost: 0.015127
Epoch 520: Cost: 0.014978
Epoch 530: Cost: 0.014829
Epoch 540: Cost: 0.014677
Epoch 550: Cost: 0.014528
Epoch 560: Cost: 0.014392
Epoch 570: Cost: 0.014269
Epoch 580: Cost: 0.014156
Epoch 590: Cost: 0.014054
Epoch 600: Cost: 0.013960
Epoch 610: Cost: 0.013847
Epoch 620: Cost: 0.013770
Epoch 630: Cost: 0.013700
Epoch 640: Cost: 0.013636
Epoch 650: Cost: 0.013577
Epoch 660: Cost: 0.013522
Epoch 670: Cost: 0.013470
Epoch 680: Cost: 0.013420
Epoch 690: Cost: 0.013374
Epoch 700: Cost: 0.013331
Epoch 710: Cost: 0.013249
Epoch 720: Cost: 0.013212
Epoch 730: Cost: 0.013178
Epoch 740: Cost: 0.013147
Epoch 750: Cost: 0.013119
Epoch 760: Cost: 0.013095
Epoch 770: Cost: 0.013075
Epoch 780: Cost: 0.013057
Epoch 790: Cost: 0.013043
Epoch 800: Cost: 0.013031
Epoch 810: Cost: 0.012956
Epoch 820: Cost: 0.012948
Epoch 830: Cost: 0.012941
Epoch 840: Cost: 0.012935
Epoch 850: Cost: 0.012930
Epoch 860: Cost: 0.012925
Epoch 870: Cost: 0.012922
Epoch 880: Cost: 0.012919
Epoch 890: Cost: 0.012917
Epoch 900: Cost: 0.012662
Epoch 910: Cost: 0.011585
Epoch 920: Cost: 0.011105
Epoch 930: Cost: 0.010945
Epoch 940: Cost: 0.010868
Epoch 950: Cost: 0.010818
Epoch 960: Cost: 0.010780
Epoch 970: Cost: 0.010749
Epoch 980: Cost: 0.010722
Epoch 990: Cost: 0.010699
Epoch 1000: Cost: 0.010678
Optimization complete.
0.08111501744478826
... building model (hdim=20, len(X)=30196, batch_size=30, eps=0.001, eps_factor=0.99)
... training
Epoch 10: Cost: 0.210362
Epoch 20: Cost: 0.187869
Epoch 30: Cost: 0.170287
Epoch 40: Cost: 0.143953
Epoch 50: Cost: 0.117397
Epoch 60: Cost: 0.097219
Epoch 70: Cost: 0.082846
Epoch 80: Cost: 0.072373
Epoch 90: Cost: 0.064347
Epoch 100: Cost: 0.058388
Epoch 110: Cost: 0.054070
Epoch 120: Cost: 0.050752
Epoch 130: Cost: 0.048057
Epoch 140: Cost: 0.045777
Epoch 150: Cost: 0.043798
Epoch 160: Cost: 0.042055
Epoch 170: Cost: 0.040509
Epoch 180: Cost: 0.039128
Epoch 190: Cost: 0.037881
Epoch 200: Cost: 0.036742
Epoch 210: Cost: 0.035695
Epoch 220: Cost: 0.034725
Epoch 230: Cost: 0.033820
Epoch 240: Cost: 0.032977
Epoch 250: Cost: 0.032200
Epoch 260: Cost: 0.031488
Epoch 270: Cost: 0.030839
Epoch 280: Cost: 0.030244
Epoch 290: Cost: 0.029696
Epoch 300: Cost: 0.029187
Epoch 310: Cost: 0.028706
Epoch 320: Cost: 0.028269
Epoch 330: Cost: 0.027863
Epoch 340: Cost: 0.027487
Epoch 350: Cost: 0.027140
Epoch 360: Cost: 0.026818
Epoch 370: Cost: 0.026520
Epoch 380: Cost: 0.026243
Epoch 390: Cost: 0.025986
Epoch 400: Cost: 0.025746
Epoch 410: Cost: 0.025500
Epoch 420: Cost: 0.025290
Epoch 430: Cost: 0.025093
Epoch 440: Cost: 0.024909
Epoch 450: Cost: 0.024737
Epoch 460: Cost: 0.024578
Epoch 470: Cost: 0.024431
Epoch 480: Cost: 0.024297
Epoch 490: Cost: 0.024176
Epoch 500: Cost: 0.024068
Epoch 510: Cost: 0.023934
Epoch 520: Cost: 0.023848
Epoch 530: Cost: 0.023773
Epoch 540: Cost: 0.023708
Epoch 550: Cost: 0.023652
Epoch 560: Cost: 0.023605
Epoch 570: Cost: 0.023564
Epoch 580: Cost: 0.023527
Epoch 590: Cost: 0.023492
Epoch 600: Cost: 0.023462
Epoch 610: Cost: 0.023387
Epoch 620: Cost: 0.023367
Epoch 630: Cost: 0.023357
Epoch 640: Cost: 0.023353
Epoch 650: Cost: 0.021010
Epoch 660: Cost: 0.020039
Epoch 670: Cost: 0.019865
Epoch 680: Cost: 0.019801
Epoch 690: Cost: 0.019756
Epoch 700: Cost: 0.019720
Epoch 710: Cost: 0.019688
Epoch 720: Cost: 0.019660
Epoch 730: Cost: 0.019634
Epoch 740: Cost: 0.019610
Epoch 750: Cost: 0.019587
Epoch 760: Cost: 0.019565
Epoch 770: Cost: 0.019543
Epoch 780: Cost: 0.019521
Epoch 790: Cost: 0.019499
Epoch 800: Cost: 0.019477
Epoch 810: Cost: 0.019454
Epoch 820: Cost: 0.019432
Epoch 830: Cost: 0.019410
Epoch 840: Cost: 0.019388
Epoch 850: Cost: 0.019365
Epoch 860: Cost: 0.019343
Epoch 870: Cost: 0.019321
Epoch 880: Cost: 0.019299
Epoch 890: Cost: 0.019277
Epoch 900: Cost: 0.019255
Epoch 910: Cost: 0.019229
Epoch 920: Cost: 0.019208
Epoch 930: Cost: 0.019187
Epoch 940: Cost: 0.019166
Epoch 950: Cost: 0.019146
Epoch 960: Cost: 0.019126
Epoch 970: Cost: 0.019107
Epoch 980: Cost: 0.019088
Epoch 990: Cost: 0.019070
Epoch 1000: Cost: 0.019053
Optimization complete.
0.08640031404574314
... building model (hdim=20, len(X)=75496, batch_size=75, eps=0.001, eps_factor=0.99)
... training
Epoch 10: Cost: 0.210871
Epoch 20: Cost: 0.189122
Epoch 30: Cost: 0.172895
Epoch 40: Cost: 0.148909
Epoch 50: Cost: 0.123598
Epoch 60: Cost: 0.104123
Epoch 70: Cost: 0.090238
Epoch 80: Cost: 0.080350
Epoch 90: Cost: 0.072699
Epoch 100: Cost: 0.066910
Epoch 110: Cost: 0.062739
Epoch 120: Cost: 0.059598
Epoch 130: Cost: 0.057116
Epoch 140: Cost: 0.055089
Epoch 150: Cost: 0.053392
Epoch 160: Cost: 0.051941
Epoch 170: Cost: 0.050675
Epoch 180: Cost: 0.049549
Epoch 190: Cost: 0.048527
Epoch 200: Cost: 0.047585
Epoch 210: Cost: 0.046709
Epoch 220: Cost: 0.045896
Epoch 230: Cost: 0.045141
Epoch 240: Cost: 0.044446
Epoch 250: Cost: 0.043806
Epoch 260: Cost: 0.043215
Epoch 270: Cost: 0.042669
Epoch 280: Cost: 0.042162
Epoch 290: Cost: 0.041697
Epoch 300: Cost: 0.041277
Epoch 310: Cost: 0.040884
Epoch 320: Cost: 0.040548
Epoch 330: Cost: 0.040246
Epoch 340: Cost: 0.039976
Epoch 350: Cost: 0.039732
Epoch 360: Cost: 0.039511
Epoch 370: Cost: 0.039308
Epoch 380: Cost: 0.039121
Epoch 390: Cost: 0.038950
Epoch 400: Cost: 0.038795
Epoch 410: Cost: 0.038625
Epoch 420: Cost: 0.038501
Epoch 430: Cost: 0.038389
Epoch 440: Cost: 0.038286
Epoch 450: Cost: 0.038188
Epoch 460: Cost: 0.038090
Epoch 470: Cost: 0.037986
Epoch 480: Cost: 0.037863
Epoch 490: Cost: 0.037688
Epoch 500: Cost: 0.037431
Epoch 510: Cost: 0.037118
Epoch 520: Cost: 0.036869
Epoch 530: Cost: 0.036666
Epoch 540: Cost: 0.036501
Epoch 550: Cost: 0.036361
Epoch 560: Cost: 0.036237
Epoch 570: Cost: 0.036122
Epoch 580: Cost: 0.036014
Epoch 590: Cost: 0.035914
Epoch 600: Cost: 0.035827
Epoch 610: Cost: 0.035721
Epoch 620: Cost: 0.035663
Epoch 630: Cost: 0.035619
Epoch 640: Cost: 0.035586
Epoch 650: Cost: 0.035565
Epoch 660: Cost: 0.035553
Epoch 670: Cost: 0.035549
Epoch 680: Cost: 0.030841
Epoch 690: Cost: 0.029612
Epoch 700: Cost: 0.029456
Epoch 710: Cost: 0.029406
Epoch 720: Cost: 0.029373
Epoch 730: Cost: 0.029348
Epoch 740: Cost: 0.029328
Epoch 750: Cost: 0.029312
Epoch 760: Cost: 0.029298
Epoch 770: Cost: 0.029287
Epoch 780: Cost: 0.029279
Epoch 790: Cost: 0.029272
Epoch 800: Cost: 0.029268
Epoch 810: Cost: 0.029261
Epoch 820: Cost: 0.029260
Epoch 830: Cost: 0.029103
Epoch 840: Cost: 0.029025
Epoch 850: Cost: 0.029010
Epoch 860: Cost: 0.029005
Epoch 870: Cost: 0.029001
Epoch 880: Cost: 0.028997
Epoch 890: Cost: 0.028992
Epoch 900: Cost: 0.028988
Epoch 910: Cost: 0.028982
Epoch 920: Cost: 0.028976
Epoch 930: Cost: 0.028970
Epoch 940: Cost: 0.028964
Epoch 950: Cost: 0.028957
Epoch 960: Cost: 0.028950
Epoch 970: Cost: 0.028942
Epoch 980: Cost: 0.028935
Epoch 990: Cost: 0.028927
Epoch 1000: Cost: 0.028918
Optimization complete.
0.089006572205176
... building model (hdim=20, len(X)=150996, batch_size=151, eps=0.001, eps_factor=0.99)
... training
Epoch 10: Cost: 0.211648
Epoch 20: Cost: 0.190562
Epoch 30: Cost: 0.175152
Epoch 40: Cost: 0.153100
Epoch 50: Cost: 0.128997
Epoch 60: Cost: 0.109397
Epoch 70: Cost: 0.095127
Epoch 80: Cost: 0.084967
Epoch 90: Cost: 0.077390
Epoch 100: Cost: 0.071919
Epoch 110: Cost: 0.068006
Epoch 120: Cost: 0.065022
Epoch 130: Cost: 0.062644
Epoch 140: Cost: 0.060699
Epoch 150: Cost: 0.059081
Epoch 160: Cost: 0.057713
Epoch 170: Cost: 0.056534
Epoch 180: Cost: 0.055494
Epoch 190: Cost: 0.054549
Epoch 200: Cost: 0.053666
Epoch 210: Cost: 0.052826
Epoch 220: Cost: 0.052019
Epoch 230: Cost: 0.051239
Epoch 240: Cost: 0.050487
Epoch 250: Cost: 0.049765
Epoch 260: Cost: 0.049079
Epoch 270: Cost: 0.048434
Epoch 280: Cost: 0.047837
Epoch 290: Cost: 0.047290
Epoch 300: Cost: 0.046790
Epoch 310: Cost: 0.046324
Epoch 320: Cost: 0.045901
Epoch 330: Cost: 0.045506
Epoch 340: Cost: 0.045133
Epoch 350: Cost: 0.044776
Epoch 360: Cost: 0.044433
Epoch 370: Cost: 0.044094
Epoch 380: Cost: 0.043756
Epoch 390: Cost: 0.043421
Epoch 400: Cost: 0.043099
Epoch 410: Cost: 0.042792
Epoch 420: Cost: 0.042529
Epoch 430: Cost: 0.042297
Epoch 440: Cost: 0.042090
Epoch 450: Cost: 0.041903
Epoch 460: Cost: 0.041732
Epoch 470: Cost: 0.041572
Epoch 480: Cost: 0.041421
Epoch 490: Cost: 0.041279
Epoch 500: Cost: 0.041145
Epoch 510: Cost: 0.041009
Epoch 520: Cost: 0.040889
Epoch 530: Cost: 0.040773
Epoch 540: Cost: 0.040663
Epoch 550: Cost: 0.040564
Epoch 560: Cost: 0.040478
Epoch 570: Cost: 0.040406
Epoch 580: Cost: 0.040348
Epoch 590: Cost: 0.040303
Epoch 600: Cost: 0.040274
Epoch 610: Cost: 0.040253
Epoch 620: Cost: 0.038634
Epoch 630: Cost: 0.036281
Epoch 640: Cost: 0.035874
Epoch 650: Cost: 0.035797
Epoch 660: Cost: 0.035755
Epoch 670: Cost: 0.035722
Epoch 680: Cost: 0.035693
Epoch 690: Cost: 0.035666
Epoch 700: Cost: 0.035643
Epoch 710: Cost: 0.035619
Epoch 720: Cost: 0.035598
Epoch 730: Cost: 0.035579
Epoch 740: Cost: 0.035560
Epoch 750: Cost: 0.035542
Epoch 760: Cost: 0.035525
Epoch 770: Cost: 0.035510
Epoch 780: Cost: 0.035495
Epoch 790: Cost: 0.035481
Epoch 800: Cost: 0.035469
Epoch 810: Cost: 0.035453
Epoch 820: Cost: 0.035443
Epoch 830: Cost: 0.035435
Epoch 840: Cost: 0.035428
Epoch 850: Cost: 0.035422
Epoch 860: Cost: 0.035418
Epoch 870: Cost: 0.035416
Epoch 880: Cost: 0.035378
Epoch 890: Cost: 0.034986
Epoch 900: Cost: 0.034845
Epoch 910: Cost: 0.034820
Epoch 920: Cost: 0.034812
Epoch 930: Cost: 0.034807
Epoch 940: Cost: 0.034802
Epoch 950: Cost: 0.034798
Epoch 960: Cost: 0.034793
Epoch 970: Cost: 0.034788
Epoch 980: Cost: 0.034782
Epoch 990: Cost: 0.034776
Epoch 1000: Cost: 0.034770
Optimization complete.
