0.05320263551325898
... building model (hdim=20, len(X)=3020, batch_size=3, eps=0.001, eps_factor=0.99)
... training
Epoch 10: Cost: 0.201298
Epoch 20: Cost: 0.164550
Epoch 30: Cost: 0.128358
Epoch 40: Cost: 0.097232
Epoch 50: Cost: 0.074769
Epoch 60: Cost: 0.058733
Epoch 70: Cost: 0.047250
Epoch 80: Cost: 0.038574
Epoch 90: Cost: 0.032047
Epoch 100: Cost: 0.027154
Epoch 110: Cost: 0.023409
Epoch 120: Cost: 0.020387
Epoch 130: Cost: 0.017859
Epoch 140: Cost: 0.015686
Epoch 150: Cost: 0.013793
Epoch 160: Cost: 0.012144
Epoch 170: Cost: 0.010715
Epoch 180: Cost: 0.009476
Epoch 190: Cost: 0.008399
Epoch 200: Cost: 0.007459
Epoch 210: Cost: 0.006647
Epoch 220: Cost: 0.005942
Epoch 230: Cost: 0.005330
Epoch 240: Cost: 0.004800
Epoch 250: Cost: 0.004340
Epoch 260: Cost: 0.003938
Epoch 270: Cost: 0.003585
Epoch 280: Cost: 0.003273
Epoch 290: Cost: 0.002998
Epoch 300: Cost: 0.002753
Epoch 310: Cost: 0.002537
Epoch 320: Cost: 0.002345
Epoch 330: Cost: 0.002173
Epoch 340: Cost: 0.002018
Epoch 350: Cost: 0.001879
Epoch 360: Cost: 0.001753
Epoch 370: Cost: 0.001639
Epoch 380: Cost: 0.001536
Epoch 390: Cost: 0.001441
Epoch 400: Cost: 0.001355
Epoch 410: Cost: 0.001277
Epoch 420: Cost: 0.001206
Epoch 430: Cost: 0.001140
Epoch 440: Cost: 0.001079
Epoch 450: Cost: 0.001023
Epoch 460: Cost: 0.000971
Epoch 470: Cost: 0.000923
Epoch 480: Cost: 0.000878
Epoch 490: Cost: 0.000837
Epoch 500: Cost: 0.000798
Epoch 510: Cost: 0.000763
Epoch 520: Cost: 0.000730
Epoch 530: Cost: 0.000698
Epoch 540: Cost: 0.000669
Epoch 550: Cost: 0.000642
Epoch 560: Cost: 0.000616
Epoch 570: Cost: 0.000592
Epoch 580: Cost: 0.000569
Epoch 590: Cost: 0.000547
Epoch 600: Cost: 0.000527
Epoch 610: Cost: 0.000508
Epoch 620: Cost: 0.000490
Epoch 630: Cost: 0.000473
Epoch 640: Cost: 0.000457
Epoch 650: Cost: 0.000441
Epoch 660: Cost: 0.000427
Epoch 670: Cost: 0.000413
Epoch 680: Cost: 0.000399
Epoch 690: Cost: 0.000387
Epoch 700: Cost: 0.000375
Epoch 710: Cost: 0.000363
Epoch 720: Cost: 0.000352
Epoch 730: Cost: 0.000342
Epoch 740: Cost: 0.000332
Epoch 750: Cost: 0.000323
Epoch 760: Cost: 0.000313
Epoch 770: Cost: 0.000305
Epoch 780: Cost: 0.000296
Epoch 790: Cost: 0.000288
Epoch 800: Cost: 0.000280
Epoch 810: Cost: 0.000273
Epoch 820: Cost: 0.000266
Epoch 830: Cost: 0.000259
Epoch 840: Cost: 0.000253
Epoch 850: Cost: 0.000246
Epoch 860: Cost: 0.000240
Epoch 870: Cost: 0.000234
Epoch 880: Cost: 0.000229
Epoch 890: Cost: 0.000223
Epoch 900: Cost: 0.000218
Epoch 910: Cost: 0.000213
Epoch 920: Cost: 0.000208
Epoch 930: Cost: 0.000203
Epoch 940: Cost: 0.000199
Epoch 950: Cost: 0.000194
Epoch 960: Cost: 0.000190
Epoch 970: Cost: 0.000186
Epoch 980: Cost: 0.000182
Epoch 990: Cost: 0.000178
Epoch 1000: Cost: 0.000174
Optimization complete.
