0.07032223698865828
... building model (hdim=20, len(X)=3020, batch_size=3, eps=0.001, eps_factor=0.99)
... training
Epoch 10: Cost: 0.201642
Epoch 20: Cost: 0.166550
Epoch 30: Cost: 0.136005
Epoch 40: Cost: 0.105958
Epoch 50: Cost: 0.083055
Epoch 60: Cost: 0.066734
Epoch 70: Cost: 0.055082
Epoch 80: Cost: 0.046345
Epoch 90: Cost: 0.039407
Epoch 100: Cost: 0.033701
Epoch 110: Cost: 0.029045
Epoch 120: Cost: 0.025250
Epoch 130: Cost: 0.022146
Epoch 140: Cost: 0.019576
Epoch 150: Cost: 0.017417
Epoch 160: Cost: 0.015575
Epoch 170: Cost: 0.013988
Epoch 180: Cost: 0.012605
Epoch 190: Cost: 0.011383
Epoch 200: Cost: 0.010298
Epoch 210: Cost: 0.009334
Epoch 220: Cost: 0.008471
Epoch 230: Cost: 0.007693
Epoch 240: Cost: 0.006989
Epoch 250: Cost: 0.006354
Epoch 260: Cost: 0.005785
Epoch 270: Cost: 0.005277
Epoch 280: Cost: 0.004823
Epoch 290: Cost: 0.004419
Epoch 300: Cost: 0.004057
Epoch 310: Cost: 0.003735
Epoch 320: Cost: 0.003447
Epoch 330: Cost: 0.003189
Epoch 340: Cost: 0.002957
Epoch 350: Cost: 0.002749
Epoch 360: Cost: 0.002561
Epoch 370: Cost: 0.002391
Epoch 380: Cost: 0.002238
Epoch 390: Cost: 0.002099
Epoch 400: Cost: 0.001973
Epoch 410: Cost: 0.001860
Epoch 420: Cost: 0.001756
Epoch 430: Cost: 0.001662
Epoch 440: Cost: 0.001576
Epoch 450: Cost: 0.001497
Epoch 460: Cost: 0.001424
Epoch 470: Cost: 0.001357
Epoch 480: Cost: 0.001296
Epoch 490: Cost: 0.001239
Epoch 500: Cost: 0.001186
Epoch 510: Cost: 0.001138
Epoch 520: Cost: 0.001093
Epoch 530: Cost: 0.001051
Epoch 540: Cost: 0.001013
Epoch 550: Cost: 0.000977
Epoch 560: Cost: 0.000943
Epoch 570: Cost: 0.000911
Epoch 580: Cost: 0.000882
Epoch 590: Cost: 0.000854
Epoch 600: Cost: 0.000828
Epoch 610: Cost: 0.000804
Epoch 620: Cost: 0.000781
Epoch 630: Cost: 0.000759
Epoch 640: Cost: 0.000739
Epoch 650: Cost: 0.000720
Epoch 660: Cost: 0.000702
Epoch 670: Cost: 0.000684
Epoch 680: Cost: 0.000668
Epoch 690: Cost: 0.000652
Epoch 700: Cost: 0.000637
Epoch 710: Cost: 0.000623
Epoch 720: Cost: 0.000610
Epoch 730: Cost: 0.000597
Epoch 740: Cost: 0.000585
Epoch 750: Cost: 0.000574
Epoch 760: Cost: 0.000562
Epoch 770: Cost: 0.000552
Epoch 780: Cost: 0.000542
Epoch 790: Cost: 0.000532
Epoch 800: Cost: 0.000523
Epoch 810: Cost: 0.000514
Epoch 820: Cost: 0.000505
Epoch 830: Cost: 0.000497
Epoch 840: Cost: 0.000489
Epoch 850: Cost: 0.000482
Epoch 860: Cost: 0.000474
Epoch 870: Cost: 0.000468
Epoch 880: Cost: 0.000461
Epoch 890: Cost: 0.000454
Epoch 900: Cost: 0.000448
Epoch 910: Cost: 0.000442
Epoch 920: Cost: 0.000437
Epoch 930: Cost: 0.000431
Epoch 940: Cost: 0.000426
Epoch 950: Cost: 0.000421
Epoch 960: Cost: 0.000416
Epoch 970: Cost: 0.000411
Epoch 980: Cost: 0.000406
Epoch 990: Cost: 0.000402
Epoch 1000: Cost: 0.000398
Optimization complete.
