0.1075771836799726
... building model (hdim=20, len(X)=3020, batch_size=3, eps=0.1, eps_factor=0.99)
... training
Epoch 10: Cost: 0.110725
Epoch 20: Cost: 0.108928
Epoch 30: Cost: 0.108242
Epoch 40: Cost: 0.107940
Epoch 50: Cost: 0.107784
Epoch 60: Cost: 0.107731
Epoch 70: Cost: 0.107714
Epoch 80: Cost: 0.107617
Epoch 90: Cost: 0.107610
Epoch 100: Cost: 0.107606
Epoch 110: Cost: 0.107603
Epoch 120: Cost: 0.107600
Epoch 130: Cost: 0.107597
Epoch 140: Cost: 0.107594
Epoch 150: Cost: 0.107591
Epoch 160: Cost: 0.107589
Epoch 170: Cost: 0.107587
Epoch 180: Cost: 0.107586
Epoch 190: Cost: 0.107585
Epoch 200: Cost: 0.107585
Epoch 210: Cost: 0.107584
Epoch 220: Cost: 0.107579
Epoch 230: Cost: 0.107578
Epoch 240: Cost: 0.107578
Epoch 250: Cost: 0.107578
Epoch 260: Cost: 0.107578
Epoch 270: Cost: 0.107578
Epoch 280: Cost: 0.107578
Epoch 290: Cost: 0.107578
Epoch 300: Cost: 0.107578
Epoch 310: Cost: 0.107578
Epoch 320: Cost: 0.107578
Epoch 330: Cost: 0.107578
Epoch 340: Cost: 0.107578
Epoch 350: Cost: 0.107578
Epoch 360: Cost: 0.107577
Epoch 370: Cost: 0.107577
Epoch 380: Cost: 0.107577
Epoch 390: Cost: 0.107577
Epoch 400: Cost: 0.107577
Epoch 410: Cost: 0.107577
Epoch 420: Cost: 0.107577
Epoch 430: Cost: 0.107577
Epoch 440: Cost: 0.107577
Epoch 450: Cost: 0.107577
Optimization complete.
