0.07100747274173339
... building model (hdim=20, len(X)=30200, batch_size=30, eps=0.001, eps_factor=0.99)
... training
Epoch 10: Cost: 0.204194
Epoch 20: Cost: 0.171798
Epoch 30: Cost: 0.143514
Epoch 40: Cost: 0.113868
Epoch 50: Cost: 0.091417
Epoch 60: Cost: 0.075105
Epoch 70: Cost: 0.062797
Epoch 80: Cost: 0.053769
Epoch 90: Cost: 0.047067
Epoch 100: Cost: 0.041757
Epoch 110: Cost: 0.037540
Epoch 120: Cost: 0.034241
Epoch 130: Cost: 0.031680
Epoch 140: Cost: 0.029654
Epoch 150: Cost: 0.027999
Epoch 160: Cost: 0.026607
Epoch 170: Cost: 0.025410
Epoch 180: Cost: 0.024368
Epoch 190: Cost: 0.023451
Epoch 200: Cost: 0.022638
Epoch 210: Cost: 0.021915
Epoch 220: Cost: 0.021258
Epoch 230: Cost: 0.020651
Epoch 240: Cost: 0.020083
Epoch 250: Cost: 0.019546
Epoch 260: Cost: 0.019040
Epoch 270: Cost: 0.018568
Epoch 280: Cost: 0.018131
Epoch 290: Cost: 0.017730
Epoch 300: Cost: 0.017365
Epoch 310: Cost: 0.017033
Epoch 320: Cost: 0.016732
Epoch 330: Cost: 0.016454
Epoch 340: Cost: 0.016197
Epoch 350: Cost: 0.015957
Epoch 360: Cost: 0.015732
Epoch 370: Cost: 0.015519
Epoch 380: Cost: 0.015318
Epoch 390: Cost: 0.015125
Epoch 400: Cost: 0.014942
Epoch 410: Cost: 0.014764
Epoch 420: Cost: 0.014596
Epoch 430: Cost: 0.014434
Epoch 440: Cost: 0.014278
Epoch 450: Cost: 0.014128
Epoch 460: Cost: 0.013982
Epoch 470: Cost: 0.013842
Epoch 480: Cost: 0.013706
Epoch 490: Cost: 0.013574
Epoch 500: Cost: 0.013447
Epoch 510: Cost: 0.013322
Epoch 520: Cost: 0.013204
Epoch 530: Cost: 0.013090
Epoch 540: Cost: 0.012980
Epoch 550: Cost: 0.012875
Epoch 560: Cost: 0.012774
Epoch 570: Cost: 0.012678
Epoch 580: Cost: 0.012586
Epoch 590: Cost: 0.012499
Epoch 600: Cost: 0.012416
Epoch 610: Cost: 0.012330
Epoch 620: Cost: 0.012255
Epoch 630: Cost: 0.012184
Epoch 640: Cost: 0.012116
Epoch 650: Cost: 0.012052
Epoch 660: Cost: 0.011991
Epoch 670: Cost: 0.011933
Epoch 680: Cost: 0.011877
Epoch 690: Cost: 0.011822
Epoch 700: Cost: 0.011769
Epoch 710: Cost: 0.011701
Epoch 720: Cost: 0.011646
Epoch 730: Cost: 0.011589
Epoch 740: Cost: 0.011530
Epoch 750: Cost: 0.011467
Epoch 760: Cost: 0.011401
Epoch 770: Cost: 0.011330
Epoch 780: Cost: 0.011255
Epoch 790: Cost: 0.011175
Epoch 800: Cost: 0.011093
Epoch 810: Cost: 0.011002
Epoch 820: Cost: 0.010924
Epoch 830: Cost: 0.010850
Epoch 840: Cost: 0.010781
Epoch 850: Cost: 0.010717
Epoch 860: Cost: 0.010658
Epoch 870: Cost: 0.010603
Epoch 880: Cost: 0.010551
Epoch 890: Cost: 0.010503
Epoch 900: Cost: 0.010458
Epoch 910: Cost: 0.009710
Epoch 920: Cost: 0.009452
Epoch 930: Cost: 0.009383
Epoch 940: Cost: 0.009351
Epoch 950: Cost: 0.009332
Epoch 960: Cost: 0.009317
Epoch 970: Cost: 0.009305
Epoch 980: Cost: 0.009294
Epoch 990: Cost: 0.009284
Epoch 1000: Cost: 0.009275
Optimization complete.
