0.05329600623150483
... building model (hdim=20, len(X)=30200, batch_size=30, eps=0.001, eps_factor=0.99)
... training
Epoch 10: Cost: 0.205351
Epoch 20: Cost: 0.172526
Epoch 30: Cost: 0.137174
Epoch 40: Cost: 0.104898
Epoch 50: Cost: 0.081316
Epoch 60: Cost: 0.064637
Epoch 70: Cost: 0.053207
Epoch 80: Cost: 0.044741
Epoch 90: Cost: 0.038632
Epoch 100: Cost: 0.034494
Epoch 110: Cost: 0.031604
Epoch 120: Cost: 0.029399
Epoch 130: Cost: 0.027614
Epoch 140: Cost: 0.026116
Epoch 150: Cost: 0.024831
Epoch 160: Cost: 0.023710
Epoch 170: Cost: 0.022721
Epoch 180: Cost: 0.021836
Epoch 190: Cost: 0.021036
Epoch 200: Cost: 0.020304
Epoch 210: Cost: 0.019635
Epoch 220: Cost: 0.019014
Epoch 230: Cost: 0.018434
Epoch 240: Cost: 0.017891
Epoch 250: Cost: 0.017382
Epoch 260: Cost: 0.016905
Epoch 270: Cost: 0.016461
Epoch 280: Cost: 0.016049
Epoch 290: Cost: 0.015667
Epoch 300: Cost: 0.015313
Epoch 310: Cost: 0.014985
Epoch 320: Cost: 0.014679
Epoch 330: Cost: 0.014392
Epoch 340: Cost: 0.014121
Epoch 350: Cost: 0.013866
Epoch 360: Cost: 0.013624
Epoch 370: Cost: 0.013395
Epoch 380: Cost: 0.013177
Epoch 390: Cost: 0.012970
Epoch 400: Cost: 0.012772
Epoch 410: Cost: 0.012581
Epoch 420: Cost: 0.012401
Epoch 430: Cost: 0.012228
Epoch 440: Cost: 0.012061
Epoch 450: Cost: 0.011898
Epoch 460: Cost: 0.011741
Epoch 470: Cost: 0.011588
Epoch 480: Cost: 0.011441
Epoch 490: Cost: 0.011301
Epoch 500: Cost: 0.011168
Epoch 510: Cost: 0.011036
Epoch 520: Cost: 0.010919
Epoch 530: Cost: 0.010809
Epoch 540: Cost: 0.010707
Epoch 550: Cost: 0.010612
Epoch 560: Cost: 0.010524
Epoch 570: Cost: 0.010442
Epoch 580: Cost: 0.010366
Epoch 590: Cost: 0.010295
Epoch 600: Cost: 0.010231
Epoch 610: Cost: 0.010154
Epoch 620: Cost: 0.010099
Epoch 630: Cost: 0.010049
Epoch 640: Cost: 0.010004
Epoch 650: Cost: 0.009963
Epoch 660: Cost: 0.009926
Epoch 670: Cost: 0.009893
Epoch 680: Cost: 0.009865
Epoch 690: Cost: 0.009839
Epoch 700: Cost: 0.009818
Epoch 710: Cost: 0.009769
Epoch 720: Cost: 0.009753
Epoch 730: Cost: 0.009740
Epoch 740: Cost: 0.009730
Epoch 750: Cost: 0.009723
Epoch 760: Cost: 0.009718
Epoch 770: Cost: 0.009716
Epoch 780: Cost: 0.009478
Epoch 790: Cost: 0.008744
Epoch 800: Cost: 0.008468
Epoch 810: Cost: 0.008403
Epoch 820: Cost: 0.008377
Epoch 830: Cost: 0.008358
Epoch 840: Cost: 0.008341
Epoch 850: Cost: 0.008326
Epoch 860: Cost: 0.008313
Epoch 870: Cost: 0.008300
Epoch 880: Cost: 0.008288
Epoch 890: Cost: 0.008276
Epoch 900: Cost: 0.008265
Epoch 910: Cost: 0.008254
Epoch 920: Cost: 0.008243
Epoch 930: Cost: 0.008232
Epoch 940: Cost: 0.008222
Epoch 950: Cost: 0.008212
Epoch 960: Cost: 0.008202
Epoch 970: Cost: 0.008191
Epoch 980: Cost: 0.008181
Epoch 990: Cost: 0.008171
Epoch 1000: Cost: 0.008160
Optimization complete.
