0.05362648509498643
... building model (hdim=20, len(X)=7550, batch_size=8, eps=0.001, eps_factor=0.99)
... training
Epoch 10: Cost: 0.204740
Epoch 20: Cost: 0.171082
Epoch 30: Cost: 0.137585
Epoch 40: Cost: 0.106181
Epoch 50: Cost: 0.082714
Epoch 60: Cost: 0.065624
Epoch 70: Cost: 0.053928
Epoch 80: Cost: 0.045388
Epoch 90: Cost: 0.038803
Epoch 100: Cost: 0.033864
Epoch 110: Cost: 0.030255
Epoch 120: Cost: 0.027486
Epoch 130: Cost: 0.025250
Epoch 140: Cost: 0.023373
Epoch 150: Cost: 0.021768
Epoch 160: Cost: 0.020378
Epoch 170: Cost: 0.019159
Epoch 180: Cost: 0.018076
Epoch 190: Cost: 0.017106
Epoch 200: Cost: 0.016229
Epoch 210: Cost: 0.015434
Epoch 220: Cost: 0.014703
Epoch 230: Cost: 0.014025
Epoch 240: Cost: 0.013393
Epoch 250: Cost: 0.012804
Epoch 260: Cost: 0.012259
Epoch 270: Cost: 0.011756
Epoch 280: Cost: 0.011292
Epoch 290: Cost: 0.010864
Epoch 300: Cost: 0.010465
Epoch 310: Cost: 0.010092
Epoch 320: Cost: 0.009743
Epoch 330: Cost: 0.009414
Epoch 340: Cost: 0.009104
Epoch 350: Cost: 0.008811
Epoch 360: Cost: 0.008533
Epoch 370: Cost: 0.008270
Epoch 380: Cost: 0.008019
Epoch 390: Cost: 0.007780
Epoch 400: Cost: 0.007553
Epoch 410: Cost: 0.007334
Epoch 420: Cost: 0.007130
Epoch 430: Cost: 0.006935
Epoch 440: Cost: 0.006750
Epoch 450: Cost: 0.006573
Epoch 460: Cost: 0.006403
Epoch 470: Cost: 0.006241
Epoch 480: Cost: 0.006085
Epoch 490: Cost: 0.005934
Epoch 500: Cost: 0.005789
Epoch 510: Cost: 0.005645
Epoch 520: Cost: 0.005509
Epoch 530: Cost: 0.005376
Epoch 540: Cost: 0.005246
Epoch 550: Cost: 0.005118
Epoch 560: Cost: 0.004992
Epoch 570: Cost: 0.004870
Epoch 580: Cost: 0.004752
Epoch 590: Cost: 0.004639
Epoch 600: Cost: 0.004529
Epoch 610: Cost: 0.004421
Epoch 620: Cost: 0.004320
Epoch 630: Cost: 0.004221
Epoch 640: Cost: 0.004126
Epoch 650: Cost: 0.004034
Epoch 660: Cost: 0.003944
Epoch 670: Cost: 0.003857
Epoch 680: Cost: 0.003771
Epoch 690: Cost: 0.003688
Epoch 700: Cost: 0.003607
Epoch 710: Cost: 0.003525
Epoch 720: Cost: 0.003448
Epoch 730: Cost: 0.003372
Epoch 740: Cost: 0.003298
Epoch 750: Cost: 0.003225
Epoch 760: Cost: 0.003155
Epoch 770: Cost: 0.003086
Epoch 780: Cost: 0.003018
Epoch 790: Cost: 0.002953
Epoch 800: Cost: 0.002889
Epoch 810: Cost: 0.002825
Epoch 820: Cost: 0.002765
Epoch 830: Cost: 0.002706
Epoch 840: Cost: 0.002650
Epoch 850: Cost: 0.002594
Epoch 860: Cost: 0.002541
Epoch 870: Cost: 0.002488
Epoch 880: Cost: 0.002437
Epoch 890: Cost: 0.002387
Epoch 900: Cost: 0.002339
Epoch 910: Cost: 0.002289
Epoch 920: Cost: 0.002244
Epoch 930: Cost: 0.002200
Epoch 940: Cost: 0.002157
Epoch 950: Cost: 0.002115
Epoch 960: Cost: 0.002075
Epoch 970: Cost: 0.002036
Epoch 980: Cost: 0.001998
Epoch 990: Cost: 0.001965
Epoch 1000: Cost: 0.001946
Optimization complete.
