0.07122474267022322
... building model (hdim=20, len(X)=7550, batch_size=8, eps=0.001, eps_factor=0.99)
... training
Epoch 10: Cost: 0.205499
Epoch 20: Cost: 0.173958
Epoch 30: Cost: 0.146428
Epoch 40: Cost: 0.117119
Epoch 50: Cost: 0.094023
Epoch 60: Cost: 0.076649
Epoch 70: Cost: 0.063516
Epoch 80: Cost: 0.053899
Epoch 90: Cost: 0.046603
Epoch 100: Cost: 0.040692
Epoch 110: Cost: 0.035935
Epoch 120: Cost: 0.032181
Epoch 130: Cost: 0.029235
Epoch 140: Cost: 0.026878
Epoch 150: Cost: 0.024938
Epoch 160: Cost: 0.023297
Epoch 170: Cost: 0.021876
Epoch 180: Cost: 0.020619
Epoch 190: Cost: 0.019491
Epoch 200: Cost: 0.018470
Epoch 210: Cost: 0.017548
Epoch 220: Cost: 0.016712
Epoch 230: Cost: 0.015955
Epoch 240: Cost: 0.015269
Epoch 250: Cost: 0.014644
Epoch 260: Cost: 0.014073
Epoch 270: Cost: 0.013544
Epoch 280: Cost: 0.013049
Epoch 290: Cost: 0.012578
Epoch 300: Cost: 0.012125
Epoch 310: Cost: 0.011692
Epoch 320: Cost: 0.011285
Epoch 330: Cost: 0.010901
Epoch 340: Cost: 0.010538
Epoch 350: Cost: 0.010198
Epoch 360: Cost: 0.009878
Epoch 370: Cost: 0.009577
Epoch 380: Cost: 0.009294
Epoch 390: Cost: 0.009026
Epoch 400: Cost: 0.008772
Epoch 410: Cost: 0.008530
Epoch 420: Cost: 0.008302
Epoch 430: Cost: 0.008083
Epoch 440: Cost: 0.007873
Epoch 450: Cost: 0.007669
Epoch 460: Cost: 0.007470
Epoch 470: Cost: 0.007275
Epoch 480: Cost: 0.007084
Epoch 490: Cost: 0.006896
Epoch 500: Cost: 0.006712
Epoch 510: Cost: 0.006529
Epoch 520: Cost: 0.006357
Epoch 530: Cost: 0.006191
Epoch 540: Cost: 0.006032
Epoch 550: Cost: 0.005879
Epoch 560: Cost: 0.005733
Epoch 570: Cost: 0.005592
Epoch 580: Cost: 0.005456
Epoch 590: Cost: 0.005325
Epoch 600: Cost: 0.005199
Epoch 610: Cost: 0.005073
Epoch 620: Cost: 0.004955
Epoch 630: Cost: 0.004843
Epoch 640: Cost: 0.004736
Epoch 650: Cost: 0.004632
Epoch 660: Cost: 0.004533
Epoch 670: Cost: 0.004438
Epoch 680: Cost: 0.004348
Epoch 690: Cost: 0.004261
Epoch 700: Cost: 0.004179
Epoch 710: Cost: 0.004100
Epoch 720: Cost: 0.004028
Epoch 730: Cost: 0.003959
Epoch 740: Cost: 0.003895
Epoch 750: Cost: 0.003835
Epoch 760: Cost: 0.003778
Epoch 770: Cost: 0.003723
Epoch 780: Cost: 0.003669
Epoch 790: Cost: 0.003617
Epoch 800: Cost: 0.003564
Epoch 810: Cost: 0.003517
Epoch 820: Cost: 0.003461
Epoch 830: Cost: 0.003402
Epoch 840: Cost: 0.003342
Epoch 850: Cost: 0.003281
Epoch 860: Cost: 0.003219
Epoch 870: Cost: 0.003156
Epoch 880: Cost: 0.003095
Epoch 890: Cost: 0.003034
Epoch 900: Cost: 0.002975
Epoch 910: Cost: 0.002926
Epoch 920: Cost: 0.002869
Epoch 930: Cost: 0.002812
Epoch 940: Cost: 0.002757
Epoch 950: Cost: 0.002703
Epoch 960: Cost: 0.002649
Epoch 970: Cost: 0.002594
Epoch 980: Cost: 0.002535
Epoch 990: Cost: 0.002472
Epoch 1000: Cost: 0.002403
Optimization complete.
