0.0713265276314962
... building model (hdim=20, len(X)=75500, batch_size=76, eps=0.001, eps_factor=0.99)
... training
Epoch 10: Cost: 0.205093
Epoch 20: Cost: 0.173328
Epoch 30: Cost: 0.145225
Epoch 40: Cost: 0.115323
Epoch 50: Cost: 0.092673
Epoch 60: Cost: 0.076408
Epoch 70: Cost: 0.064085
Epoch 80: Cost: 0.054922
Epoch 90: Cost: 0.048086
Epoch 100: Cost: 0.042674
Epoch 110: Cost: 0.038382
Epoch 120: Cost: 0.035033
Epoch 130: Cost: 0.032451
Epoch 140: Cost: 0.030432
Epoch 150: Cost: 0.028809
Epoch 160: Cost: 0.027469
Epoch 170: Cost: 0.026337
Epoch 180: Cost: 0.025365
Epoch 190: Cost: 0.024518
Epoch 200: Cost: 0.023773
Epoch 210: Cost: 0.023114
Epoch 220: Cost: 0.022523
Epoch 230: Cost: 0.021988
Epoch 240: Cost: 0.021500
Epoch 250: Cost: 0.021052
Epoch 260: Cost: 0.020638
Epoch 270: Cost: 0.020251
Epoch 280: Cost: 0.019888
Epoch 290: Cost: 0.019542
Epoch 300: Cost: 0.019210
Epoch 310: Cost: 0.018889
Epoch 320: Cost: 0.018575
Epoch 330: Cost: 0.018263
Epoch 340: Cost: 0.017953
Epoch 350: Cost: 0.017645
Epoch 360: Cost: 0.017343
Epoch 370: Cost: 0.017051
Epoch 380: Cost: 0.016775
Epoch 390: Cost: 0.016515
Epoch 400: Cost: 0.016273
Epoch 410: Cost: 0.016046
Epoch 420: Cost: 0.015834
Epoch 430: Cost: 0.015634
Epoch 440: Cost: 0.015444
Epoch 450: Cost: 0.015264
Epoch 460: Cost: 0.015092
Epoch 470: Cost: 0.014927
Epoch 480: Cost: 0.014770
Epoch 490: Cost: 0.014619
Epoch 500: Cost: 0.014475
Epoch 510: Cost: 0.014337
Epoch 520: Cost: 0.014205
Epoch 530: Cost: 0.014078
Epoch 540: Cost: 0.013955
Epoch 550: Cost: 0.013837
Epoch 560: Cost: 0.013723
Epoch 570: Cost: 0.013614
Epoch 580: Cost: 0.013508
Epoch 590: Cost: 0.013407
Epoch 600: Cost: 0.013310
Epoch 610: Cost: 0.013215
Epoch 620: Cost: 0.013125
Epoch 630: Cost: 0.013040
Epoch 640: Cost: 0.012958
Epoch 650: Cost: 0.012880
Epoch 660: Cost: 0.012805
Epoch 670: Cost: 0.012734
Epoch 680: Cost: 0.012665
Epoch 690: Cost: 0.012599
Epoch 700: Cost: 0.012535
Epoch 710: Cost: 0.012469
Epoch 720: Cost: 0.012410
Epoch 730: Cost: 0.012352
Epoch 740: Cost: 0.012296
Epoch 750: Cost: 0.012240
Epoch 760: Cost: 0.012186
Epoch 770: Cost: 0.012132
Epoch 780: Cost: 0.012079
Epoch 790: Cost: 0.012026
Epoch 800: Cost: 0.011974
Epoch 810: Cost: 0.011919
Epoch 820: Cost: 0.011868
Epoch 830: Cost: 0.011817
Epoch 840: Cost: 0.011766
Epoch 850: Cost: 0.011715
Epoch 860: Cost: 0.011664
Epoch 870: Cost: 0.011614
Epoch 880: Cost: 0.011564
Epoch 890: Cost: 0.011515
Epoch 900: Cost: 0.011466
Epoch 910: Cost: 0.011420
Epoch 920: Cost: 0.011374
Epoch 930: Cost: 0.011329
Epoch 940: Cost: 0.011286
Epoch 950: Cost: 0.011244
Epoch 960: Cost: 0.011205
Epoch 970: Cost: 0.011166
Epoch 980: Cost: 0.011130
Epoch 990: Cost: 0.011095
Epoch 1000: Cost: 0.011062
Optimization complete.
