0.05339577061486326
... building model (hdim=20, len(X)=75500, batch_size=76, eps=0.001, eps_factor=0.99)
... training
Epoch 10: Cost: 0.205612
Epoch 20: Cost: 0.173093
Epoch 30: Cost: 0.138197
Epoch 40: Cost: 0.106151
Epoch 50: Cost: 0.082514
Epoch 60: Cost: 0.065726
Epoch 70: Cost: 0.054486
Epoch 80: Cost: 0.046252
Epoch 90: Cost: 0.040043
Epoch 100: Cost: 0.035717
Epoch 110: Cost: 0.032762
Epoch 120: Cost: 0.030559
Epoch 130: Cost: 0.028790
Epoch 140: Cost: 0.027296
Epoch 150: Cost: 0.025994
Epoch 160: Cost: 0.024840
Epoch 170: Cost: 0.023806
Epoch 180: Cost: 0.022871
Epoch 190: Cost: 0.022020
Epoch 200: Cost: 0.021234
Epoch 210: Cost: 0.020509
Epoch 220: Cost: 0.019829
Epoch 230: Cost: 0.019194
Epoch 240: Cost: 0.018605
Epoch 250: Cost: 0.018061
Epoch 260: Cost: 0.017561
Epoch 270: Cost: 0.017101
Epoch 280: Cost: 0.016676
Epoch 290: Cost: 0.016283
Epoch 300: Cost: 0.015918
Epoch 310: Cost: 0.015578
Epoch 320: Cost: 0.015259
Epoch 330: Cost: 0.014957
Epoch 340: Cost: 0.014669
Epoch 350: Cost: 0.014395
Epoch 360: Cost: 0.014131
Epoch 370: Cost: 0.013878
Epoch 380: Cost: 0.013636
Epoch 390: Cost: 0.013403
Epoch 400: Cost: 0.013181
Epoch 410: Cost: 0.012970
Epoch 420: Cost: 0.012770
Epoch 430: Cost: 0.012581
Epoch 440: Cost: 0.012400
Epoch 450: Cost: 0.012229
Epoch 460: Cost: 0.012066
Epoch 470: Cost: 0.011911
Epoch 480: Cost: 0.011764
Epoch 490: Cost: 0.011624
Epoch 500: Cost: 0.011490
Epoch 510: Cost: 0.011360
Epoch 520: Cost: 0.011240
Epoch 530: Cost: 0.011124
Epoch 540: Cost: 0.011014
Epoch 550: Cost: 0.010909
Epoch 560: Cost: 0.010808
Epoch 570: Cost: 0.010712
Epoch 580: Cost: 0.010620
Epoch 590: Cost: 0.010532
Epoch 600: Cost: 0.010448
Epoch 610: Cost: 0.010362
Epoch 620: Cost: 0.010285
Epoch 630: Cost: 0.010212
Epoch 640: Cost: 0.010142
Epoch 650: Cost: 0.010075
Epoch 660: Cost: 0.010011
Epoch 670: Cost: 0.009950
Epoch 680: Cost: 0.009891
Epoch 690: Cost: 0.009836
Epoch 700: Cost: 0.009783
Epoch 710: Cost: 0.009723
Epoch 720: Cost: 0.009675
Epoch 730: Cost: 0.009629
Epoch 740: Cost: 0.009585
Epoch 750: Cost: 0.009544
Epoch 760: Cost: 0.009504
Epoch 770: Cost: 0.009467
Epoch 780: Cost: 0.009431
Epoch 790: Cost: 0.009398
Epoch 800: Cost: 0.009366
Epoch 810: Cost: 0.009322
Epoch 820: Cost: 0.009293
Epoch 830: Cost: 0.009266
Epoch 840: Cost: 0.009241
Epoch 850: Cost: 0.009217
Epoch 860: Cost: 0.009194
Epoch 870: Cost: 0.009173
Epoch 880: Cost: 0.009153
Epoch 890: Cost: 0.009135
Epoch 900: Cost: 0.009118
Epoch 910: Cost: 0.009084
Epoch 920: Cost: 0.009069
Epoch 930: Cost: 0.009056
Epoch 940: Cost: 0.009043
Epoch 950: Cost: 0.009030
Epoch 960: Cost: 0.009019
Epoch 970: Cost: 0.009008
Epoch 980: Cost: 0.008997
Epoch 990: Cost: 0.008987
Epoch 1000: Cost: 0.008976
Optimization complete.
