... building model (hdim=20, len(X)=1257, batch_size=20, eps=0.01, eps_factor=1.0)
... training
Epoch 10: Cost: 0.212956
Epoch 20: Cost: 0.146918
Epoch 30: Cost: 0.082899
Epoch 40: Cost: 0.050382
Epoch 50: Cost: 0.035192
Epoch 60: Cost: 0.027763
Epoch 70: Cost: 0.023645
Epoch 80: Cost: 0.021110
Epoch 90: Cost: 0.019446
Epoch 100: Cost: 0.018315
Epoch 110: Cost: 0.017522
Epoch 120: Cost: 0.016946
Epoch 130: Cost: 0.016509
Epoch 140: Cost: 0.016163
Epoch 150: Cost: 0.015878
Epoch 160: Cost: 0.015636
Epoch 170: Cost: 0.015427
Epoch 180: Cost: 0.015244
Epoch 190: Cost: 0.015082
Epoch 200: Cost: 0.014938
Epoch 210: Cost: 0.014810
Epoch 220: Cost: 0.014695
Epoch 230: Cost: 0.014594
Epoch 240: Cost: 0.014503
Epoch 250: Cost: 0.014423
Epoch 260: Cost: 0.014351
Epoch 270: Cost: 0.014287
Epoch 280: Cost: 0.014229
Epoch 290: Cost: 0.014178
Epoch 300: Cost: 0.014132
Epoch 310: Cost: 0.014091
Epoch 320: Cost: 0.014054
Epoch 330: Cost: 0.014021
Epoch 340: Cost: 0.013992
Epoch 350: Cost: 0.013965
Epoch 360: Cost: 0.013941
Epoch 370: Cost: 0.013920
Epoch 380: Cost: 0.013900
Epoch 390: Cost: 0.013882
Epoch 400: Cost: 0.013866
Epoch 410: Cost: 0.013851
Epoch 420: Cost: 0.013837
Epoch 430: Cost: 0.013824
Epoch 440: Cost: 0.013812
Epoch 450: Cost: 0.013802
Epoch 460: Cost: 0.013792
Epoch 470: Cost: 0.013782
Epoch 480: Cost: 0.013774
Epoch 490: Cost: 0.013766
Epoch 500: Cost: 0.013758
Epoch 510: Cost: 0.013751
Epoch 520: Cost: 0.013744
Epoch 530: Cost: 0.013738
Epoch 540: Cost: 0.013732
Epoch 550: Cost: 0.013727
Epoch 560: Cost: 0.013721
Epoch 570: Cost: 0.013716
Epoch 580: Cost: 0.013712
Epoch 590: Cost: 0.013707
Epoch 600: Cost: 0.013703
Epoch 610: Cost: 0.013699
Epoch 620: Cost: 0.013695
Epoch 630: Cost: 0.013691
Epoch 640: Cost: 0.013687
Epoch 650: Cost: 0.013683
Epoch 660: Cost: 0.013680
Epoch 670: Cost: 0.013676
Epoch 680: Cost: 0.013672
Epoch 690: Cost: 0.013669
Epoch 700: Cost: 0.013665
Epoch 710: Cost: 0.013661
Epoch 720: Cost: 0.013658
Epoch 730: Cost: 0.013654
Epoch 740: Cost: 0.013650
Epoch 750: Cost: 0.013647
Epoch 760: Cost: 0.013643
Epoch 770: Cost: 0.013639
Epoch 780: Cost: 0.013635
Epoch 790: Cost: 0.013631
Epoch 800: Cost: 0.013627
Epoch 810: Cost: 0.013622
Epoch 820: Cost: 0.013617
Epoch 830: Cost: 0.013612
Epoch 840: Cost: 0.013607
Epoch 850: Cost: 0.013602
Epoch 860: Cost: 0.013597
Epoch 870: Cost: 0.013593
Epoch 880: Cost: 0.013588
Epoch 890: Cost: 0.013584
Epoch 900: Cost: 0.013581
Epoch 910: Cost: 0.013577
Epoch 920: Cost: 0.013574
Epoch 930: Cost: 0.013571
Epoch 940: Cost: 0.013568
Epoch 950: Cost: 0.013565
Epoch 960: Cost: 0.013562
Epoch 970: Cost: 0.013560
Epoch 980: Cost: 0.013557
Epoch 990: Cost: 0.013555
Epoch 1000: Cost: 0.013553
Optimization complete.
Counter({1: 186, 4: 183, 9: 182, 3: 181, 6: 181, 5: 180, 0: 178, 2: 177, 7: 177, 8: 172})
Training accuracy: 0.991652754590985
