0.07608114594084817
... building model (hdim=20, len(X)=51, batch_size=1, eps=0.001, eps_factor=0.99)
... training
Epoch 10: Cost: 0.343655
Epoch 20: Cost: 0.339995
Epoch 30: Cost: 0.337533
Epoch 40: Cost: 0.336107
Epoch 50: Cost: 0.335307
Epoch 60: Cost: 0.334710
Epoch 70: Cost: 0.334088
Epoch 80: Cost: 0.333335
Epoch 90: Cost: 0.332322
Epoch 100: Cost: 0.330787
Epoch 110: Cost: 0.328174
Epoch 120: Cost: 0.323212
Epoch 130: Cost: 0.313475
Epoch 140: Cost: 0.295569
Epoch 150: Cost: 0.267034
Epoch 160: Cost: 0.230478
Epoch 170: Cost: 0.194615
Epoch 180: Cost: 0.165922
Epoch 190: Cost: 0.144814
Epoch 200: Cost: 0.129289
Epoch 210: Cost: 0.117600
Epoch 220: Cost: 0.108378
Epoch 230: Cost: 0.100775
Epoch 240: Cost: 0.094145
Epoch 250: Cost: 0.087937
Epoch 260: Cost: 0.081905
Epoch 270: Cost: 0.076286
Epoch 280: Cost: 0.071245
Epoch 290: Cost: 0.066706
Epoch 300: Cost: 0.062582
Epoch 310: Cost: 0.058844
Epoch 320: Cost: 0.055427
Epoch 330: Cost: 0.052295
Epoch 340: Cost: 0.049426
Epoch 350: Cost: 0.046804
Epoch 360: Cost: 0.044409
Epoch 370: Cost: 0.042225
Epoch 380: Cost: 0.040235
Epoch 390: Cost: 0.038420
Epoch 400: Cost: 0.036763
Epoch 410: Cost: 0.035257
Epoch 420: Cost: 0.033878
Epoch 430: Cost: 0.032604
Epoch 440: Cost: 0.031419
Epoch 450: Cost: 0.030307
Epoch 460: Cost: 0.029252
Epoch 470: Cost: 0.028242
Epoch 480: Cost: 0.027263
Epoch 490: Cost: 0.026306
Epoch 500: Cost: 0.025361
Epoch 510: Cost: 0.024430
Epoch 520: Cost: 0.023509
Epoch 530: Cost: 0.022590
Epoch 540: Cost: 0.021676
Epoch 550: Cost: 0.020768
Epoch 560: Cost: 0.019868
Epoch 570: Cost: 0.018981
Epoch 580: Cost: 0.018110
Epoch 590: Cost: 0.017259
Epoch 600: Cost: 0.016432
Epoch 610: Cost: 0.015638
Epoch 620: Cost: 0.014878
Epoch 630: Cost: 0.014152
Epoch 640: Cost: 0.013462
Epoch 650: Cost: 0.012808
Epoch 660: Cost: 0.012190
Epoch 670: Cost: 0.011609
Epoch 680: Cost: 0.011062
Epoch 690: Cost: 0.010549
Epoch 700: Cost: 0.010067
Epoch 710: Cost: 0.009617
Epoch 720: Cost: 0.009196
Epoch 730: Cost: 0.008801
Epoch 740: Cost: 0.008429
Epoch 750: Cost: 0.008079
Epoch 760: Cost: 0.007750
Epoch 770: Cost: 0.007439
Epoch 780: Cost: 0.007146
Epoch 790: Cost: 0.006870
Epoch 800: Cost: 0.006608
Epoch 810: Cost: 0.006362
Epoch 820: Cost: 0.006131
Epoch 830: Cost: 0.005911
Epoch 840: Cost: 0.005703
Epoch 850: Cost: 0.005505
Epoch 860: Cost: 0.005317
Epoch 870: Cost: 0.005138
Epoch 880: Cost: 0.004968
Epoch 890: Cost: 0.004806
Epoch 900: Cost: 0.004651
Epoch 910: Cost: 0.004504
Epoch 920: Cost: 0.004364
Epoch 930: Cost: 0.004231
Epoch 940: Cost: 0.004103
Epoch 950: Cost: 0.003981
Epoch 960: Cost: 0.003864
Epoch 970: Cost: 0.003752
Epoch 980: Cost: 0.003645
Epoch 990: Cost: 0.003541
Epoch 1000: Cost: 0.003442
Optimization complete.
