0.019976342846145273
... building model (hdim=20, len(X)=51, batch_size=1, eps=0.001, eps_factor=0.99)
... training
Epoch 10: Cost: 0.320881
Epoch 20: Cost: 0.296487
Epoch 30: Cost: 0.289379
Epoch 40: Cost: 0.288388
Epoch 50: Cost: 0.288235
Epoch 60: Cost: 0.288121
Epoch 70: Cost: 0.287988
Epoch 80: Cost: 0.287825
Epoch 90: Cost: 0.287615
Epoch 100: Cost: 0.287329
Epoch 110: Cost: 0.286908
Epoch 120: Cost: 0.286208
Epoch 130: Cost: 0.284856
Epoch 140: Cost: 0.281788
Epoch 150: Cost: 0.274136
Epoch 160: Cost: 0.257060
Epoch 170: Cost: 0.229957
Epoch 180: Cost: 0.201147
Epoch 190: Cost: 0.179393
Epoch 200: Cost: 0.166529
Epoch 210: Cost: 0.159251
Epoch 220: Cost: 0.154336
Epoch 230: Cost: 0.149581
Epoch 240: Cost: 0.142412
Epoch 250: Cost: 0.129329
Epoch 260: Cost: 0.110274
Epoch 270: Cost: 0.091612
Epoch 280: Cost: 0.077052
Epoch 290: Cost: 0.065522
Epoch 300: Cost: 0.055468
Epoch 310: Cost: 0.046591
Epoch 320: Cost: 0.039084
Epoch 330: Cost: 0.032992
Epoch 340: Cost: 0.028125
Epoch 350: Cost: 0.024233
Epoch 360: Cost: 0.021095
Epoch 370: Cost: 0.018537
Epoch 380: Cost: 0.016429
Epoch 390: Cost: 0.014671
Epoch 400: Cost: 0.013191
Epoch 410: Cost: 0.011941
Epoch 420: Cost: 0.010870
Epoch 430: Cost: 0.009942
Epoch 440: Cost: 0.009134
Epoch 450: Cost: 0.008424
Epoch 460: Cost: 0.007797
Epoch 470: Cost: 0.007240
Epoch 480: Cost: 0.006744
Epoch 490: Cost: 0.006298
Epoch 500: Cost: 0.005897
Epoch 510: Cost: 0.005536
Epoch 520: Cost: 0.005209
Epoch 530: Cost: 0.004911
Epoch 540: Cost: 0.004638
Epoch 550: Cost: 0.004388
Epoch 560: Cost: 0.004157
Epoch 570: Cost: 0.003944
Epoch 580: Cost: 0.003747
Epoch 590: Cost: 0.003565
Epoch 600: Cost: 0.003395
Epoch 610: Cost: 0.003238
Epoch 620: Cost: 0.003092
Epoch 630: Cost: 0.002955
Epoch 640: Cost: 0.002828
Epoch 650: Cost: 0.002708
Epoch 660: Cost: 0.002595
Epoch 670: Cost: 0.002489
Epoch 680: Cost: 0.002389
Epoch 690: Cost: 0.002295
Epoch 700: Cost: 0.002207
Epoch 710: Cost: 0.002123
Epoch 720: Cost: 0.002045
Epoch 730: Cost: 0.001970
Epoch 740: Cost: 0.001900
Epoch 750: Cost: 0.001833
Epoch 760: Cost: 0.001770
Epoch 770: Cost: 0.001709
Epoch 780: Cost: 0.001652
Epoch 790: Cost: 0.001597
Epoch 800: Cost: 0.001545
Epoch 810: Cost: 0.001496
Epoch 820: Cost: 0.001449
Epoch 830: Cost: 0.001404
Epoch 840: Cost: 0.001362
Epoch 850: Cost: 0.001321
Epoch 860: Cost: 0.001282
Epoch 870: Cost: 0.001245
Epoch 880: Cost: 0.001209
Epoch 890: Cost: 0.001175
Epoch 900: Cost: 0.001142
Epoch 910: Cost: 0.001110
Epoch 920: Cost: 0.001080
Epoch 930: Cost: 0.001052
Epoch 940: Cost: 0.001024
Epoch 950: Cost: 0.000997
Epoch 960: Cost: 0.000972
Epoch 970: Cost: 0.000947
Epoch 980: Cost: 0.000924
Epoch 990: Cost: 0.000901
Epoch 1000: Cost: 0.000879
Optimization complete.
