0.05401133039403413
... building model (hdim=20, len(X)=51, batch_size=1, eps=0.1, eps_factor=0.99)
... training
Epoch 10: Cost: 0.298614
Epoch 20: Cost: 0.297625
Epoch 30: Cost: 0.237391
Epoch 40: Cost: 0.198187
Epoch 50: Cost: 0.190109
Epoch 60: Cost: 0.187714
Epoch 70: Cost: 0.185705
Epoch 80: Cost: 0.185164
Epoch 90: Cost: 0.184506
Epoch 100: Cost: 0.183004
Epoch 110: Cost: 0.177335
Epoch 120: Cost: 0.152979
Epoch 130: Cost: 0.114456
Epoch 140: Cost: 0.092898
Epoch 150: Cost: 0.080784
Epoch 160: Cost: 0.073680
Epoch 170: Cost: 0.069232
Epoch 180: Cost: 0.066225
Epoch 190: Cost: 0.064046
Epoch 200: Cost: 0.062403
Epoch 210: Cost: 0.061170
Epoch 220: Cost: 0.060268
Epoch 230: Cost: 0.059572
Epoch 240: Cost: 0.059290
Epoch 250: Cost: 0.059265
Epoch 260: Cost: 0.059226
Epoch 270: Cost: 0.059165
Epoch 280: Cost: 0.059086
Epoch 290: Cost: 0.058993
Epoch 300: Cost: 0.058890
Epoch 310: Cost: 0.058778
Epoch 320: Cost: 0.058663
Epoch 330: Cost: 0.058545
Epoch 340: Cost: 0.058426
Epoch 350: Cost: 0.058307
Epoch 360: Cost: 0.058190
Epoch 370: Cost: 0.058074
Epoch 380: Cost: 0.057960
Epoch 390: Cost: 0.057849
Epoch 400: Cost: 0.057741
Epoch 410: Cost: 0.057635
Epoch 420: Cost: 0.057534
Epoch 430: Cost: 0.057436
Epoch 440: Cost: 0.057340
Epoch 450: Cost: 0.057248
Epoch 460: Cost: 0.057158
Epoch 470: Cost: 0.057072
Epoch 480: Cost: 0.056989
Epoch 490: Cost: 0.056909
Epoch 500: Cost: 0.056832
Epoch 510: Cost: 0.056758
Epoch 520: Cost: 0.056689
Epoch 530: Cost: 0.056623
Epoch 540: Cost: 0.056560
Epoch 550: Cost: 0.056500
Epoch 560: Cost: 0.056442
Epoch 570: Cost: 0.056388
Epoch 580: Cost: 0.056337
Epoch 590: Cost: 0.056288
Epoch 600: Cost: 0.056242
Epoch 610: Cost: 0.056198
Epoch 620: Cost: 0.056156
Epoch 630: Cost: 0.056118
Epoch 640: Cost: 0.056081
Epoch 650: Cost: 0.056047
Epoch 660: Cost: 0.056014
Epoch 670: Cost: 0.055983
Epoch 680: Cost: 0.055954
Epoch 690: Cost: 0.055927
Epoch 700: Cost: 0.055901
Epoch 710: Cost: 0.055861
Epoch 720: Cost: 0.055858
Epoch 730: Cost: 0.055857
Epoch 740: Cost: 0.055856
Epoch 750: Cost: 0.055856
Epoch 760: Cost: 0.055855
Epoch 770: Cost: 0.055854
Epoch 780: Cost: 0.055853
Epoch 790: Cost: 0.055852
Epoch 800: Cost: 0.055850
Epoch 810: Cost: 0.055849
Epoch 820: Cost: 0.055847
Epoch 830: Cost: 0.055845
Epoch 840: Cost: 0.055843
Epoch 850: Cost: 0.055842
Epoch 860: Cost: 0.055839
Epoch 870: Cost: 0.055837
Epoch 880: Cost: 0.055835
Epoch 890: Cost: 0.055833
Epoch 900: Cost: 0.055830
Epoch 910: Cost: 0.055827
Epoch 920: Cost: 0.055825
Epoch 930: Cost: 0.055822
Epoch 940: Cost: 0.055819
Epoch 950: Cost: 0.055816
Epoch 960: Cost: 0.055813
Epoch 970: Cost: 0.055810
Epoch 980: Cost: 0.055807
Epoch 990: Cost: 0.055804
Epoch 1000: Cost: 0.055800
Optimization complete.
