0.06719931465403287
... building model (hdim=20, len(X)=102, batch_size=1, eps=0.1, eps_factor=0.99)
... training
Epoch 10: Cost: 0.278313
Epoch 20: Cost: 0.278086
Epoch 30: Cost: 0.275781
Epoch 40: Cost: 0.231451
Epoch 50: Cost: 0.148148
Epoch 60: Cost: 0.105755
Epoch 70: Cost: 0.103424
Epoch 80: Cost: 0.101664
Epoch 90: Cost: 0.099528
Epoch 100: Cost: 0.098233
Epoch 110: Cost: 0.086787
Epoch 120: Cost: 0.086230
Epoch 130: Cost: 0.085731
Epoch 140: Cost: 0.085159
Epoch 150: Cost: 0.084761
Epoch 160: Cost: 0.081244
Epoch 170: Cost: 0.080940
Epoch 180: Cost: 0.080633
Epoch 190: Cost: 0.080204
Epoch 200: Cost: 0.079668
Epoch 210: Cost: 0.079047
Epoch 220: Cost: 0.078382
Epoch 230: Cost: 0.077693
Epoch 240: Cost: 0.077006
Epoch 250: Cost: 0.076338
Epoch 260: Cost: 0.075707
Epoch 270: Cost: 0.075127
Epoch 280: Cost: 0.074611
Epoch 290: Cost: 0.074174
Epoch 300: Cost: 0.073830
Epoch 310: Cost: 0.073501
Epoch 320: Cost: 0.073353
Epoch 330: Cost: 0.073299
Epoch 340: Cost: 0.072121
Epoch 350: Cost: 0.072031
Epoch 360: Cost: 0.071959
Epoch 370: Cost: 0.071897
Epoch 380: Cost: 0.071834
Epoch 390: Cost: 0.071768
Epoch 400: Cost: 0.071699
Epoch 410: Cost: 0.071627
Epoch 420: Cost: 0.071552
Epoch 430: Cost: 0.071473
Epoch 440: Cost: 0.071391
Epoch 450: Cost: 0.071308
Epoch 460: Cost: 0.071222
Epoch 470: Cost: 0.071136
Epoch 480: Cost: 0.071050
Epoch 490: Cost: 0.070964
Epoch 500: Cost: 0.070879
Epoch 510: Cost: 0.070795
Epoch 520: Cost: 0.070713
Epoch 530: Cost: 0.070633
Epoch 540: Cost: 0.070554
Epoch 550: Cost: 0.070478
Epoch 560: Cost: 0.070403
Epoch 570: Cost: 0.070330
Epoch 580: Cost: 0.070258
Epoch 590: Cost: 0.070189
Epoch 600: Cost: 0.070121
Epoch 610: Cost: 0.070054
Epoch 620: Cost: 0.069990
Epoch 630: Cost: 0.069928
Epoch 640: Cost: 0.069877
Epoch 650: Cost: 0.069857
Epoch 660: Cost: 0.069847
Epoch 670: Cost: 0.069838
Epoch 680: Cost: 0.069832
Epoch 690: Cost: 0.069825
Epoch 700: Cost: 0.069818
Epoch 710: Cost: 0.069810
Epoch 720: Cost: 0.069801
Epoch 730: Cost: 0.069792
Epoch 740: Cost: 0.069782
Epoch 750: Cost: 0.069771
Epoch 760: Cost: 0.069760
Epoch 770: Cost: 0.069748
Epoch 780: Cost: 0.069735
Epoch 790: Cost: 0.069722
Epoch 800: Cost: 0.069708
Epoch 810: Cost: 0.069693
Epoch 820: Cost: 0.069678
Epoch 830: Cost: 0.069662
Epoch 840: Cost: 0.069646
Epoch 850: Cost: 0.069629
Epoch 860: Cost: 0.069612
Epoch 870: Cost: 0.069595
Epoch 880: Cost: 0.069577
Epoch 890: Cost: 0.069559
Epoch 900: Cost: 0.069540
Epoch 910: Cost: 0.069521
Epoch 920: Cost: 0.069503
Epoch 930: Cost: 0.069483
Epoch 940: Cost: 0.069464
Epoch 950: Cost: 0.069445
Epoch 960: Cost: 0.069425
Epoch 970: Cost: 0.069405
Epoch 980: Cost: 0.069386
Epoch 990: Cost: 0.069366
Epoch 1000: Cost: 0.069345
Optimization complete.
