0.08031257544763523
... building model (hdim=20, len(X)=102, batch_size=1, eps=0.001, eps_factor=0.99)
... training
Epoch 10: Cost: 0.344646
Epoch 20: Cost: 0.343361
Epoch 30: Cost: 0.342955
Epoch 40: Cost: 0.342861
Epoch 50: Cost: 0.342826
Epoch 60: Cost: 0.342789
Epoch 70: Cost: 0.342737
Epoch 80: Cost: 0.342658
Epoch 90: Cost: 0.342535
Epoch 100: Cost: 0.342317
Epoch 110: Cost: 0.341844
Epoch 120: Cost: 0.340518
Epoch 130: Cost: 0.335698
Epoch 140: Cost: 0.319063
Epoch 150: Cost: 0.283638
Epoch 160: Cost: 0.249849
Epoch 170: Cost: 0.233047
Epoch 180: Cost: 0.224313
Epoch 190: Cost: 0.216007
Epoch 200: Cost: 0.203979
Epoch 210: Cost: 0.184570
Epoch 220: Cost: 0.156664
Epoch 230: Cost: 0.131029
Epoch 240: Cost: 0.112665
Epoch 250: Cost: 0.099808
Epoch 260: Cost: 0.089683
Epoch 270: Cost: 0.081297
Epoch 280: Cost: 0.074341
Epoch 290: Cost: 0.068610
Epoch 300: Cost: 0.063816
Epoch 310: Cost: 0.059620
Epoch 320: Cost: 0.055681
Epoch 330: Cost: 0.051708
Epoch 340: Cost: 0.047764
Epoch 350: Cost: 0.044171
Epoch 360: Cost: 0.041076
Epoch 370: Cost: 0.038403
Epoch 380: Cost: 0.036057
Epoch 390: Cost: 0.033972
Epoch 400: Cost: 0.032102
Epoch 410: Cost: 0.030398
Epoch 420: Cost: 0.028867
Epoch 430: Cost: 0.027460
Epoch 440: Cost: 0.026162
Epoch 450: Cost: 0.024963
Epoch 460: Cost: 0.023860
Epoch 470: Cost: 0.022845
Epoch 480: Cost: 0.021902
Epoch 490: Cost: 0.021001
Epoch 500: Cost: 0.020353
Epoch 510: Cost: 0.020109
Epoch 520: Cost: 0.020070
Epoch 530: Cost: 0.020037
Epoch 540: Cost: 0.019995
Epoch 550: Cost: 0.019943
Epoch 560: Cost: 0.019884
Epoch 570: Cost: 0.019817
Epoch 580: Cost: 0.019743
Epoch 590: Cost: 0.019662
Epoch 600: Cost: 0.019575
Epoch 610: Cost: 0.019481
Epoch 620: Cost: 0.019382
Epoch 630: Cost: 0.019277
Epoch 640: Cost: 0.019167
Epoch 650: Cost: 0.019050
Epoch 660: Cost: 0.018929
Epoch 670: Cost: 0.018802
Epoch 680: Cost: 0.018671
Epoch 690: Cost: 0.018536
Epoch 700: Cost: 0.018397
Epoch 710: Cost: 0.018254
Epoch 720: Cost: 0.018109
Epoch 730: Cost: 0.017960
Epoch 740: Cost: 0.017809
Epoch 750: Cost: 0.017655
Epoch 760: Cost: 0.017499
Epoch 770: Cost: 0.017341
Epoch 780: Cost: 0.017181
Epoch 790: Cost: 0.017019
Epoch 800: Cost: 0.016856
Epoch 810: Cost: 0.016691
Epoch 820: Cost: 0.016527
Epoch 830: Cost: 0.016359
Epoch 840: Cost: 0.016256
Epoch 850: Cost: 0.016232
Epoch 860: Cost: 0.016218
Epoch 870: Cost: 0.016209
Epoch 880: Cost: 0.016199
Epoch 890: Cost: 0.016187
Epoch 900: Cost: 0.016172
Epoch 910: Cost: 0.016154
Epoch 920: Cost: 0.016134
Epoch 930: Cost: 0.016112
Epoch 940: Cost: 0.016088
Epoch 950: Cost: 0.016062
Epoch 960: Cost: 0.016034
Epoch 970: Cost: 0.016003
Epoch 980: Cost: 0.015970
Epoch 990: Cost: 0.015936
Epoch 1000: Cost: 0.015899
Optimization complete.
