0.031088538580229353
... building model (hdim=20, len(X)=102, batch_size=1, eps=0.001, eps_factor=0.99)
... training
Epoch 10: Cost: 0.295572
Epoch 20: Cost: 0.272245
Epoch 30: Cost: 0.270060
Epoch 40: Cost: 0.269942
Epoch 50: Cost: 0.269893
Epoch 60: Cost: 0.269838
Epoch 70: Cost: 0.269772
Epoch 80: Cost: 0.269688
Epoch 90: Cost: 0.269574
Epoch 100: Cost: 0.269404
Epoch 110: Cost: 0.269109
Epoch 120: Cost: 0.268491
Epoch 130: Cost: 0.266785
Epoch 140: Cost: 0.259895
Epoch 150: Cost: 0.231636
Epoch 160: Cost: 0.191658
Epoch 170: Cost: 0.160992
Epoch 180: Cost: 0.120739
Epoch 190: Cost: 0.092589
Epoch 200: Cost: 0.075881
Epoch 210: Cost: 0.065263
Epoch 220: Cost: 0.058042
Epoch 230: Cost: 0.052798
Epoch 240: Cost: 0.048684
Epoch 250: Cost: 0.045191
Epoch 260: Cost: 0.042035
Epoch 270: Cost: 0.039079
Epoch 280: Cost: 0.036261
Epoch 290: Cost: 0.033552
Epoch 300: Cost: 0.030993
Epoch 310: Cost: 0.028694
Epoch 320: Cost: 0.026671
Epoch 330: Cost: 0.024914
Epoch 340: Cost: 0.023401
Epoch 350: Cost: 0.022104
Epoch 360: Cost: 0.020985
Epoch 370: Cost: 0.020000
Epoch 380: Cost: 0.019097
Epoch 390: Cost: 0.018215
Epoch 400: Cost: 0.017282
Epoch 410: Cost: 0.016275
Epoch 420: Cost: 0.015255
Epoch 430: Cost: 0.014315
Epoch 440: Cost: 0.013480
Epoch 450: Cost: 0.012735
Epoch 460: Cost: 0.012066
Epoch 470: Cost: 0.011477
Epoch 480: Cost: 0.011077
Epoch 490: Cost: 0.010926
Epoch 500: Cost: 0.010840
Epoch 510: Cost: 0.010825
Epoch 520: Cost: 0.010806
Epoch 530: Cost: 0.010782
Epoch 540: Cost: 0.010753
Epoch 550: Cost: 0.010718
Epoch 560: Cost: 0.010679
Epoch 570: Cost: 0.010635
Epoch 580: Cost: 0.010586
Epoch 590: Cost: 0.010533
Epoch 600: Cost: 0.010476
Epoch 610: Cost: 0.010415
Epoch 620: Cost: 0.010351
Epoch 630: Cost: 0.010283
Epoch 640: Cost: 0.010211
Epoch 650: Cost: 0.010137
Epoch 660: Cost: 0.010059
Epoch 670: Cost: 0.009978
Epoch 680: Cost: 0.009895
Epoch 690: Cost: 0.009809
Epoch 700: Cost: 0.009721
Epoch 710: Cost: 0.009631
Epoch 720: Cost: 0.009540
Epoch 730: Cost: 0.009447
Epoch 740: Cost: 0.009352
Epoch 750: Cost: 0.009256
Epoch 760: Cost: 0.009158
Epoch 770: Cost: 0.009059
Epoch 780: Cost: 0.008960
Epoch 790: Cost: 0.008859
Epoch 800: Cost: 0.008758
Epoch 810: Cost: 0.008657
Epoch 820: Cost: 0.008556
Epoch 830: Cost: 0.008454
Epoch 840: Cost: 0.008353
Epoch 850: Cost: 0.008251
Epoch 860: Cost: 0.008149
Epoch 870: Cost: 0.008047
Epoch 880: Cost: 0.007945
Epoch 890: Cost: 0.007844
Epoch 900: Cost: 0.007743
Epoch 910: Cost: 0.007643
Epoch 920: Cost: 0.007543
Epoch 930: Cost: 0.007444
Epoch 940: Cost: 0.007345
Epoch 950: Cost: 0.007247
Epoch 960: Cost: 0.007150
Epoch 970: Cost: 0.007053
Epoch 980: Cost: 0.006956
Epoch 990: Cost: 0.006861
Epoch 1000: Cost: 0.006766
Optimization complete.
