0.06767515031579986
... building model (hdim=20, len(X)=1020, batch_size=1, eps=0.1, eps_factor=0.99)
... training
Epoch 10: Cost: 0.136975
Epoch 20: Cost: 0.083989
Epoch 30: Cost: 0.081443
Epoch 40: Cost: 0.079192
Epoch 50: Cost: 0.073844
Epoch 60: Cost: 0.073722
Epoch 70: Cost: 0.073636
Epoch 80: Cost: 0.073463
Epoch 90: Cost: 0.073251
Epoch 100: Cost: 0.073027
Epoch 110: Cost: 0.072802
Epoch 120: Cost: 0.072579
Epoch 130: Cost: 0.072357
Epoch 140: Cost: 0.072136
Epoch 150: Cost: 0.071917
Epoch 160: Cost: 0.071702
Epoch 170: Cost: 0.071492
Epoch 180: Cost: 0.071286
Epoch 190: Cost: 0.071086
Epoch 200: Cost: 0.070892
Epoch 210: Cost: 0.070701
Epoch 220: Cost: 0.070531
Epoch 230: Cost: 0.070378
Epoch 240: Cost: 0.070246
Epoch 250: Cost: 0.070134
Epoch 260: Cost: 0.070038
Epoch 270: Cost: 0.069954
Epoch 280: Cost: 0.069876
Epoch 290: Cost: 0.069797
Epoch 300: Cost: 0.069715
Epoch 310: Cost: 0.069626
Epoch 320: Cost: 0.069541
Epoch 330: Cost: 0.069459
Epoch 340: Cost: 0.069380
Epoch 350: Cost: 0.069304
Epoch 360: Cost: 0.069232
Epoch 370: Cost: 0.069169
Epoch 380: Cost: 0.069118
Epoch 390: Cost: 0.069081
Epoch 400: Cost: 0.069062
Epoch 410: Cost: 0.068958
Epoch 420: Cost: 0.068951
Epoch 430: Cost: 0.068947
Epoch 440: Cost: 0.068946
Epoch 450: Cost: 0.068945
Epoch 460: Cost: 0.068944
Epoch 470: Cost: 0.068943
Epoch 480: Cost: 0.068942
Epoch 490: Cost: 0.068942
Epoch 500: Cost: 0.068930
Epoch 510: Cost: 0.068927
Epoch 520: Cost: 0.068926
Epoch 530: Cost: 0.068926
Epoch 540: Cost: 0.068925
Epoch 550: Cost: 0.068925
Epoch 560: Cost: 0.068924
Epoch 570: Cost: 0.068923
Epoch 580: Cost: 0.068922
Epoch 590: Cost: 0.068921
Epoch 600: Cost: 0.068921
Epoch 610: Cost: 0.068919
Epoch 620: Cost: 0.068918
Epoch 630: Cost: 0.068917
Epoch 640: Cost: 0.068916
Epoch 650: Cost: 0.068915
Epoch 660: Cost: 0.068914
Epoch 670: Cost: 0.068913
Epoch 680: Cost: 0.068911
Epoch 690: Cost: 0.068910
Epoch 700: Cost: 0.068908
Epoch 710: Cost: 0.068906
Epoch 720: Cost: 0.068904
Epoch 730: Cost: 0.068902
Epoch 740: Cost: 0.068900
Epoch 750: Cost: 0.068898
Epoch 760: Cost: 0.068896
Epoch 770: Cost: 0.068894
Epoch 780: Cost: 0.068891
Epoch 790: Cost: 0.068889
Epoch 800: Cost: 0.068886
Epoch 810: Cost: 0.068883
Epoch 820: Cost: 0.068880
Epoch 830: Cost: 0.068877
Epoch 840: Cost: 0.068874
Epoch 850: Cost: 0.068871
Epoch 860: Cost: 0.068867
Epoch 870: Cost: 0.068864
Epoch 880: Cost: 0.068860
Epoch 890: Cost: 0.068857
Epoch 900: Cost: 0.068853
Epoch 910: Cost: 0.068849
Epoch 920: Cost: 0.068845
Epoch 930: Cost: 0.068841
Epoch 940: Cost: 0.068837
Epoch 950: Cost: 0.068832
Epoch 960: Cost: 0.068828
Epoch 970: Cost: 0.068824
Epoch 980: Cost: 0.068819
Epoch 990: Cost: 0.068815
Epoch 1000: Cost: 0.068810
Optimization complete.
