0.0332132317690441
... building model (hdim=20, len(X)=1020, batch_size=1, eps=0.001, eps_factor=0.99)
... training
Epoch 10: Cost: 0.316991
Epoch 20: Cost: 0.316945
Epoch 30: Cost: 0.316924
Epoch 40: Cost: 0.316847
Epoch 50: Cost: 0.316347
Epoch 60: Cost: 0.311705
Epoch 70: Cost: 0.282760
Epoch 80: Cost: 0.222445
Epoch 90: Cost: 0.111088
Epoch 100: Cost: 0.080120
Epoch 110: Cost: 0.066802
Epoch 120: Cost: 0.058453
Epoch 130: Cost: 0.052026
Epoch 140: Cost: 0.046559
Epoch 150: Cost: 0.041774
Epoch 160: Cost: 0.037543
Epoch 170: Cost: 0.033798
Epoch 180: Cost: 0.030534
Epoch 190: Cost: 0.027723
Epoch 200: Cost: 0.025477
Epoch 210: Cost: 0.023886
Epoch 220: Cost: 0.022743
Epoch 230: Cost: 0.021847
Epoch 240: Cost: 0.021129
Epoch 250: Cost: 0.020608
Epoch 260: Cost: 0.020322
Epoch 270: Cost: 0.019245
Epoch 280: Cost: 0.017161
Epoch 290: Cost: 0.017062
Epoch 300: Cost: 0.017018
Epoch 310: Cost: 0.016995
Epoch 320: Cost: 0.016979
Epoch 330: Cost: 0.016955
Epoch 340: Cost: 0.016917
Epoch 350: Cost: 0.016861
Epoch 360: Cost: 0.016786
Epoch 370: Cost: 0.016696
Epoch 380: Cost: 0.016592
Epoch 390: Cost: 0.016478
Epoch 400: Cost: 0.016358
Epoch 410: Cost: 0.016241
Epoch 420: Cost: 0.016117
Epoch 430: Cost: 0.015994
Epoch 440: Cost: 0.015873
Epoch 450: Cost: 0.015756
Epoch 460: Cost: 0.015643
Epoch 470: Cost: 0.015535
Epoch 480: Cost: 0.015434
Epoch 490: Cost: 0.015339
Epoch 500: Cost: 0.015250
Epoch 510: Cost: 0.015161
Epoch 520: Cost: 0.015085
Epoch 530: Cost: 0.015017
Epoch 540: Cost: 0.014955
Epoch 550: Cost: 0.014900
Epoch 560: Cost: 0.014852
Epoch 570: Cost: 0.014810
Epoch 580: Cost: 0.014772
Epoch 590: Cost: 0.014739
Epoch 600: Cost: 0.014707
Epoch 610: Cost: 0.014633
Epoch 620: Cost: 0.014598
Epoch 630: Cost: 0.014559
Epoch 640: Cost: 0.014516
Epoch 650: Cost: 0.014466
Epoch 660: Cost: 0.014410
Epoch 670: Cost: 0.014350
Epoch 680: Cost: 0.014289
Epoch 690: Cost: 0.014236
Epoch 700: Cost: 0.014201
Epoch 710: Cost: 0.013123
Epoch 720: Cost: 0.012720
Epoch 730: Cost: 0.012623
Epoch 740: Cost: 0.012588
Epoch 750: Cost: 0.012567
Epoch 760: Cost: 0.012549
Epoch 770: Cost: 0.012534
Epoch 780: Cost: 0.012523
Epoch 790: Cost: 0.012516
Epoch 800: Cost: 0.012514
Epoch 810: Cost: 0.012438
Epoch 820: Cost: 0.012402
Epoch 830: Cost: 0.012395
Epoch 840: Cost: 0.012389
Epoch 850: Cost: 0.012382
Epoch 860: Cost: 0.012375
Epoch 870: Cost: 0.012367
Epoch 880: Cost: 0.012358
Epoch 890: Cost: 0.012350
Epoch 900: Cost: 0.012342
Epoch 910: Cost: 0.012333
Epoch 920: Cost: 0.012325
Epoch 930: Cost: 0.012317
Epoch 940: Cost: 0.012309
Epoch 950: Cost: 0.012302
Epoch 960: Cost: 0.012295
Epoch 970: Cost: 0.012289
Epoch 980: Cost: 0.012283
Epoch 990: Cost: 0.012278
Epoch 1000: Cost: 0.012273
Optimization complete.
