0.08177974039349602
... building model (hdim=20, len(X)=1020, batch_size=1, eps=0.001, eps_factor=0.99)
... training
Epoch 10: Cost: 0.344625
Epoch 20: Cost: 0.344435
Epoch 30: Cost: 0.344391
Epoch 40: Cost: 0.344373
Epoch 50: Cost: 0.344359
Epoch 60: Cost: 0.344356
Epoch 70: Cost: 0.344340
Epoch 80: Cost: 0.344325
Epoch 90: Cost: 0.344315
Epoch 100: Cost: 0.344305
Epoch 110: Cost: 0.344294
Epoch 120: Cost: 0.344281
Epoch 130: Cost: 0.344262
Epoch 140: Cost: 0.344237
Epoch 150: Cost: 0.344199
Epoch 160: Cost: 0.344142
Epoch 170: Cost: 0.344052
Epoch 180: Cost: 0.343908
Epoch 190: Cost: 0.343663
Epoch 200: Cost: 0.343224
Epoch 210: Cost: 0.342384
Epoch 220: Cost: 0.340643
Epoch 230: Cost: 0.336825
Epoch 240: Cost: 0.328830
Epoch 250: Cost: 0.314744
Epoch 260: Cost: 0.294801
Epoch 270: Cost: 0.269761
Epoch 280: Cost: 0.240272
Epoch 290: Cost: 0.211641
Epoch 300: Cost: 0.188584
Epoch 310: Cost: 0.171345
Epoch 320: Cost: 0.158792
Epoch 330: Cost: 0.149689
Epoch 340: Cost: 0.142886
Epoch 350: Cost: 0.137393
Epoch 360: Cost: 0.132551
Epoch 370: Cost: 0.128022
Epoch 380: Cost: 0.123635
Epoch 390: Cost: 0.119282
Epoch 400: Cost: 0.114898
Epoch 410: Cost: 0.110545
Epoch 420: Cost: 0.106299
Epoch 430: Cost: 0.102255
Epoch 440: Cost: 0.098490
Epoch 450: Cost: 0.095033
Epoch 460: Cost: 0.091883
Epoch 470: Cost: 0.089020
Epoch 480: Cost: 0.086423
Epoch 490: Cost: 0.084068
Epoch 500: Cost: 0.081930
Epoch 510: Cost: 0.080054
Epoch 520: Cost: 0.078287
Epoch 530: Cost: 0.076671
Epoch 540: Cost: 0.075187
Epoch 550: Cost: 0.073816
Epoch 560: Cost: 0.072542
Epoch 570: Cost: 0.071350
Epoch 580: Cost: 0.070228
Epoch 590: Cost: 0.069163
Epoch 600: Cost: 0.068146
Epoch 610: Cost: 0.067168
Epoch 620: Cost: 0.066228
Epoch 630: Cost: 0.065309
Epoch 640: Cost: 0.064397
Epoch 650: Cost: 0.063482
Epoch 660: Cost: 0.062546
Epoch 670: Cost: 0.061566
Epoch 680: Cost: 0.060507
Epoch 690: Cost: 0.059321
Epoch 700: Cost: 0.057952
Epoch 710: Cost: 0.056386
Epoch 720: Cost: 0.054584
Epoch 730: Cost: 0.052625
Epoch 740: Cost: 0.050634
Epoch 750: Cost: 0.048739
Epoch 760: Cost: 0.047013
Epoch 770: Cost: 0.045460
Epoch 780: Cost: 0.044036
Epoch 790: Cost: 0.042715
Epoch 800: Cost: 0.041548
Epoch 810: Cost: 0.040522
Epoch 820: Cost: 0.039607
Epoch 830: Cost: 0.038759
Epoch 840: Cost: 0.037963
Epoch 850: Cost: 0.037210
Epoch 860: Cost: 0.036500
Epoch 870: Cost: 0.035840
Epoch 880: Cost: 0.035242
Epoch 890: Cost: 0.034723
Epoch 900: Cost: 0.034305
Epoch 910: Cost: 0.034007
Epoch 920: Cost: 0.033456
Epoch 930: Cost: 0.032191
Epoch 940: Cost: 0.031973
Epoch 950: Cost: 0.031917
Epoch 960: Cost: 0.031896
Epoch 970: Cost: 0.031880
Epoch 980: Cost: 0.031862
Epoch 990: Cost: 0.031843
Epoch 1000: Cost: 0.031820
Optimization complete.
