0.06832405611399447
... building model (hdim=20, len(X)=10200, batch_size=10, eps=0.1, eps_factor=0.99)
... training
Epoch 10: Cost: 0.076304
Epoch 20: Cost: 0.070636
Epoch 30: Cost: 0.069361
Epoch 40: Cost: 0.069031
Epoch 50: Cost: 0.068495
Epoch 60: Cost: 0.068431
Epoch 70: Cost: 0.068428
Epoch 80: Cost: 0.068422
Epoch 90: Cost: 0.068416
Epoch 100: Cost: 0.068409
Epoch 110: Cost: 0.068404
Epoch 120: Cost: 0.068399
Epoch 130: Cost: 0.068395
Epoch 140: Cost: 0.068390
Epoch 150: Cost: 0.068385
Epoch 160: Cost: 0.068379
Epoch 170: Cost: 0.068372
Epoch 180: Cost: 0.068366
Epoch 190: Cost: 0.068359
Epoch 200: Cost: 0.068352
Epoch 210: Cost: 0.068347
Epoch 220: Cost: 0.068342
Epoch 230: Cost: 0.068339
Epoch 240: Cost: 0.068337
Epoch 250: Cost: 0.068335
Epoch 260: Cost: 0.068333
Epoch 270: Cost: 0.068332
Epoch 280: Cost: 0.068331
Epoch 290: Cost: 0.068330
Epoch 300: Cost: 0.068330
Epoch 310: Cost: 0.068329
Epoch 320: Cost: 0.068328
Epoch 330: Cost: 0.068328
Epoch 340: Cost: 0.068327
Epoch 350: Cost: 0.068327
Epoch 360: Cost: 0.068327
Epoch 370: Cost: 0.068326
Epoch 380: Cost: 0.068326
Epoch 390: Cost: 0.068326
Epoch 400: Cost: 0.068326
Epoch 410: Cost: 0.068326
Epoch 420: Cost: 0.068326
Epoch 430: Cost: 0.068326
Epoch 440: Cost: 0.068325
Epoch 450: Cost: 0.068325
Epoch 460: Cost: 0.068325
Epoch 470: Cost: 0.068325
Epoch 480: Cost: 0.068325
Epoch 490: Cost: 0.068325
Epoch 500: Cost: 0.068325
Epoch 510: Cost: 0.068325
Optimization complete.
