0.019976342846145273
... building model (hdim=20, len(X)=51, batch_size=1, eps=0.001, eps_factor=0.99)
... training
Epoch 10: Cost: 0.320881
Epoch 20: Cost: 0.296487
Epoch 30: Cost: 0.289379
Epoch 40: Cost: 0.288388
Epoch 50: Cost: 0.288235
Epoch 60: Cost: 0.288121
Epoch 70: Cost: 0.287988
Epoch 80: Cost: 0.287825
Epoch 90: Cost: 0.287615
Epoch 100: Cost: 0.287329
Epoch 110: Cost: 0.286908
Epoch 120: Cost: 0.286208
Epoch 130: Cost: 0.284856
Epoch 140: Cost: 0.281788
Epoch 150: Cost: 0.274136
Epoch 160: Cost: 0.257060
Epoch 170: Cost: 0.229957
Epoch 180: Cost: 0.201147
Epoch 190: Cost: 0.179393
Epoch 200: Cost: 0.166529
Epoch 210: Cost: 0.159251
Epoch 220: Cost: 0.154336
Epoch 230: Cost: 0.149581
Epoch 240: Cost: 0.142412
Epoch 250: Cost: 0.129329
Epoch 260: Cost: 0.110274
Epoch 270: Cost: 0.091612
Epoch 280: Cost: 0.077052
Epoch 290: Cost: 0.065522
Epoch 300: Cost: 0.055468
Epoch 310: Cost: 0.046591
Epoch 320: Cost: 0.039084
Epoch 330: Cost: 0.032992
Epoch 340: Cost: 0.028125
Epoch 350: Cost: 0.024233
Epoch 360: Cost: 0.021095
Epoch 370: Cost: 0.018537
Epoch 380: Cost: 0.016429
Epoch 390: Cost: 0.014671
Epoch 400: Cost: 0.013191
Epoch 410: Cost: 0.011941
Epoch 420: Cost: 0.010870
Epoch 430: Cost: 0.009942
Epoch 440: Cost: 0.009134
Epoch 450: Cost: 0.008424
Epoch 460: Cost: 0.007797
Epoch 470: Cost: 0.007240
Epoch 480: Cost: 0.006744
Epoch 490: Cost: 0.006298
Epoch 500: Cost: 0.005897
Epoch 510: Cost: 0.005536
Epoch 520: Cost: 0.005209
Epoch 530: Cost: 0.004911
Epoch 540: Cost: 0.004638
Epoch 550: Cost: 0.004388
Epoch 560: Cost: 0.004157
Epoch 570: Cost: 0.003944
Epoch 580: Cost: 0.003747
Epoch 590: Cost: 0.003565
Epoch 600: Cost: 0.003395
Epoch 610: Cost: 0.003238
Epoch 620: Cost: 0.003092
Epoch 630: Cost: 0.002955
Epoch 640: Cost: 0.002828
Epoch 650: Cost: 0.002708
Epoch 660: Cost: 0.002595
Epoch 670: Cost: 0.002489
Epoch 680: Cost: 0.002389
Epoch 690: Cost: 0.002295
Epoch 700: Cost: 0.002207
Epoch 710: Cost: 0.002123
Epoch 720: Cost: 0.002045
Epoch 730: Cost: 0.001970
Epoch 740: Cost: 0.001900
Epoch 750: Cost: 0.001833
Epoch 760: Cost: 0.001770
Epoch 770: Cost: 0.001709
Epoch 780: Cost: 0.001652
Epoch 790: Cost: 0.001597
Epoch 800: Cost: 0.001545
Epoch 810: Cost: 0.001496
Epoch 820: Cost: 0.001449
Epoch 830: Cost: 0.001404
Epoch 840: Cost: 0.001362
Epoch 850: Cost: 0.001321
Epoch 860: Cost: 0.001282
Epoch 870: Cost: 0.001245
Epoch 880: Cost: 0.001209
Epoch 890: Cost: 0.001175
Epoch 900: Cost: 0.001142
Epoch 910: Cost: 0.001110
Epoch 920: Cost: 0.001080
Epoch 930: Cost: 0.001052
Epoch 940: Cost: 0.001024
Epoch 950: Cost: 0.000997
Epoch 960: Cost: 0.000972
Epoch 970: Cost: 0.000947
Epoch 980: Cost: 0.000924
Epoch 990: Cost: 0.000901
Epoch 1000: Cost: 0.000879
Optimization complete.
0.04686021848233211
... building model (hdim=20, len(X)=101, batch_size=1, eps=0.001, eps_factor=0.99)
... training
Epoch 10: Cost: 0.345393
Epoch 20: Cost: 0.344001
Epoch 30: Cost: 0.343447
Epoch 40: Cost: 0.343336
Epoch 50: Cost: 0.343261
Epoch 60: Cost: 0.343133
Epoch 70: Cost: 0.342937
Epoch 80: Cost: 0.342632
Epoch 90: Cost: 0.342077
Epoch 100: Cost: 0.340695
Epoch 110: Cost: 0.335496
Epoch 120: Cost: 0.312550
Epoch 130: Cost: 0.263083
Epoch 140: Cost: 0.226510
Epoch 150: Cost: 0.210707
Epoch 160: Cost: 0.200950
Epoch 170: Cost: 0.184832
Epoch 180: Cost: 0.152893
Epoch 190: Cost: 0.127445
Epoch 200: Cost: 0.111170
Epoch 210: Cost: 0.099646
Epoch 220: Cost: 0.090772
Epoch 230: Cost: 0.083581
Epoch 240: Cost: 0.077554
Epoch 250: Cost: 0.072341
Epoch 260: Cost: 0.067668
Epoch 270: Cost: 0.063351
Epoch 280: Cost: 0.059321
Epoch 290: Cost: 0.055538
Epoch 300: Cost: 0.051835
Epoch 310: Cost: 0.047729
Epoch 320: Cost: 0.043479
Epoch 330: Cost: 0.039046
Epoch 340: Cost: 0.038211
Epoch 350: Cost: 0.038020
Epoch 360: Cost: 0.037786
Epoch 370: Cost: 0.037510
Epoch 380: Cost: 0.037194
Epoch 390: Cost: 0.036838
Epoch 400: Cost: 0.036443
Epoch 410: Cost: 0.036010
Epoch 420: Cost: 0.035545
Epoch 430: Cost: 0.035049
Epoch 440: Cost: 0.034525
Epoch 450: Cost: 0.033978
Epoch 460: Cost: 0.033411
Epoch 470: Cost: 0.032827
Epoch 480: Cost: 0.032229
Epoch 490: Cost: 0.031621
Epoch 500: Cost: 0.031005
Epoch 510: Cost: 0.030493
Epoch 520: Cost: 0.030271
Epoch 530: Cost: 0.030225
Epoch 540: Cost: 0.030177
Epoch 550: Cost: 0.030114
Epoch 560: Cost: 0.030036
Epoch 570: Cost: 0.029943
Epoch 580: Cost: 0.029835
Epoch 590: Cost: 0.029713
Epoch 600: Cost: 0.029576
Epoch 610: Cost: 0.029427
Epoch 620: Cost: 0.029265
Epoch 630: Cost: 0.029090
Epoch 640: Cost: 0.028903
Epoch 650: Cost: 0.028704
Epoch 660: Cost: 0.028495
Epoch 670: Cost: 0.028276
Epoch 680: Cost: 0.028047
Epoch 690: Cost: 0.027809
Epoch 700: Cost: 0.027563
Epoch 710: Cost: 0.027311
Epoch 720: Cost: 0.027053
Epoch 730: Cost: 0.026788
Epoch 740: Cost: 0.026518
Epoch 750: Cost: 0.026242
Epoch 760: Cost: 0.025962
Epoch 770: Cost: 0.025677
Epoch 780: Cost: 0.025389
Epoch 790: Cost: 0.025098
Epoch 800: Cost: 0.024804
Epoch 810: Cost: 0.024509
Epoch 820: Cost: 0.024214
Epoch 830: Cost: 0.023917
Epoch 840: Cost: 0.023619
Epoch 850: Cost: 0.023321
Epoch 860: Cost: 0.023022
Epoch 870: Cost: 0.022723
Epoch 880: Cost: 0.022424
Epoch 890: Cost: 0.022125
Epoch 900: Cost: 0.021827
Epoch 910: Cost: 0.021532
Epoch 920: Cost: 0.021239
Epoch 930: Cost: 0.020947
Epoch 940: Cost: 0.020656
Epoch 950: Cost: 0.020367
Epoch 960: Cost: 0.020080
Epoch 970: Cost: 0.019794
Epoch 980: Cost: 0.019510
Epoch 990: Cost: 0.019227
Epoch 1000: Cost: 0.018947
Optimization complete.
0.09557089657383488
... building model (hdim=20, len(X)=202, batch_size=1, eps=0.001, eps_factor=0.99)
... training
Epoch 10: Cost: 0.344276
Epoch 20: Cost: 0.343746
Epoch 30: Cost: 0.343709
Epoch 40: Cost: 0.343669
Epoch 50: Cost: 0.343485
Epoch 60: Cost: 0.342882
Epoch 70: Cost: 0.340783
Epoch 80: Cost: 0.333086
Epoch 90: Cost: 0.314755
Epoch 100: Cost: 0.294319
Epoch 110: Cost: 0.283554
Epoch 120: Cost: 0.279103
Epoch 130: Cost: 0.276850
Epoch 140: Cost: 0.275461
Epoch 150: Cost: 0.274090
Epoch 160: Cost: 0.271045
Epoch 170: Cost: 0.259727
Epoch 180: Cost: 0.221126
Epoch 190: Cost: 0.181790
Epoch 200: Cost: 0.155723
Epoch 210: Cost: 0.142918
Epoch 220: Cost: 0.135764
Epoch 230: Cost: 0.130073
Epoch 240: Cost: 0.124907
Epoch 250: Cost: 0.120316
Epoch 260: Cost: 0.115120
Epoch 270: Cost: 0.114294
Epoch 280: Cost: 0.113570
Epoch 290: Cost: 0.112742
Epoch 300: Cost: 0.111796
Epoch 310: Cost: 0.110728
Epoch 320: Cost: 0.109540
Epoch 330: Cost: 0.108234
Epoch 340: Cost: 0.106820
Epoch 350: Cost: 0.105308
Epoch 360: Cost: 0.103711
Epoch 370: Cost: 0.102039
Epoch 380: Cost: 0.100304
Epoch 390: Cost: 0.098515
Epoch 400: Cost: 0.096680
Epoch 410: Cost: 0.094777
Epoch 420: Cost: 0.092886
Epoch 430: Cost: 0.090975
Epoch 440: Cost: 0.089052
Epoch 450: Cost: 0.087130
Epoch 460: Cost: 0.085225
Epoch 470: Cost: 0.083351
Epoch 480: Cost: 0.081524
Epoch 490: Cost: 0.079752
Epoch 500: Cost: 0.078038
Epoch 510: Cost: 0.076345
Epoch 520: Cost: 0.074731
Epoch 530: Cost: 0.073147
Epoch 540: Cost: 0.071569
Epoch 550: Cost: 0.069973
Epoch 560: Cost: 0.068338
Epoch 570: Cost: 0.066645
Epoch 580: Cost: 0.064894
Epoch 590: Cost: 0.063117
Epoch 600: Cost: 0.061388
Epoch 610: Cost: 0.059739
Epoch 620: Cost: 0.058301
Epoch 630: Cost: 0.057029
Epoch 640: Cost: 0.055887
Epoch 650: Cost: 0.054845
Epoch 660: Cost: 0.053885
Epoch 670: Cost: 0.052996
Epoch 680: Cost: 0.052174
Epoch 690: Cost: 0.051417
Epoch 700: Cost: 0.050719
Epoch 710: Cost: 0.049992
Epoch 720: Cost: 0.049405
Epoch 730: Cost: 0.048861
Epoch 740: Cost: 0.048353
Epoch 750: Cost: 0.047875
Epoch 760: Cost: 0.047059
Epoch 770: Cost: 0.046157
Epoch 780: Cost: 0.045958
Epoch 790: Cost: 0.045878
Epoch 800: Cost: 0.045816
Epoch 810: Cost: 0.045755
Epoch 820: Cost: 0.045696
Epoch 830: Cost: 0.045636
Epoch 840: Cost: 0.045573
Epoch 850: Cost: 0.045507
Epoch 860: Cost: 0.045439
Epoch 870: Cost: 0.045367
Epoch 880: Cost: 0.045291
Epoch 890: Cost: 0.045211
Epoch 900: Cost: 0.045128
Epoch 910: Cost: 0.045034
Epoch 920: Cost: 0.044942
Epoch 930: Cost: 0.044847
Epoch 940: Cost: 0.044747
Epoch 950: Cost: 0.044644
Epoch 960: Cost: 0.044536
Epoch 970: Cost: 0.044425
Epoch 980: Cost: 0.044311
Epoch 990: Cost: 0.044192
Epoch 1000: Cost: 0.044071
Optimization complete.
0.14482885476497964
... building model (hdim=20, len(X)=507, batch_size=1, eps=0.001, eps_factor=0.99)
... training
Epoch 10: Cost: 0.332855
Epoch 20: Cost: 0.332371
Epoch 30: Cost: 0.332228
Epoch 40: Cost: 0.332168
Epoch 50: Cost: 0.332141
Epoch 60: Cost: 0.332127
Epoch 70: Cost: 0.332099
Epoch 80: Cost: 0.332080
Epoch 90: Cost: 0.332066
Epoch 100: Cost: 0.332052
Epoch 110: Cost: 0.332031
Epoch 120: Cost: 0.332001
Epoch 130: Cost: 0.331955
Epoch 140: Cost: 0.331883
Epoch 150: Cost: 0.331770
Epoch 160: Cost: 0.331589
Epoch 170: Cost: 0.331292
Epoch 180: Cost: 0.330782
Epoch 190: Cost: 0.329876
Epoch 200: Cost: 0.328243
Epoch 210: Cost: 0.325432
Epoch 220: Cost: 0.321178
Epoch 230: Cost: 0.315759
Epoch 240: Cost: 0.310065
Epoch 250: Cost: 0.304949
Epoch 260: Cost: 0.300987
Epoch 270: Cost: 0.298421
Epoch 280: Cost: 0.296910
Epoch 290: Cost: 0.295898
Epoch 300: Cost: 0.295026
Epoch 310: Cost: 0.293919
Epoch 320: Cost: 0.292701
Epoch 330: Cost: 0.290584
Epoch 340: Cost: 0.286075
Epoch 350: Cost: 0.278076
Epoch 360: Cost: 0.269677
Epoch 370: Cost: 0.263139
Epoch 380: Cost: 0.257515
Epoch 390: Cost: 0.252272
Epoch 400: Cost: 0.247267
Epoch 410: Cost: 0.241809
Epoch 420: Cost: 0.237496
Epoch 430: Cost: 0.233591
Epoch 440: Cost: 0.230191
Epoch 450: Cost: 0.227295
Epoch 460: Cost: 0.224740
Epoch 470: Cost: 0.222223
Epoch 480: Cost: 0.219425
Epoch 490: Cost: 0.216235
Epoch 500: Cost: 0.212862
Epoch 510: Cost: 0.208787
Epoch 520: Cost: 0.205862
Epoch 530: Cost: 0.203077
Epoch 540: Cost: 0.200313
Epoch 550: Cost: 0.197482
Epoch 560: Cost: 0.194562
Epoch 570: Cost: 0.191562
Epoch 580: Cost: 0.188466
Epoch 590: Cost: 0.185186
Epoch 600: Cost: 0.181558
Epoch 610: Cost: 0.177601
Epoch 620: Cost: 0.173119
Epoch 630: Cost: 0.168443
Epoch 640: Cost: 0.163900
Epoch 650: Cost: 0.159763
Epoch 660: Cost: 0.156181
Epoch 670: Cost: 0.153182
Epoch 680: Cost: 0.150708
Epoch 690: Cost: 0.148644
Epoch 700: Cost: 0.146868
Epoch 710: Cost: 0.144714
Epoch 720: Cost: 0.143410
Epoch 730: Cost: 0.142424
Epoch 740: Cost: 0.141794
Epoch 750: Cost: 0.141491
Epoch 760: Cost: 0.135630
Epoch 770: Cost: 0.119527
Epoch 780: Cost: 0.118015
Epoch 790: Cost: 0.117885
Epoch 800: Cost: 0.117816
Epoch 810: Cost: 0.117759
Epoch 820: Cost: 0.117707
Epoch 830: Cost: 0.117653
Epoch 840: Cost: 0.117598
Epoch 850: Cost: 0.117540
Epoch 860: Cost: 0.117481
Epoch 870: Cost: 0.117419
Epoch 880: Cost: 0.117355
Epoch 890: Cost: 0.117290
Epoch 900: Cost: 0.117222
Epoch 910: Cost: 0.117119
Epoch 920: Cost: 0.117046
Epoch 930: Cost: 0.116972
Epoch 940: Cost: 0.116897
Epoch 950: Cost: 0.116823
Epoch 960: Cost: 0.116750
Epoch 970: Cost: 0.116679
Epoch 980: Cost: 0.116611
Epoch 990: Cost: 0.116546
Epoch 1000: Cost: 0.116485
Optimization complete.
0.16757166787800754
... building model (hdim=20, len(X)=1016, batch_size=1, eps=0.001, eps_factor=0.99)
... training
Epoch 10: Cost: 0.342179
Epoch 20: Cost: 0.342137
Epoch 30: Cost: 0.342124
Epoch 40: Cost: 0.342108
Epoch 50: Cost: 0.342099
Epoch 60: Cost: 0.342090
Epoch 70: Cost: 0.342075
Epoch 80: Cost: 0.342046
Epoch 90: Cost: 0.341980
Epoch 100: Cost: 0.341827
Epoch 110: Cost: 0.341448
Epoch 120: Cost: 0.340502
Epoch 130: Cost: 0.338377
Epoch 140: Cost: 0.334714
Epoch 150: Cost: 0.328902
Epoch 160: Cost: 0.319292
Epoch 170: Cost: 0.300645
Epoch 180: Cost: 0.285174
Epoch 190: Cost: 0.274848
Epoch 200: Cost: 0.266093
Epoch 210: Cost: 0.257955
Epoch 220: Cost: 0.250360
Epoch 230: Cost: 0.243829
Epoch 240: Cost: 0.238729
Epoch 250: Cost: 0.235182
Epoch 260: Cost: 0.233043
Epoch 270: Cost: 0.231892
Epoch 280: Cost: 0.196922
Epoch 290: Cost: 0.185494
Epoch 300: Cost: 0.185300
Epoch 310: Cost: 0.184806
Epoch 320: Cost: 0.184646
Epoch 330: Cost: 0.184495
Epoch 340: Cost: 0.184322
Epoch 350: Cost: 0.184165
Epoch 360: Cost: 0.184068
Epoch 370: Cost: 0.183449
Epoch 380: Cost: 0.183050
Epoch 390: Cost: 0.182959
Epoch 400: Cost: 0.182850
Epoch 410: Cost: 0.182716
Epoch 420: Cost: 0.182563
Epoch 430: Cost: 0.182397
Epoch 440: Cost: 0.182224
Epoch 450: Cost: 0.182053
Epoch 460: Cost: 0.181890
Epoch 470: Cost: 0.181745
Epoch 480: Cost: 0.181625
Epoch 490: Cost: 0.181539
Epoch 500: Cost: 0.181493
Epoch 510: Cost: 0.181029
Epoch 520: Cost: 0.179502
Epoch 530: Cost: 0.179356
Epoch 540: Cost: 0.179297
Epoch 550: Cost: 0.179235
Epoch 560: Cost: 0.179161
Epoch 570: Cost: 0.179075
Epoch 580: Cost: 0.178976
Epoch 590: Cost: 0.178866
Epoch 600: Cost: 0.178744
Epoch 610: Cost: 0.178610
Epoch 620: Cost: 0.178467
Epoch 630: Cost: 0.178315
Epoch 640: Cost: 0.178154
Epoch 650: Cost: 0.177983
Epoch 660: Cost: 0.177804
Epoch 670: Cost: 0.177616
Epoch 680: Cost: 0.177422
Epoch 690: Cost: 0.177220
Epoch 700: Cost: 0.177012
Epoch 710: Cost: 0.176779
Epoch 720: Cost: 0.176561
Epoch 730: Cost: 0.176338
Epoch 740: Cost: 0.176113
Epoch 750: Cost: 0.175885
Epoch 760: Cost: 0.175656
Epoch 770: Cost: 0.175427
Epoch 780: Cost: 0.175199
Epoch 790: Cost: 0.174974
Epoch 800: Cost: 0.174753
Epoch 810: Cost: 0.174466
Epoch 820: Cost: 0.174251
Epoch 830: Cost: 0.174043
Epoch 840: Cost: 0.173842
Epoch 850: Cost: 0.173651
Epoch 860: Cost: 0.173469
Epoch 870: Cost: 0.173299
Epoch 880: Cost: 0.173140
Epoch 890: Cost: 0.172993
Epoch 900: Cost: 0.172860
Epoch 910: Cost: 0.172575
Epoch 920: Cost: 0.172460
Epoch 930: Cost: 0.172358
Epoch 940: Cost: 0.172270
Epoch 950: Cost: 0.172197
Epoch 960: Cost: 0.172138
Epoch 970: Cost: 0.172093
Epoch 980: Cost: 0.172063
Epoch 990: Cost: 0.172047
Epoch 1000: Cost: 0.170349
Optimization complete.
0.1738946101943663
... building model (hdim=20, len(X)=2036, batch_size=2, eps=0.001, eps_factor=0.99)
... training
Epoch 10: Cost: 0.343638
Epoch 20: Cost: 0.343626
Epoch 30: Cost: 0.343623
Epoch 40: Cost: 0.343618
Epoch 50: Cost: 0.343615
Epoch 60: Cost: 0.343611
Epoch 70: Cost: 0.343603
Epoch 80: Cost: 0.343583
Epoch 90: Cost: 0.343535
Epoch 100: Cost: 0.343414
Epoch 110: Cost: 0.343097
Epoch 120: Cost: 0.342222
Epoch 130: Cost: 0.339831
Epoch 140: Cost: 0.334153
Epoch 150: Cost: 0.322769
Epoch 160: Cost: 0.308277
Epoch 170: Cost: 0.283019
Epoch 180: Cost: 0.268051
Epoch 190: Cost: 0.262116
Epoch 200: Cost: 0.246854
Epoch 210: Cost: 0.239805
Epoch 220: Cost: 0.238918
Epoch 230: Cost: 0.237948
Epoch 240: Cost: 0.236796
Epoch 250: Cost: 0.235443
Epoch 260: Cost: 0.233918
Epoch 270: Cost: 0.232274
Epoch 280: Cost: 0.230576
Epoch 290: Cost: 0.228892
Epoch 300: Cost: 0.227296
Epoch 310: Cost: 0.225782
Epoch 320: Cost: 0.224563
Epoch 330: Cost: 0.223641
Epoch 340: Cost: 0.223085
Epoch 350: Cost: 0.220470
Epoch 360: Cost: 0.213893
Epoch 370: Cost: 0.213532
Epoch 380: Cost: 0.213282
Epoch 390: Cost: 0.213008
Epoch 400: Cost: 0.212676
Epoch 410: Cost: 0.212273
Epoch 420: Cost: 0.211804
Epoch 430: Cost: 0.211267
Epoch 440: Cost: 0.210667
Epoch 450: Cost: 0.210012
Epoch 460: Cost: 0.209307
Epoch 470: Cost: 0.208559
Epoch 480: Cost: 0.207776
Epoch 490: Cost: 0.206964
Epoch 500: Cost: 0.206129
Epoch 510: Cost: 0.205222
Epoch 520: Cost: 0.204354
Epoch 530: Cost: 0.203475
Epoch 540: Cost: 0.202587
Epoch 550: Cost: 0.201689
Epoch 560: Cost: 0.200779
Epoch 570: Cost: 0.199853
Epoch 580: Cost: 0.198906
Epoch 590: Cost: 0.197929
Epoch 600: Cost: 0.196913
Epoch 610: Cost: 0.195643
Epoch 620: Cost: 0.194505
Epoch 630: Cost: 0.193285
Epoch 640: Cost: 0.191962
Epoch 650: Cost: 0.190520
Epoch 660: Cost: 0.188952
Epoch 670: Cost: 0.187262
Epoch 680: Cost: 0.185474
Epoch 690: Cost: 0.183625
Epoch 700: Cost: 0.181760
Epoch 710: Cost: 0.179603
Epoch 720: Cost: 0.177861
Epoch 730: Cost: 0.176185
Epoch 740: Cost: 0.174559
Epoch 750: Cost: 0.172941
Epoch 760: Cost: 0.171275
Epoch 770: Cost: 0.169496
Epoch 780: Cost: 0.167538
Epoch 790: Cost: 0.165346
Epoch 800: Cost: 0.162886
Epoch 810: Cost: 0.160164
Epoch 820: Cost: 0.157314
Epoch 830: Cost: 0.154366
Epoch 840: Cost: 0.151468
Epoch 850: Cost: 0.148798
Epoch 860: Cost: 0.146511
Epoch 870: Cost: 0.144710
Epoch 880: Cost: 0.143557
Epoch 890: Cost: 0.137412
Epoch 900: Cost: 0.133941
Epoch 910: Cost: 0.133663
Epoch 920: Cost: 0.133518
Epoch 930: Cost: 0.133389
Epoch 940: Cost: 0.133244
Epoch 950: Cost: 0.133077
Epoch 960: Cost: 0.132888
Epoch 970: Cost: 0.132679
Epoch 980: Cost: 0.132448
Epoch 990: Cost: 0.132196
Epoch 1000: Cost: 0.131925
Optimization complete.
0.1896673873241314
... building model (hdim=20, len(X)=5096, batch_size=5, eps=0.001, eps_factor=0.99)
... training
Epoch 10: Cost: 0.345889
Epoch 20: Cost: 0.345819
Epoch 30: Cost: 0.345799
Epoch 40: Cost: 0.345793
Epoch 50: Cost: 0.345790
Epoch 60: Cost: 0.345788
Epoch 70: Cost: 0.345786
Epoch 80: Cost: 0.345785
Epoch 90: Cost: 0.345784
Epoch 100: Cost: 0.345782
Epoch 110: Cost: 0.345781
Epoch 120: Cost: 0.345779
Epoch 130: Cost: 0.345778
Epoch 140: Cost: 0.345777
Epoch 150: Cost: 0.345776
Epoch 160: Cost: 0.345774
Epoch 170: Cost: 0.345773
Epoch 180: Cost: 0.345770
Epoch 190: Cost: 0.345767
Epoch 200: Cost: 0.345763
Epoch 210: Cost: 0.345758
Epoch 220: Cost: 0.345753
Epoch 230: Cost: 0.345745
Epoch 240: Cost: 0.345736
Epoch 250: Cost: 0.345725
Epoch 260: Cost: 0.345711
Epoch 270: Cost: 0.345693
Epoch 280: Cost: 0.345670
Epoch 290: Cost: 0.345640
Epoch 300: Cost: 0.345602
Epoch 310: Cost: 0.345551
Epoch 320: Cost: 0.345484
Epoch 330: Cost: 0.345394
Epoch 340: Cost: 0.345271
Epoch 350: Cost: 0.345101
Epoch 360: Cost: 0.344861
Epoch 370: Cost: 0.344518
Epoch 380: Cost: 0.344029
Epoch 390: Cost: 0.343330
Epoch 400: Cost: 0.342356
Epoch 410: Cost: 0.341057
Epoch 420: Cost: 0.339409
Epoch 430: Cost: 0.337424
Epoch 440: Cost: 0.335102
Epoch 450: Cost: 0.332357
Epoch 460: Cost: 0.329055
Epoch 470: Cost: 0.325162
Epoch 480: Cost: 0.320608
Epoch 490: Cost: 0.315018
Epoch 500: Cost: 0.308252
Epoch 510: Cost: 0.301054
Epoch 520: Cost: 0.294295
Epoch 530: Cost: 0.288280
Epoch 540: Cost: 0.283056
Epoch 550: Cost: 0.278540
Epoch 560: Cost: 0.274563
Epoch 570: Cost: 0.270932
Epoch 580: Cost: 0.267494
Epoch 590: Cost: 0.264163
Epoch 600: Cost: 0.260900
Epoch 610: Cost: 0.257725
Epoch 620: Cost: 0.254598
Epoch 630: Cost: 0.251492
Epoch 640: Cost: 0.248408
Epoch 650: Cost: 0.245353
Epoch 660: Cost: 0.242341
Epoch 670: Cost: 0.239388
Epoch 680: Cost: 0.236504
Epoch 690: Cost: 0.233699
Epoch 700: Cost: 0.230978
Epoch 710: Cost: 0.228506
Epoch 720: Cost: 0.225997
Epoch 730: Cost: 0.223598
Epoch 740: Cost: 0.221313
Epoch 750: Cost: 0.219137
Epoch 760: Cost: 0.217057
Epoch 770: Cost: 0.215047
Epoch 780: Cost: 0.213076
Epoch 790: Cost: 0.211168
Epoch 800: Cost: 0.209377
Epoch 810: Cost: 0.207718
Epoch 820: Cost: 0.206155
Epoch 830: Cost: 0.204682
Epoch 840: Cost: 0.203299
Epoch 850: Cost: 0.202012
Epoch 860: Cost: 0.200836
Epoch 870: Cost: 0.199790
Epoch 880: Cost: 0.198898
Epoch 890: Cost: 0.198182
Epoch 900: Cost: 0.197654
Epoch 910: Cost: 0.196980
Epoch 920: Cost: 0.196766
Epoch 930: Cost: 0.196707
Epoch 940: Cost: 0.192167
Epoch 950: Cost: 0.191632
Epoch 960: Cost: 0.191570
Epoch 970: Cost: 0.191543
Epoch 980: Cost: 0.191519
Epoch 990: Cost: 0.191497
Epoch 1000: Cost: 0.191478
Optimization complete.
0.19226257806626768
... building model (hdim=20, len(X)=10196, batch_size=10, eps=0.001, eps_factor=0.99)
... training
Epoch 10: Cost: 0.345489
Epoch 20: Cost: 0.345449
Epoch 30: Cost: 0.345437
Epoch 40: Cost: 0.345425
Epoch 50: Cost: 0.345417
Epoch 60: Cost: 0.345412
Epoch 70: Cost: 0.345405
Epoch 80: Cost: 0.345390
Epoch 90: Cost: 0.345358
Epoch 100: Cost: 0.345289
Epoch 110: Cost: 0.345132
Epoch 120: Cost: 0.344770
Epoch 130: Cost: 0.343837
Epoch 140: Cost: 0.341228
Epoch 150: Cost: 0.334875
Epoch 160: Cost: 0.327034
Epoch 170: Cost: 0.316822
Epoch 180: Cost: 0.297703
Epoch 190: Cost: 0.277981
Epoch 200: Cost: 0.262579
Epoch 210: Cost: 0.252076
Epoch 220: Cost: 0.243956
Epoch 230: Cost: 0.237039
Epoch 240: Cost: 0.231315
Epoch 250: Cost: 0.227524
Epoch 260: Cost: 0.222240
Epoch 270: Cost: 0.217326
Epoch 280: Cost: 0.217151
Epoch 290: Cost: 0.217120
Epoch 300: Cost: 0.217105
Epoch 310: Cost: 0.217007
Epoch 320: Cost: 0.216814
Epoch 330: Cost: 0.216458
Epoch 340: Cost: 0.215907
Epoch 350: Cost: 0.215143
Epoch 360: Cost: 0.214164
Epoch 370: Cost: 0.212984
Epoch 380: Cost: 0.211636
Epoch 390: Cost: 0.210163
Epoch 400: Cost: 0.208614
Epoch 410: Cost: 0.207055
Epoch 420: Cost: 0.205492
Epoch 430: Cost: 0.203974
Epoch 440: Cost: 0.202532
Epoch 450: Cost: 0.201194
Epoch 460: Cost: 0.199989
Epoch 470: Cost: 0.198949
Epoch 480: Cost: 0.198112
Epoch 490: Cost: 0.197516
Epoch 500: Cost: 0.197199
Epoch 510: Cost: 0.193307
Epoch 520: Cost: 0.189767
Epoch 530: Cost: 0.189645
Epoch 540: Cost: 0.189432
Epoch 550: Cost: 0.189400
Epoch 560: Cost: 0.189391
Epoch 570: Cost: 0.189384
Epoch 580: Cost: 0.189379
Epoch 590: Cost: 0.189377
Epoch 600: Cost: 0.189375
Epoch 610: Cost: 0.189363
Epoch 620: Cost: 0.189361
Epoch 630: Cost: 0.189358
Epoch 640: Cost: 0.189352
Epoch 650: Cost: 0.189345
Epoch 660: Cost: 0.189337
Epoch 670: Cost: 0.189328
Epoch 680: Cost: 0.189321
Epoch 690: Cost: 0.189316
Epoch 700: Cost: 0.188066
Epoch 710: Cost: 0.186762
Epoch 720: Cost: 0.186684
Epoch 730: Cost: 0.186671
Epoch 740: Cost: 0.186656
Epoch 750: Cost: 0.186636
Epoch 760: Cost: 0.186612
Epoch 770: Cost: 0.186582
Epoch 780: Cost: 0.186547
Epoch 790: Cost: 0.186508
Epoch 800: Cost: 0.186464
Epoch 810: Cost: 0.186411
Epoch 820: Cost: 0.186359
Epoch 830: Cost: 0.186304
Epoch 840: Cost: 0.186245
Epoch 850: Cost: 0.186183
Epoch 860: Cost: 0.186117
Epoch 870: Cost: 0.186048
Epoch 880: Cost: 0.185974
Epoch 890: Cost: 0.185896
Epoch 900: Cost: 0.185813
Epoch 910: Cost: 0.185705
Epoch 920: Cost: 0.185611
Epoch 930: Cost: 0.185512
Epoch 940: Cost: 0.185406
Epoch 950: Cost: 0.185294
Epoch 960: Cost: 0.185175
Epoch 970: Cost: 0.185050
Epoch 980: Cost: 0.184917
Epoch 990: Cost: 0.184779
Epoch 1000: Cost: 0.184633
Optimization complete.
