0.08188327133160853
... building model (hdim=20, len(X)=10200, batch_size=10, eps=0.001, eps_factor=0.99)
... training
Epoch 10: Cost: 0.343996
Epoch 20: Cost: 0.343929
Epoch 30: Cost: 0.343904
Epoch 40: Cost: 0.343888
Epoch 50: Cost: 0.343877
Epoch 60: Cost: 0.343858
Epoch 70: Cost: 0.343808
Epoch 80: Cost: 0.343667
Epoch 90: Cost: 0.343245
Epoch 100: Cost: 0.341825
Epoch 110: Cost: 0.336214
Epoch 120: Cost: 0.315402
Epoch 130: Cost: 0.285723
Epoch 140: Cost: 0.239642
Epoch 150: Cost: 0.175099
Epoch 160: Cost: 0.146098
Epoch 170: Cost: 0.129017
Epoch 180: Cost: 0.116922
Epoch 190: Cost: 0.107673
Epoch 200: Cost: 0.100263
Epoch 210: Cost: 0.094122
Epoch 220: Cost: 0.088924
Epoch 230: Cost: 0.084480
Epoch 240: Cost: 0.080620
Epoch 250: Cost: 0.077227
Epoch 260: Cost: 0.074186
Epoch 270: Cost: 0.071329
Epoch 280: Cost: 0.068435
Epoch 290: Cost: 0.065168
Epoch 300: Cost: 0.061299
Epoch 310: Cost: 0.057422
Epoch 320: Cost: 0.054009
Epoch 330: Cost: 0.051074
Epoch 340: Cost: 0.048562
Epoch 350: Cost: 0.046439
Epoch 360: Cost: 0.044660
Epoch 370: Cost: 0.043163
Epoch 380: Cost: 0.041880
Epoch 390: Cost: 0.040754
Epoch 400: Cost: 0.039744
Epoch 410: Cost: 0.038816
Epoch 420: Cost: 0.037971
Epoch 430: Cost: 0.037182
Epoch 440: Cost: 0.036440
Epoch 450: Cost: 0.035741
Epoch 460: Cost: 0.035080
Epoch 470: Cost: 0.034454
Epoch 480: Cost: 0.033861
Epoch 490: Cost: 0.033299
Epoch 500: Cost: 0.032765
Epoch 510: Cost: 0.032250
Epoch 520: Cost: 0.031770
Epoch 530: Cost: 0.031311
Epoch 540: Cost: 0.030871
Epoch 550: Cost: 0.030446
Epoch 560: Cost: 0.030035
Epoch 570: Cost: 0.029635
Epoch 580: Cost: 0.029243
Epoch 590: Cost: 0.028858
Epoch 600: Cost: 0.028477
Epoch 610: Cost: 0.028084
Epoch 620: Cost: 0.027711
Epoch 630: Cost: 0.027338
Epoch 640: Cost: 0.026965
Epoch 650: Cost: 0.026592
Epoch 660: Cost: 0.026219
Epoch 670: Cost: 0.025845
Epoch 680: Cost: 0.025470
Epoch 690: Cost: 0.025095
Epoch 700: Cost: 0.024718
Epoch 710: Cost: 0.024296
Epoch 720: Cost: 0.023920
Epoch 730: Cost: 0.023548
Epoch 740: Cost: 0.023181
Epoch 750: Cost: 0.022822
Epoch 760: Cost: 0.022470
Epoch 770: Cost: 0.022124
Epoch 780: Cost: 0.021781
Epoch 790: Cost: 0.021441
Epoch 800: Cost: 0.021102
Epoch 810: Cost: 0.020692
Epoch 820: Cost: 0.020361
Epoch 830: Cost: 0.020034
Epoch 840: Cost: 0.019708
Epoch 850: Cost: 0.019385
Epoch 860: Cost: 0.019060
Epoch 870: Cost: 0.018735
Epoch 880: Cost: 0.018419
Epoch 890: Cost: 0.018138
Epoch 900: Cost: 0.017939
Epoch 910: Cost: 0.017661
Epoch 920: Cost: 0.017551
Epoch 930: Cost: 0.017526
Epoch 940: Cost: 0.017517
Epoch 950: Cost: 0.017510
Epoch 960: Cost: 0.017502
Epoch 970: Cost: 0.017491
Epoch 980: Cost: 0.017479
Epoch 990: Cost: 0.017464
Epoch 1000: Cost: 0.017449
Optimization complete.
