0.03258360318452828
... building model (hdim=20, len(X)=10200, batch_size=10, eps=0.001, eps_factor=0.99)
... training
Epoch 10: Cost: 0.320769
Epoch 20: Cost: 0.320759
Epoch 30: Cost: 0.320591
Epoch 40: Cost: 0.312233
Epoch 50: Cost: 0.235090
Epoch 60: Cost: 0.091164
Epoch 70: Cost: 0.063006
Epoch 80: Cost: 0.051209
Epoch 90: Cost: 0.042825
Epoch 100: Cost: 0.035442
Epoch 110: Cost: 0.030570
Epoch 120: Cost: 0.027629
Epoch 130: Cost: 0.025615
Epoch 140: Cost: 0.024113
Epoch 150: Cost: 0.022903
Epoch 160: Cost: 0.021826
Epoch 170: Cost: 0.020809
Epoch 180: Cost: 0.019881
Epoch 190: Cost: 0.019071
Epoch 200: Cost: 0.018382
Epoch 210: Cost: 0.017768
Epoch 220: Cost: 0.017270
Epoch 230: Cost: 0.016837
Epoch 240: Cost: 0.016453
Epoch 250: Cost: 0.016108
Epoch 260: Cost: 0.015794
Epoch 270: Cost: 0.015505
Epoch 280: Cost: 0.015236
Epoch 290: Cost: 0.014981
Epoch 300: Cost: 0.014733
Epoch 310: Cost: 0.014441
Epoch 320: Cost: 0.014180
Epoch 330: Cost: 0.013903
Epoch 340: Cost: 0.013613
Epoch 350: Cost: 0.013314
Epoch 360: Cost: 0.012997
Epoch 370: Cost: 0.012651
Epoch 380: Cost: 0.012284
Epoch 390: Cost: 0.011928
Epoch 400: Cost: 0.011613
Epoch 410: Cost: 0.011306
Epoch 420: Cost: 0.011089
Epoch 430: Cost: 0.010909
Epoch 440: Cost: 0.010755
Epoch 450: Cost: 0.010622
Epoch 460: Cost: 0.010500
Epoch 470: Cost: 0.010384
Epoch 480: Cost: 0.010271
Epoch 490: Cost: 0.010163
Epoch 500: Cost: 0.010065
Epoch 510: Cost: 0.009979
Epoch 520: Cost: 0.009931
Epoch 530: Cost: 0.009910
Epoch 540: Cost: 0.009905
Epoch 550: Cost: 0.009890
Epoch 560: Cost: 0.009841
Epoch 570: Cost: 0.009757
Epoch 580: Cost: 0.009670
Epoch 590: Cost: 0.009615
Epoch 600: Cost: 0.007461
Epoch 610: Cost: 0.006807
Epoch 620: Cost: 0.006737
Epoch 630: Cost: 0.006721
Epoch 640: Cost: 0.006711
Epoch 650: Cost: 0.006703
Epoch 660: Cost: 0.006698
Epoch 670: Cost: 0.006695
Epoch 680: Cost: 0.006694
Epoch 690: Cost: 0.006644
Epoch 700: Cost: 0.006638
Epoch 710: Cost: 0.006635
Epoch 720: Cost: 0.006633
Epoch 730: Cost: 0.006630
Epoch 740: Cost: 0.006627
Epoch 750: Cost: 0.006623
Epoch 760: Cost: 0.006618
Epoch 770: Cost: 0.006613
Epoch 780: Cost: 0.006607
Epoch 790: Cost: 0.006601
Epoch 800: Cost: 0.006594
Epoch 810: Cost: 0.006587
Epoch 820: Cost: 0.006579
Epoch 830: Cost: 0.006571
Epoch 840: Cost: 0.006563
Epoch 850: Cost: 0.006555
Epoch 860: Cost: 0.006546
Epoch 870: Cost: 0.006537
Epoch 880: Cost: 0.006528
Epoch 890: Cost: 0.006518
Epoch 900: Cost: 0.006509
Epoch 910: Cost: 0.006498
Epoch 920: Cost: 0.006488
Epoch 930: Cost: 0.006478
Epoch 940: Cost: 0.006468
Epoch 950: Cost: 0.006457
Epoch 960: Cost: 0.006447
Epoch 970: Cost: 0.006436
Epoch 980: Cost: 0.006426
Epoch 990: Cost: 0.006415
Epoch 1000: Cost: 0.006404
Optimization complete.
