0.03480359822503379
... building model (hdim=20, len(X)=204, batch_size=1, eps=0.001, eps_factor=0.99)
... training
Epoch 10: Cost: 0.304297
Epoch 20: Cost: 0.298977
Epoch 30: Cost: 0.298841
Epoch 40: Cost: 0.298776
Epoch 50: Cost: 0.298682
Epoch 60: Cost: 0.298512
Epoch 70: Cost: 0.298164
Epoch 80: Cost: 0.297308
Epoch 90: Cost: 0.294460
Epoch 100: Cost: 0.276443
Epoch 110: Cost: 0.215508
Epoch 120: Cost: 0.164687
Epoch 130: Cost: 0.128084
Epoch 140: Cost: 0.107116
Epoch 150: Cost: 0.093886
Epoch 160: Cost: 0.085759
Epoch 170: Cost: 0.080486
Epoch 180: Cost: 0.076897
Epoch 190: Cost: 0.074649
Epoch 200: Cost: 0.073833
Epoch 210: Cost: 0.061148
Epoch 220: Cost: 0.060278
Epoch 230: Cost: 0.059791
Epoch 240: Cost: 0.059345
Epoch 250: Cost: 0.058907
Epoch 260: Cost: 0.058467
Epoch 270: Cost: 0.058029
Epoch 280: Cost: 0.057599
Epoch 290: Cost: 0.057188
Epoch 300: Cost: 0.056804
Epoch 310: Cost: 0.056404
Epoch 320: Cost: 0.056090
Epoch 330: Cost: 0.055819
Epoch 340: Cost: 0.055590
Epoch 350: Cost: 0.055396
Epoch 360: Cost: 0.055227
Epoch 370: Cost: 0.055067
Epoch 380: Cost: 0.054895
Epoch 390: Cost: 0.054684
Epoch 400: Cost: 0.054404
Epoch 410: Cost: 0.053758
Epoch 420: Cost: 0.053221
Epoch 430: Cost: 0.052508
Epoch 440: Cost: 0.051592
Epoch 450: Cost: 0.050457
Epoch 460: Cost: 0.049105
Epoch 470: Cost: 0.047558
Epoch 480: Cost: 0.045848
Epoch 490: Cost: 0.044018
Epoch 500: Cost: 0.042111
Epoch 510: Cost: 0.039865
Epoch 520: Cost: 0.037960
Epoch 530: Cost: 0.036035
Epoch 540: Cost: 0.034077
Epoch 550: Cost: 0.032071
Epoch 560: Cost: 0.030042
Epoch 570: Cost: 0.028086
Epoch 580: Cost: 0.026323
Epoch 590: Cost: 0.024806
Epoch 600: Cost: 0.023516
Epoch 610: Cost: 0.022355
Epoch 620: Cost: 0.021393
Epoch 630: Cost: 0.020532
Epoch 640: Cost: 0.019751
Epoch 650: Cost: 0.019036
Epoch 660: Cost: 0.018374
Epoch 670: Cost: 0.017754
Epoch 680: Cost: 0.016686
Epoch 690: Cost: 0.016523
Epoch 700: Cost: 0.016503
Epoch 710: Cost: 0.016481
Epoch 720: Cost: 0.016456
Epoch 730: Cost: 0.016428
Epoch 740: Cost: 0.016397
Epoch 750: Cost: 0.016364
Epoch 760: Cost: 0.016328
Epoch 770: Cost: 0.016288
Epoch 780: Cost: 0.016245
Epoch 790: Cost: 0.016197
Epoch 800: Cost: 0.016146
Epoch 810: Cost: 0.016090
Epoch 820: Cost: 0.016030
Epoch 830: Cost: 0.015967
Epoch 840: Cost: 0.015899
Epoch 850: Cost: 0.015827
Epoch 860: Cost: 0.015752
Epoch 870: Cost: 0.015673
Epoch 880: Cost: 0.015590
Epoch 890: Cost: 0.015503
Epoch 900: Cost: 0.015414
Epoch 910: Cost: 0.015319
Epoch 920: Cost: 0.015225
Epoch 930: Cost: 0.015128
Epoch 940: Cost: 0.015028
Epoch 950: Cost: 0.014926
Epoch 960: Cost: 0.014823
Epoch 970: Cost: 0.014717
Epoch 980: Cost: 0.014610
Epoch 990: Cost: 0.014501
Epoch 1000: Cost: 0.014390
Optimization complete.
