0.07591160023708128
... building model (hdim=20, len(X)=204, batch_size=1, eps=0.001, eps_factor=0.99)
... training
Epoch 10: Cost: 0.344318
Epoch 20: Cost: 0.342862
Epoch 30: Cost: 0.342657
Epoch 40: Cost: 0.342593
Epoch 50: Cost: 0.342509
Epoch 60: Cost: 0.342477
Epoch 70: Cost: 0.342452
Epoch 80: Cost: 0.342423
Epoch 90: Cost: 0.342385
Epoch 100: Cost: 0.342335
Epoch 110: Cost: 0.342262
Epoch 120: Cost: 0.342154
Epoch 130: Cost: 0.341978
Epoch 140: Cost: 0.341672
Epoch 150: Cost: 0.341085
Epoch 160: Cost: 0.339824
Epoch 170: Cost: 0.336704
Epoch 180: Cost: 0.327931
Epoch 190: Cost: 0.305328
Epoch 200: Cost: 0.274310
Epoch 210: Cost: 0.257333
Epoch 220: Cost: 0.247641
Epoch 230: Cost: 0.227136
Epoch 240: Cost: 0.183596
Epoch 250: Cost: 0.152288
Epoch 260: Cost: 0.131246
Epoch 270: Cost: 0.115069
Epoch 280: Cost: 0.100911
Epoch 290: Cost: 0.088606
Epoch 300: Cost: 0.078985
Epoch 310: Cost: 0.071897
Epoch 320: Cost: 0.066379
Epoch 330: Cost: 0.061972
Epoch 340: Cost: 0.058416
Epoch 350: Cost: 0.055630
Epoch 360: Cost: 0.053712
Epoch 370: Cost: 0.052926
Epoch 380: Cost: 0.048498
Epoch 390: Cost: 0.047926
Epoch 400: Cost: 0.047723
Epoch 410: Cost: 0.047522
Epoch 420: Cost: 0.047316
Epoch 430: Cost: 0.047103
Epoch 440: Cost: 0.046880
Epoch 450: Cost: 0.046645
Epoch 460: Cost: 0.046396
Epoch 470: Cost: 0.046132
Epoch 480: Cost: 0.045853
Epoch 490: Cost: 0.045560
Epoch 500: Cost: 0.045253
Epoch 510: Cost: 0.044934
Epoch 520: Cost: 0.044604
Epoch 530: Cost: 0.044261
Epoch 540: Cost: 0.043907
Epoch 550: Cost: 0.043543
Epoch 560: Cost: 0.043169
Epoch 570: Cost: 0.042788
Epoch 580: Cost: 0.042399
Epoch 590: Cost: 0.042005
Epoch 600: Cost: 0.041606
Epoch 610: Cost: 0.041205
Epoch 620: Cost: 0.040802
Epoch 630: Cost: 0.040396
Epoch 640: Cost: 0.039989
Epoch 650: Cost: 0.039580
Epoch 660: Cost: 0.039171
Epoch 670: Cost: 0.038761
Epoch 680: Cost: 0.038351
Epoch 690: Cost: 0.037941
Epoch 700: Cost: 0.037532
Epoch 710: Cost: 0.037125
Epoch 720: Cost: 0.036721
Epoch 730: Cost: 0.036319
Epoch 740: Cost: 0.035918
Epoch 750: Cost: 0.035517
Epoch 760: Cost: 0.035118
Epoch 770: Cost: 0.034720
Epoch 780: Cost: 0.034323
Epoch 790: Cost: 0.033926
Epoch 800: Cost: 0.033530
Epoch 810: Cost: 0.033132
Epoch 820: Cost: 0.032739
Epoch 830: Cost: 0.032347
Epoch 840: Cost: 0.031954
Epoch 850: Cost: 0.031560
Epoch 860: Cost: 0.031164
Epoch 870: Cost: 0.030767
Epoch 880: Cost: 0.030368
Epoch 890: Cost: 0.029966
Epoch 900: Cost: 0.029562
Epoch 910: Cost: 0.029146
Epoch 920: Cost: 0.028739
Epoch 930: Cost: 0.028328
Epoch 940: Cost: 0.027913
Epoch 950: Cost: 0.027495
Epoch 960: Cost: 0.027074
Epoch 970: Cost: 0.026651
Epoch 980: Cost: 0.026226
Epoch 990: Cost: 0.025801
Epoch 1000: Cost: 0.025376
Optimization complete.
