0.07222517446438122
... building model (hdim=20, len(X)=204, batch_size=1, eps=0.1, eps_factor=0.99)
... training
Epoch 10: Cost: 0.304509
Epoch 20: Cost: 0.302673
Epoch 30: Cost: 0.179356
Epoch 40: Cost: 0.109985
Epoch 50: Cost: 0.101684
Epoch 60: Cost: 0.092692
Epoch 70: Cost: 0.090017
Epoch 80: Cost: 0.089323
Epoch 90: Cost: 0.088417
Epoch 100: Cost: 0.083826
Epoch 110: Cost: 0.082868
Epoch 120: Cost: 0.082246
Epoch 130: Cost: 0.082004
Epoch 140: Cost: 0.081535
Epoch 150: Cost: 0.081110
Epoch 160: Cost: 0.080919
Epoch 170: Cost: 0.080185
Epoch 180: Cost: 0.080083
Epoch 190: Cost: 0.079969
Epoch 200: Cost: 0.079802
Epoch 210: Cost: 0.079576
Epoch 220: Cost: 0.079294
Epoch 230: Cost: 0.078985
Epoch 240: Cost: 0.078677
Epoch 250: Cost: 0.078388
Epoch 260: Cost: 0.078126
Epoch 270: Cost: 0.077892
Epoch 280: Cost: 0.077682
Epoch 290: Cost: 0.077496
Epoch 300: Cost: 0.077332
Epoch 310: Cost: 0.077172
Epoch 320: Cost: 0.077057
Epoch 330: Cost: 0.076975
Epoch 340: Cost: 0.076933
Epoch 350: Cost: 0.076313
Epoch 360: Cost: 0.076224
Epoch 370: Cost: 0.076215
Epoch 380: Cost: 0.076146
Epoch 390: Cost: 0.076142
Epoch 400: Cost: 0.076135
Epoch 410: Cost: 0.076115
Epoch 420: Cost: 0.076111
Epoch 430: Cost: 0.076107
Epoch 440: Cost: 0.076103
Epoch 450: Cost: 0.076098
Epoch 460: Cost: 0.076092
Epoch 470: Cost: 0.076085
Epoch 480: Cost: 0.076075
Epoch 490: Cost: 0.076063
Epoch 500: Cost: 0.076048
Epoch 510: Cost: 0.076030
Epoch 520: Cost: 0.076010
Epoch 530: Cost: 0.075989
Epoch 540: Cost: 0.075965
Epoch 550: Cost: 0.075940
Epoch 560: Cost: 0.075913
Epoch 570: Cost: 0.075884
Epoch 580: Cost: 0.075855
Epoch 590: Cost: 0.075823
Epoch 600: Cost: 0.075791
Epoch 610: Cost: 0.075757
Epoch 620: Cost: 0.075723
Epoch 630: Cost: 0.075689
Epoch 640: Cost: 0.075654
Epoch 650: Cost: 0.075618
Epoch 660: Cost: 0.075583
Epoch 670: Cost: 0.075546
Epoch 680: Cost: 0.075510
Epoch 690: Cost: 0.075474
Epoch 700: Cost: 0.075437
Epoch 710: Cost: 0.075400
Epoch 720: Cost: 0.075364
Epoch 730: Cost: 0.075328
Epoch 740: Cost: 0.075293
Epoch 750: Cost: 0.075257
Epoch 760: Cost: 0.075223
Epoch 770: Cost: 0.075188
Epoch 780: Cost: 0.075155
Epoch 790: Cost: 0.075121
Epoch 800: Cost: 0.075088
Epoch 810: Cost: 0.075055
Epoch 820: Cost: 0.075023
Epoch 830: Cost: 0.074993
Epoch 840: Cost: 0.074962
Epoch 850: Cost: 0.074932
Epoch 860: Cost: 0.074903
Epoch 870: Cost: 0.074874
Epoch 880: Cost: 0.074846
Epoch 890: Cost: 0.074818
Epoch 900: Cost: 0.074790
Epoch 910: Cost: 0.074763
Epoch 920: Cost: 0.074737
Epoch 930: Cost: 0.074711
Epoch 940: Cost: 0.074686
Epoch 950: Cost: 0.074661
Epoch 960: Cost: 0.074637
Epoch 970: Cost: 0.074613
Epoch 980: Cost: 0.074589
Epoch 990: Cost: 0.074566
Epoch 1000: Cost: 0.074544
Optimization complete.
