0.07052689511071322
... building model (hdim=20, len(X)=2040, batch_size=2, eps=0.1, eps_factor=0.99)
... training
Epoch 10: Cost: 0.085925
Epoch 20: Cost: 0.075523
Epoch 30: Cost: 0.073630
Epoch 40: Cost: 0.073453
Epoch 50: Cost: 0.073375
Epoch 60: Cost: 0.073330
Epoch 70: Cost: 0.073292
Epoch 80: Cost: 0.073207
Epoch 90: Cost: 0.073042
Epoch 100: Cost: 0.072799
Epoch 110: Cost: 0.072570
Epoch 120: Cost: 0.072378
Epoch 130: Cost: 0.072226
Epoch 140: Cost: 0.072110
Epoch 150: Cost: 0.071969
Epoch 160: Cost: 0.071774
Epoch 170: Cost: 0.071544
Epoch 180: Cost: 0.071315
Epoch 190: Cost: 0.071116
Epoch 200: Cost: 0.070997
Epoch 210: Cost: 0.070917
Epoch 220: Cost: 0.070856
Epoch 230: Cost: 0.070826
Epoch 240: Cost: 0.070814
Epoch 250: Cost: 0.070809
Epoch 260: Cost: 0.070805
Epoch 270: Cost: 0.070804
Epoch 280: Cost: 0.070675
Epoch 290: Cost: 0.070668
Epoch 300: Cost: 0.070667
Epoch 310: Cost: 0.070666
Epoch 320: Cost: 0.070665
Epoch 330: Cost: 0.070665
Epoch 340: Cost: 0.070665
Epoch 350: Cost: 0.070665
Epoch 360: Cost: 0.070665
Epoch 370: Cost: 0.070665
Epoch 380: Cost: 0.070665
Epoch 390: Cost: 0.070665
Epoch 400: Cost: 0.070665
Epoch 410: Cost: 0.070665
Epoch 420: Cost: 0.070665
Epoch 430: Cost: 0.070665
Epoch 440: Cost: 0.070665
Epoch 450: Cost: 0.070665
Epoch 460: Cost: 0.070664
Epoch 470: Cost: 0.070664
Epoch 480: Cost: 0.070664
Epoch 490: Cost: 0.070664
Epoch 500: Cost: 0.070664
Epoch 510: Cost: 0.070664
Epoch 520: Cost: 0.070664
Epoch 530: Cost: 0.070664
Epoch 540: Cost: 0.070664
Epoch 550: Cost: 0.070664
Epoch 560: Cost: 0.070664
Epoch 570: Cost: 0.070664
Epoch 580: Cost: 0.070664
Epoch 590: Cost: 0.070664
Epoch 600: Cost: 0.070664
Epoch 610: Cost: 0.070664
Epoch 620: Cost: 0.070664
Epoch 630: Cost: 0.070664
Epoch 640: Cost: 0.070664
Epoch 650: Cost: 0.070664
Epoch 660: Cost: 0.070664
Epoch 670: Cost: 0.070664
Epoch 680: Cost: 0.070664
Epoch 690: Cost: 0.070664
Epoch 700: Cost: 0.070664
Epoch 710: Cost: 0.070664
Epoch 720: Cost: 0.070664
Epoch 730: Cost: 0.070664
Epoch 740: Cost: 0.070664
Epoch 750: Cost: 0.070664
Epoch 760: Cost: 0.070664
Epoch 770: Cost: 0.070664
Epoch 780: Cost: 0.070664
Epoch 790: Cost: 0.070664
Epoch 800: Cost: 0.070663
Epoch 810: Cost: 0.070663
Epoch 820: Cost: 0.070663
Epoch 830: Cost: 0.070663
Epoch 840: Cost: 0.070663
Epoch 850: Cost: 0.070663
Epoch 860: Cost: 0.070663
Epoch 870: Cost: 0.070663
Epoch 880: Cost: 0.070663
Epoch 890: Cost: 0.070663
Epoch 900: Cost: 0.070663
Epoch 910: Cost: 0.070663
Epoch 920: Cost: 0.070663
Epoch 930: Cost: 0.070663
Epoch 940: Cost: 0.070663
Epoch 950: Cost: 0.070662
Epoch 960: Cost: 0.070662
Epoch 970: Cost: 0.070662
Epoch 980: Cost: 0.070662
Epoch 990: Cost: 0.070662
Epoch 1000: Cost: 0.070662
Optimization complete.
