0.0808805604442034
... building model (hdim=20, len(X)=2040, batch_size=2, eps=0.001, eps_factor=0.99)
... training
Epoch 10: Cost: 0.342328
Epoch 20: Cost: 0.342190
Epoch 30: Cost: 0.342143
Epoch 40: Cost: 0.342112
Epoch 50: Cost: 0.342087
Epoch 60: Cost: 0.342038
Epoch 70: Cost: 0.341910
Epoch 80: Cost: 0.341549
Epoch 90: Cost: 0.340418
Epoch 100: Cost: 0.336441
Epoch 110: Cost: 0.323491
Epoch 120: Cost: 0.297798
Epoch 130: Cost: 0.260855
Epoch 140: Cost: 0.195753
Epoch 150: Cost: 0.159769
Epoch 160: Cost: 0.139340
Epoch 170: Cost: 0.125273
Epoch 180: Cost: 0.114808
Epoch 190: Cost: 0.106708
Epoch 200: Cost: 0.100290
Epoch 210: Cost: 0.095134
Epoch 220: Cost: 0.090847
Epoch 230: Cost: 0.087253
Epoch 240: Cost: 0.084214
Epoch 250: Cost: 0.081497
Epoch 260: Cost: 0.078910
Epoch 270: Cost: 0.076316
Epoch 280: Cost: 0.073606
Epoch 290: Cost: 0.070624
Epoch 300: Cost: 0.067056
Epoch 310: Cost: 0.062795
Epoch 320: Cost: 0.058737
Epoch 330: Cost: 0.055393
Epoch 340: Cost: 0.052651
Epoch 350: Cost: 0.050358
Epoch 360: Cost: 0.048427
Epoch 370: Cost: 0.046804
Epoch 380: Cost: 0.045419
Epoch 390: Cost: 0.044201
Epoch 400: Cost: 0.043100
Epoch 410: Cost: 0.042198
Epoch 420: Cost: 0.041279
Epoch 430: Cost: 0.040430
Epoch 440: Cost: 0.039656
Epoch 450: Cost: 0.038964
Epoch 460: Cost: 0.038359
Epoch 470: Cost: 0.037841
Epoch 480: Cost: 0.037402
Epoch 490: Cost: 0.037027
Epoch 500: Cost: 0.036701
Epoch 510: Cost: 0.031139
Epoch 520: Cost: 0.031055
Epoch 530: Cost: 0.031002
Epoch 540: Cost: 0.030974
Epoch 550: Cost: 0.030967
Epoch 560: Cost: 0.030863
Epoch 570: Cost: 0.030849
Epoch 580: Cost: 0.030838
Epoch 590: Cost: 0.030824
Epoch 600: Cost: 0.030807
Epoch 610: Cost: 0.030786
Epoch 620: Cost: 0.030763
Epoch 630: Cost: 0.030738
Epoch 640: Cost: 0.030710
Epoch 650: Cost: 0.030679
Epoch 660: Cost: 0.030646
Epoch 670: Cost: 0.030611
Epoch 680: Cost: 0.030574
Epoch 690: Cost: 0.030535
Epoch 700: Cost: 0.030493
Epoch 710: Cost: 0.030448
Epoch 720: Cost: 0.030403
Epoch 730: Cost: 0.030357
Epoch 740: Cost: 0.030310
Epoch 750: Cost: 0.030261
Epoch 760: Cost: 0.030210
Epoch 770: Cost: 0.030158
Epoch 780: Cost: 0.030105
Epoch 790: Cost: 0.030051
Epoch 800: Cost: 0.029995
Epoch 810: Cost: 0.029935
Epoch 820: Cost: 0.029877
Epoch 830: Cost: 0.029818
Epoch 840: Cost: 0.029758
Epoch 850: Cost: 0.029696
Epoch 860: Cost: 0.029633
Epoch 870: Cost: 0.029569
Epoch 880: Cost: 0.029504
Epoch 890: Cost: 0.029437
Epoch 900: Cost: 0.029369
Epoch 910: Cost: 0.029301
Epoch 920: Cost: 0.029231
Epoch 930: Cost: 0.029160
Epoch 940: Cost: 0.029089
Epoch 950: Cost: 0.029017
Epoch 960: Cost: 0.028944
Epoch 970: Cost: 0.028870
Epoch 980: Cost: 0.028796
Epoch 990: Cost: 0.028721
Epoch 1000: Cost: 0.028646
Optimization complete.
