0.034718976855630815
... building model (hdim=20, len(X)=2040, batch_size=2, eps=0.001, eps_factor=0.99)
... training
Epoch 10: Cost: 0.321518
Epoch 20: Cost: 0.321509
Epoch 30: Cost: 0.321459
Epoch 40: Cost: 0.320141
Epoch 50: Cost: 0.276099
Epoch 60: Cost: 0.124140
Epoch 70: Cost: 0.077146
Epoch 80: Cost: 0.062556
Epoch 90: Cost: 0.053444
Epoch 100: Cost: 0.046662
Epoch 110: Cost: 0.041674
Epoch 120: Cost: 0.037976
Epoch 130: Cost: 0.035121
Epoch 140: Cost: 0.032466
Epoch 150: Cost: 0.027097
Epoch 160: Cost: 0.023970
Epoch 170: Cost: 0.022718
Epoch 180: Cost: 0.021755
Epoch 190: Cost: 0.020971
Epoch 200: Cost: 0.020325
Epoch 210: Cost: 0.019699
Epoch 220: Cost: 0.019197
Epoch 230: Cost: 0.018753
Epoch 240: Cost: 0.018236
Epoch 250: Cost: 0.017520
Epoch 260: Cost: 0.016933
Epoch 270: Cost: 0.016606
Epoch 280: Cost: 0.016421
Epoch 290: Cost: 0.016282
Epoch 300: Cost: 0.014969
Epoch 310: Cost: 0.014502
Epoch 320: Cost: 0.014458
Epoch 330: Cost: 0.014446
Epoch 340: Cost: 0.014442
Epoch 350: Cost: 0.014246
Epoch 360: Cost: 0.014230
Epoch 370: Cost: 0.014223
Epoch 380: Cost: 0.014216
Epoch 390: Cost: 0.014210
Epoch 400: Cost: 0.014206
Epoch 410: Cost: 0.014202
Epoch 420: Cost: 0.014060
Epoch 430: Cost: 0.014044
Epoch 440: Cost: 0.014038
Epoch 450: Cost: 0.014032
Epoch 460: Cost: 0.014025
Epoch 470: Cost: 0.014017
Epoch 480: Cost: 0.014009
Epoch 490: Cost: 0.014000
Epoch 500: Cost: 0.013990
Epoch 510: Cost: 0.013978
Epoch 520: Cost: 0.013968
Epoch 530: Cost: 0.013957
Epoch 540: Cost: 0.013946
Epoch 550: Cost: 0.013935
Epoch 560: Cost: 0.013924
Epoch 570: Cost: 0.013914
Epoch 580: Cost: 0.013903
Epoch 590: Cost: 0.013894
Epoch 600: Cost: 0.013884
Epoch 610: Cost: 0.013867
Epoch 620: Cost: 0.013858
Epoch 630: Cost: 0.013850
Epoch 640: Cost: 0.013842
Epoch 650: Cost: 0.013834
Epoch 660: Cost: 0.013828
Epoch 670: Cost: 0.013821
Epoch 680: Cost: 0.013816
Epoch 690: Cost: 0.013811
Epoch 700: Cost: 0.013806
Epoch 710: Cost: 0.013783
Epoch 720: Cost: 0.013778
Epoch 730: Cost: 0.013774
Epoch 740: Cost: 0.013770
Epoch 750: Cost: 0.013767
Epoch 760: Cost: 0.013763
Epoch 770: Cost: 0.013761
Epoch 780: Cost: 0.013758
Epoch 790: Cost: 0.013755
Epoch 800: Cost: 0.013753
Epoch 810: Cost: 0.013715
Epoch 820: Cost: 0.013711
Epoch 830: Cost: 0.013707
Epoch 840: Cost: 0.013703
Epoch 850: Cost: 0.013698
Epoch 860: Cost: 0.013693
Epoch 870: Cost: 0.013687
Epoch 880: Cost: 0.013680
Epoch 890: Cost: 0.013673
Epoch 900: Cost: 0.013665
Epoch 910: Cost: 0.012613
Epoch 920: Cost: 0.012191
Epoch 930: Cost: 0.012162
Epoch 940: Cost: 0.012156
Epoch 950: Cost: 0.012151
Epoch 960: Cost: 0.012147
Epoch 970: Cost: 0.012144
Epoch 980: Cost: 0.012141
Epoch 990: Cost: 0.012138
Epoch 1000: Cost: 0.012135
Optimization complete.
