0.03558147086009053
... building model (hdim=20, len(X)=510, batch_size=1, eps=0.001, eps_factor=0.99)
... training
Epoch 10: Cost: 0.314317
Epoch 20: Cost: 0.314045
Epoch 30: Cost: 0.314007
Epoch 40: Cost: 0.313657
Epoch 50: Cost: 0.310533
Epoch 60: Cost: 0.270318
Epoch 70: Cost: 0.174240
Epoch 80: Cost: 0.110532
Epoch 90: Cost: 0.083099
Epoch 100: Cost: 0.071279
Epoch 110: Cost: 0.063383
Epoch 120: Cost: 0.057614
Epoch 130: Cost: 0.053038
Epoch 140: Cost: 0.049230
Epoch 150: Cost: 0.046156
Epoch 160: Cost: 0.043956
Epoch 170: Cost: 0.042844
Epoch 180: Cost: 0.037903
Epoch 190: Cost: 0.037480
Epoch 200: Cost: 0.037321
Epoch 210: Cost: 0.037183
Epoch 220: Cost: 0.037105
Epoch 230: Cost: 0.036503
Epoch 240: Cost: 0.036406
Epoch 250: Cost: 0.036326
Epoch 260: Cost: 0.036222
Epoch 270: Cost: 0.036096
Epoch 280: Cost: 0.035954
Epoch 290: Cost: 0.035802
Epoch 300: Cost: 0.035651
Epoch 310: Cost: 0.035498
Epoch 320: Cost: 0.035372
Epoch 330: Cost: 0.035274
Epoch 340: Cost: 0.035213
Epoch 350: Cost: 0.035014
Epoch 360: Cost: 0.034082
Epoch 370: Cost: 0.034016
Epoch 380: Cost: 0.033975
Epoch 390: Cost: 0.033924
Epoch 400: Cost: 0.033860
Epoch 410: Cost: 0.033786
Epoch 420: Cost: 0.033701
Epoch 430: Cost: 0.033605
Epoch 440: Cost: 0.033499
Epoch 450: Cost: 0.033383
Epoch 460: Cost: 0.033257
Epoch 470: Cost: 0.033122
Epoch 480: Cost: 0.032979
Epoch 490: Cost: 0.032828
Epoch 500: Cost: 0.032669
Epoch 510: Cost: 0.032502
Epoch 520: Cost: 0.032331
Epoch 530: Cost: 0.032152
Epoch 540: Cost: 0.031967
Epoch 550: Cost: 0.031776
Epoch 560: Cost: 0.031579
Epoch 570: Cost: 0.031376
Epoch 580: Cost: 0.031166
Epoch 590: Cost: 0.030951
Epoch 600: Cost: 0.030729
Epoch 610: Cost: 0.030498
Epoch 620: Cost: 0.030265
Epoch 630: Cost: 0.030025
Epoch 640: Cost: 0.029777
Epoch 650: Cost: 0.029521
Epoch 660: Cost: 0.029256
Epoch 670: Cost: 0.028982
Epoch 680: Cost: 0.028699
Epoch 690: Cost: 0.028405
Epoch 700: Cost: 0.028100
Epoch 710: Cost: 0.027786
Epoch 720: Cost: 0.027464
Epoch 730: Cost: 0.027135
Epoch 740: Cost: 0.026799
Epoch 750: Cost: 0.026460
Epoch 760: Cost: 0.026123
Epoch 770: Cost: 0.025793
Epoch 780: Cost: 0.025479
Epoch 790: Cost: 0.025190
Epoch 800: Cost: 0.024944
Epoch 810: Cost: 0.024355
Epoch 820: Cost: 0.024192
Epoch 830: Cost: 0.024153
Epoch 840: Cost: 0.024119
Epoch 850: Cost: 0.024083
Epoch 860: Cost: 0.024045
Epoch 870: Cost: 0.024002
Epoch 880: Cost: 0.023954
Epoch 890: Cost: 0.023903
Epoch 900: Cost: 0.023847
Epoch 910: Cost: 0.023788
Epoch 920: Cost: 0.023725
Epoch 930: Cost: 0.023660
Epoch 940: Cost: 0.023592
Epoch 950: Cost: 0.023520
Epoch 960: Cost: 0.023447
Epoch 970: Cost: 0.023370
Epoch 980: Cost: 0.023291
Epoch 990: Cost: 0.023209
Epoch 1000: Cost: 0.023125
Optimization complete.
