0.08435341828104008
... building model (hdim=20, len(X)=510, batch_size=1, eps=0.001, eps_factor=0.99)
... training
Epoch 10: Cost: 0.343702
Epoch 20: Cost: 0.343190
Epoch 30: Cost: 0.342966
Epoch 40: Cost: 0.342947
Epoch 50: Cost: 0.342938
Epoch 60: Cost: 0.342891
Epoch 70: Cost: 0.342766
Epoch 80: Cost: 0.342463
Epoch 90: Cost: 0.341579
Epoch 100: Cost: 0.337576
Epoch 110: Cost: 0.318769
Epoch 120: Cost: 0.288371
Epoch 130: Cost: 0.272114
Epoch 140: Cost: 0.255215
Epoch 150: Cost: 0.210884
Epoch 160: Cost: 0.170153
Epoch 170: Cost: 0.144697
Epoch 180: Cost: 0.130556
Epoch 190: Cost: 0.124170
Epoch 200: Cost: 0.122616
Epoch 210: Cost: 0.104706
Epoch 220: Cost: 0.103822
Epoch 230: Cost: 0.103255
Epoch 240: Cost: 0.102537
Epoch 250: Cost: 0.101657
Epoch 260: Cost: 0.100626
Epoch 270: Cost: 0.099454
Epoch 280: Cost: 0.098154
Epoch 290: Cost: 0.096745
Epoch 300: Cost: 0.095253
Epoch 310: Cost: 0.093680
Epoch 320: Cost: 0.092117
Epoch 330: Cost: 0.090568
Epoch 340: Cost: 0.089064
Epoch 350: Cost: 0.087629
Epoch 360: Cost: 0.086272
Epoch 370: Cost: 0.084988
Epoch 380: Cost: 0.083762
Epoch 390: Cost: 0.082577
Epoch 400: Cost: 0.081420
Epoch 410: Cost: 0.080019
Epoch 420: Cost: 0.078868
Epoch 430: Cost: 0.077704
Epoch 440: Cost: 0.076516
Epoch 450: Cost: 0.075292
Epoch 460: Cost: 0.074019
Epoch 470: Cost: 0.072683
Epoch 480: Cost: 0.071263
Epoch 490: Cost: 0.069739
Epoch 500: Cost: 0.068087
Epoch 510: Cost: 0.065940
Epoch 520: Cost: 0.064022
Epoch 530: Cost: 0.061915
Epoch 540: Cost: 0.059604
Epoch 550: Cost: 0.057150
Epoch 560: Cost: 0.054846
Epoch 570: Cost: 0.053044
Epoch 580: Cost: 0.051671
Epoch 590: Cost: 0.050553
Epoch 600: Cost: 0.049787
Epoch 610: Cost: 0.042855
Epoch 620: Cost: 0.041978
Epoch 630: Cost: 0.041884
Epoch 640: Cost: 0.041782
Epoch 650: Cost: 0.041732
Epoch 660: Cost: 0.041716
Epoch 670: Cost: 0.041705
Epoch 680: Cost: 0.041693
Epoch 690: Cost: 0.041678
Epoch 700: Cost: 0.041657
Epoch 710: Cost: 0.041627
Epoch 720: Cost: 0.041595
Epoch 730: Cost: 0.041556
Epoch 740: Cost: 0.041512
Epoch 750: Cost: 0.041462
Epoch 760: Cost: 0.041407
Epoch 770: Cost: 0.041348
Epoch 780: Cost: 0.041285
Epoch 790: Cost: 0.041217
Epoch 800: Cost: 0.041146
Epoch 810: Cost: 0.041063
Epoch 820: Cost: 0.040985
Epoch 830: Cost: 0.040904
Epoch 840: Cost: 0.040819
Epoch 850: Cost: 0.040732
Epoch 860: Cost: 0.040642
Epoch 870: Cost: 0.040548
Epoch 880: Cost: 0.040452
Epoch 890: Cost: 0.040353
Epoch 900: Cost: 0.040250
Epoch 910: Cost: 0.040133
Epoch 920: Cost: 0.040026
Epoch 930: Cost: 0.039915
Epoch 940: Cost: 0.039802
Epoch 950: Cost: 0.039685
Epoch 960: Cost: 0.039565
Epoch 970: Cost: 0.039442
Epoch 980: Cost: 0.039316
Epoch 990: Cost: 0.039187
Epoch 1000: Cost: 0.039055
Optimization complete.
