0.0729724346198303
... building model (hdim=20, len(X)=510, batch_size=1, eps=0.1, eps_factor=0.99)
... training
Epoch 10: Cost: 0.155629
Epoch 20: Cost: 0.098865
Epoch 30: Cost: 0.088343
Epoch 40: Cost: 0.085762
Epoch 50: Cost: 0.082425
Epoch 60: Cost: 0.081267
Epoch 70: Cost: 0.079591
Epoch 80: Cost: 0.079065
Epoch 90: Cost: 0.078777
Epoch 100: Cost: 0.078039
Epoch 110: Cost: 0.077909
Epoch 120: Cost: 0.077789
Epoch 130: Cost: 0.077701
Epoch 140: Cost: 0.077191
Epoch 150: Cost: 0.077048
Epoch 160: Cost: 0.076987
Epoch 170: Cost: 0.076913
Epoch 180: Cost: 0.076819
Epoch 190: Cost: 0.076700
Epoch 200: Cost: 0.076562
Epoch 210: Cost: 0.076412
Epoch 220: Cost: 0.076272
Epoch 230: Cost: 0.076147
Epoch 240: Cost: 0.076047
Epoch 250: Cost: 0.075985
Epoch 260: Cost: 0.075807
Epoch 270: Cost: 0.075570
Epoch 280: Cost: 0.075549
Epoch 290: Cost: 0.075529
Epoch 300: Cost: 0.075506
Epoch 310: Cost: 0.075480
Epoch 320: Cost: 0.075451
Epoch 330: Cost: 0.075420
Epoch 340: Cost: 0.075385
Epoch 350: Cost: 0.075348
Epoch 360: Cost: 0.075308
Epoch 370: Cost: 0.075265
Epoch 380: Cost: 0.075220
Epoch 390: Cost: 0.075175
Epoch 400: Cost: 0.075129
Epoch 410: Cost: 0.075088
Epoch 420: Cost: 0.075045
Epoch 430: Cost: 0.075004
Epoch 440: Cost: 0.074966
Epoch 450: Cost: 0.074929
Epoch 460: Cost: 0.074896
Epoch 470: Cost: 0.074864
Epoch 480: Cost: 0.074835
Epoch 490: Cost: 0.074809
Epoch 500: Cost: 0.074785
Epoch 510: Cost: 0.074764
Epoch 520: Cost: 0.074745
Epoch 530: Cost: 0.074730
Epoch 540: Cost: 0.074720
Epoch 550: Cost: 0.074714
Epoch 560: Cost: 0.074670
Epoch 570: Cost: 0.074632
Epoch 580: Cost: 0.074619
Epoch 590: Cost: 0.074610
Epoch 600: Cost: 0.074604
Epoch 610: Cost: 0.074600
Epoch 620: Cost: 0.074596
Epoch 630: Cost: 0.074593
Epoch 640: Cost: 0.074591
Epoch 650: Cost: 0.074590
Epoch 660: Cost: 0.074572
Epoch 670: Cost: 0.074565
Epoch 680: Cost: 0.074564
Epoch 690: Cost: 0.074564
Epoch 700: Cost: 0.074563
Epoch 710: Cost: 0.074562
Epoch 720: Cost: 0.074560
Epoch 730: Cost: 0.074559
Epoch 740: Cost: 0.074557
Epoch 750: Cost: 0.074555
Epoch 760: Cost: 0.074553
Epoch 770: Cost: 0.074552
Epoch 780: Cost: 0.074550
Epoch 790: Cost: 0.074548
Epoch 800: Cost: 0.074547
Epoch 810: Cost: 0.074545
Epoch 820: Cost: 0.074544
Epoch 830: Cost: 0.074544
Epoch 840: Cost: 0.074543
Epoch 850: Cost: 0.074538
Epoch 860: Cost: 0.074525
Epoch 870: Cost: 0.074522
Epoch 880: Cost: 0.074522
Epoch 890: Cost: 0.074521
Epoch 900: Cost: 0.074521
Epoch 910: Cost: 0.074520
Epoch 920: Cost: 0.074520
Epoch 930: Cost: 0.074519
Epoch 940: Cost: 0.074519
Epoch 950: Cost: 0.074518
Epoch 960: Cost: 0.074517
Epoch 970: Cost: 0.074516
Epoch 980: Cost: 0.074516
Epoch 990: Cost: 0.074515
Epoch 1000: Cost: 0.074514
Optimization complete.
