0.03273809847409566
... building model (hdim=20, len(X)=5100, batch_size=5, eps=0.001, eps_factor=0.99)
... training
Epoch 10: Cost: 0.321628
Epoch 20: Cost: 0.321619
Epoch 30: Cost: 0.321451
Epoch 40: Cost: 0.313625
Epoch 50: Cost: 0.228909
Epoch 60: Cost: 0.094372
Epoch 70: Cost: 0.072015
Epoch 80: Cost: 0.061325
Epoch 90: Cost: 0.054691
Epoch 100: Cost: 0.050245
Epoch 110: Cost: 0.046884
Epoch 120: Cost: 0.044146
Epoch 130: Cost: 0.041651
Epoch 140: Cost: 0.039502
Epoch 150: Cost: 0.037643
Epoch 160: Cost: 0.035823
Epoch 170: Cost: 0.033900
Epoch 180: Cost: 0.031964
Epoch 190: Cost: 0.030166
Epoch 200: Cost: 0.028517
Epoch 210: Cost: 0.026806
Epoch 220: Cost: 0.025297
Epoch 230: Cost: 0.023895
Epoch 240: Cost: 0.022658
Epoch 250: Cost: 0.021541
Epoch 260: Cost: 0.020484
Epoch 270: Cost: 0.019493
Epoch 280: Cost: 0.018590
Epoch 290: Cost: 0.017769
Epoch 300: Cost: 0.017056
Epoch 310: Cost: 0.016459
Epoch 320: Cost: 0.016034
Epoch 330: Cost: 0.015744
Epoch 340: Cost: 0.015609
Epoch 350: Cost: 0.015007
Epoch 360: Cost: 0.014928
Epoch 370: Cost: 0.014878
Epoch 380: Cost: 0.014790
Epoch 390: Cost: 0.014669
Epoch 400: Cost: 0.014530
Epoch 410: Cost: 0.014385
Epoch 420: Cost: 0.014243
Epoch 430: Cost: 0.014108
Epoch 440: Cost: 0.013982
Epoch 450: Cost: 0.013868
Epoch 460: Cost: 0.013765
Epoch 470: Cost: 0.013672
Epoch 480: Cost: 0.013589
Epoch 490: Cost: 0.013514
Epoch 500: Cost: 0.013448
Epoch 510: Cost: 0.013384
Epoch 520: Cost: 0.013333
Epoch 530: Cost: 0.013290
Epoch 540: Cost: 0.013255
Epoch 550: Cost: 0.013227
Epoch 560: Cost: 0.013207
Epoch 570: Cost: 0.013195
Epoch 580: Cost: 0.013190
Epoch 590: Cost: 0.012481
Epoch 600: Cost: 0.012433
Epoch 610: Cost: 0.012416
Epoch 620: Cost: 0.012413
Epoch 630: Cost: 0.012411
Epoch 640: Cost: 0.012409
Epoch 650: Cost: 0.012402
Epoch 660: Cost: 0.012386
Epoch 670: Cost: 0.012384
Epoch 680: Cost: 0.012382
Epoch 690: Cost: 0.012380
Epoch 700: Cost: 0.012377
Epoch 710: Cost: 0.012374
Epoch 720: Cost: 0.012371
Epoch 730: Cost: 0.012368
Epoch 740: Cost: 0.012364
Epoch 750: Cost: 0.012360
Epoch 760: Cost: 0.012357
Epoch 770: Cost: 0.012353
Epoch 780: Cost: 0.012349
Epoch 790: Cost: 0.012345
Epoch 800: Cost: 0.012340
Epoch 810: Cost: 0.012335
Epoch 820: Cost: 0.012330
Epoch 830: Cost: 0.012326
Epoch 840: Cost: 0.012321
Epoch 850: Cost: 0.012316
Epoch 860: Cost: 0.012310
Epoch 870: Cost: 0.012305
Epoch 880: Cost: 0.012299
Epoch 890: Cost: 0.012292
Epoch 900: Cost: 0.012286
Epoch 910: Cost: 0.012276
Epoch 920: Cost: 0.012269
Epoch 930: Cost: 0.012261
Epoch 940: Cost: 0.012253
Epoch 950: Cost: 0.012244
Epoch 960: Cost: 0.012235
Epoch 970: Cost: 0.012225
Epoch 980: Cost: 0.012215
Epoch 990: Cost: 0.012204
Epoch 1000: Cost: 0.012193
Optimization complete.
