0.08078588777318783
... building model (hdim=20, len(X)=5100, batch_size=5, eps=0.001, eps_factor=0.99)
... training
Epoch 10: Cost: 0.343086
Epoch 20: Cost: 0.342982
Epoch 30: Cost: 0.342946
Epoch 40: Cost: 0.342923
Epoch 50: Cost: 0.342907
Epoch 60: Cost: 0.342876
Epoch 70: Cost: 0.342794
Epoch 80: Cost: 0.342555
Epoch 90: Cost: 0.341821
Epoch 100: Cost: 0.339232
Epoch 110: Cost: 0.329420
Epoch 120: Cost: 0.303485
Epoch 130: Cost: 0.267655
Epoch 140: Cost: 0.198751
Epoch 150: Cost: 0.158494
Epoch 160: Cost: 0.136768
Epoch 170: Cost: 0.122045
Epoch 180: Cost: 0.111143
Epoch 190: Cost: 0.102843
Epoch 200: Cost: 0.096366
Epoch 210: Cost: 0.091100
Epoch 220: Cost: 0.086636
Epoch 230: Cost: 0.082864
Epoch 240: Cost: 0.079619
Epoch 250: Cost: 0.076738
Epoch 260: Cost: 0.074108
Epoch 270: Cost: 0.071624
Epoch 280: Cost: 0.069184
Epoch 290: Cost: 0.066677
Epoch 300: Cost: 0.063839
Epoch 310: Cost: 0.060193
Epoch 320: Cost: 0.055948
Epoch 330: Cost: 0.052570
Epoch 340: Cost: 0.050202
Epoch 350: Cost: 0.048360
Epoch 360: Cost: 0.046849
Epoch 370: Cost: 0.045582
Epoch 380: Cost: 0.044496
Epoch 390: Cost: 0.043546
Epoch 400: Cost: 0.042698
Epoch 410: Cost: 0.041967
Epoch 420: Cost: 0.041272
Epoch 430: Cost: 0.040629
Epoch 440: Cost: 0.040028
Epoch 450: Cost: 0.039463
Epoch 460: Cost: 0.038928
Epoch 470: Cost: 0.038419
Epoch 480: Cost: 0.037933
Epoch 490: Cost: 0.037469
Epoch 500: Cost: 0.037025
Epoch 510: Cost: 0.031141
Epoch 520: Cost: 0.030994
Epoch 530: Cost: 0.030971
Epoch 540: Cost: 0.030954
Epoch 550: Cost: 0.030936
Epoch 560: Cost: 0.030915
Epoch 570: Cost: 0.030892
Epoch 580: Cost: 0.030866
Epoch 590: Cost: 0.030839
Epoch 600: Cost: 0.030810
Epoch 610: Cost: 0.030777
Epoch 620: Cost: 0.030744
Epoch 630: Cost: 0.030709
Epoch 640: Cost: 0.030672
Epoch 650: Cost: 0.030634
Epoch 660: Cost: 0.030594
Epoch 670: Cost: 0.030552
Epoch 680: Cost: 0.030510
Epoch 690: Cost: 0.030467
Epoch 700: Cost: 0.030423
Epoch 710: Cost: 0.030357
Epoch 720: Cost: 0.030311
Epoch 730: Cost: 0.030266
Epoch 740: Cost: 0.030221
Epoch 750: Cost: 0.030178
Epoch 760: Cost: 0.030135
Epoch 770: Cost: 0.030094
Epoch 780: Cost: 0.030054
Epoch 790: Cost: 0.030017
Epoch 800: Cost: 0.029981
Epoch 810: Cost: 0.029896
Epoch 820: Cost: 0.029863
Epoch 830: Cost: 0.029831
Epoch 840: Cost: 0.029802
Epoch 850: Cost: 0.029775
Epoch 860: Cost: 0.029750
Epoch 870: Cost: 0.029727
Epoch 880: Cost: 0.029705
Epoch 890: Cost: 0.029685
Epoch 900: Cost: 0.029667
Epoch 910: Cost: 0.027444
Epoch 920: Cost: 0.027333
Epoch 930: Cost: 0.027317
Epoch 940: Cost: 0.027310
Epoch 950: Cost: 0.027306
Epoch 960: Cost: 0.027302
Epoch 970: Cost: 0.027299
Epoch 980: Cost: 0.027296
Epoch 990: Cost: 0.027293
Epoch 1000: Cost: 0.027290
Optimization complete.
