0.06810423126707096
... building model (hdim=20, len(X)=5100, batch_size=5, eps=0.1, eps_factor=0.99)
... training
Epoch 10: Cost: 0.076743
Epoch 20: Cost: 0.070961
Epoch 30: Cost: 0.068740
Epoch 40: Cost: 0.068689
Epoch 50: Cost: 0.068682
Epoch 60: Cost: 0.068672
Epoch 70: Cost: 0.068657
Epoch 80: Cost: 0.068639
Epoch 90: Cost: 0.068619
Epoch 100: Cost: 0.068598
Epoch 110: Cost: 0.068578
Epoch 120: Cost: 0.068558
Epoch 130: Cost: 0.068539
Epoch 140: Cost: 0.068521
Epoch 150: Cost: 0.068505
Epoch 160: Cost: 0.068491
Epoch 170: Cost: 0.068478
Epoch 180: Cost: 0.068467
Epoch 190: Cost: 0.068457
Epoch 200: Cost: 0.068450
Epoch 210: Cost: 0.068399
Epoch 220: Cost: 0.068399
Epoch 230: Cost: 0.068398
Epoch 240: Cost: 0.068398
Epoch 250: Cost: 0.068398
Epoch 260: Cost: 0.068398
Epoch 270: Cost: 0.068398
Epoch 280: Cost: 0.068398
Epoch 290: Cost: 0.068398
Epoch 300: Cost: 0.068398
Epoch 310: Cost: 0.068398
Epoch 320: Cost: 0.068398
Epoch 330: Cost: 0.068398
Epoch 340: Cost: 0.068398
Epoch 350: Cost: 0.068398
Epoch 360: Cost: 0.068398
Epoch 370: Cost: 0.068398
Epoch 380: Cost: 0.068398
Epoch 390: Cost: 0.068398
Epoch 400: Cost: 0.068398
Epoch 410: Cost: 0.068398
Epoch 420: Cost: 0.068398
Epoch 430: Cost: 0.068398
Epoch 440: Cost: 0.068398
Epoch 450: Cost: 0.068398
Epoch 460: Cost: 0.068398
Epoch 470: Cost: 0.068398
Epoch 480: Cost: 0.068398
Epoch 490: Cost: 0.068398
Epoch 500: Cost: 0.068397
Epoch 510: Cost: 0.068397
Epoch 520: Cost: 0.068397
Epoch 530: Cost: 0.068397
Epoch 540: Cost: 0.068397
Epoch 550: Cost: 0.068397
Epoch 560: Cost: 0.068397
Epoch 570: Cost: 0.068397
Epoch 580: Cost: 0.068397
Epoch 590: Cost: 0.068397
Epoch 600: Cost: 0.068397
Epoch 610: Cost: 0.068397
Epoch 620: Cost: 0.068397
Epoch 630: Cost: 0.068396
Epoch 640: Cost: 0.068396
Epoch 650: Cost: 0.068396
Epoch 660: Cost: 0.068396
Epoch 670: Cost: 0.068396
Epoch 680: Cost: 0.068396
Epoch 690: Cost: 0.068396
Epoch 700: Cost: 0.068396
Epoch 710: Cost: 0.068396
Epoch 720: Cost: 0.068395
Epoch 730: Cost: 0.068395
Epoch 740: Cost: 0.068395
Epoch 750: Cost: 0.068395
Epoch 760: Cost: 0.068395
Epoch 770: Cost: 0.068395
Epoch 780: Cost: 0.068395
Epoch 790: Cost: 0.068395
Epoch 800: Cost: 0.068395
Epoch 810: Cost: 0.068394
Epoch 820: Cost: 0.068394
Epoch 830: Cost: 0.068394
Epoch 840: Cost: 0.068394
Epoch 850: Cost: 0.068394
Epoch 860: Cost: 0.068394
Epoch 870: Cost: 0.068394
Epoch 880: Cost: 0.068393
Epoch 890: Cost: 0.068393
Epoch 900: Cost: 0.068393
Epoch 910: Cost: 0.068393
Epoch 920: Cost: 0.068393
Epoch 930: Cost: 0.068393
Epoch 940: Cost: 0.068393
Epoch 950: Cost: 0.068392
Epoch 960: Cost: 0.068392
Epoch 970: Cost: 0.068392
Epoch 980: Cost: 0.068392
Epoch 990: Cost: 0.068392
Epoch 1000: Cost: 0.068392
Optimization complete.
