... building model (hdim=20, len(X)=3500, batch_size=20, eps=0.01, eps_factor=1.0)
... training
Epoch 10: Cost: 0.346804
Epoch 20: Cost: 0.346765
Epoch 30: Cost: 0.345836
Epoch 40: Cost: 0.246784
Epoch 50: Cost: 0.044478
Epoch 60: Cost: 0.028551
Epoch 70: Cost: 0.025929
Epoch 80: Cost: 0.025076
Epoch 90: Cost: 0.024685
Epoch 100: Cost: 0.024452
Epoch 110: Cost: 0.024275
Epoch 120: Cost: 0.024107
Epoch 130: Cost: 0.023896
Epoch 140: Cost: 0.023546
Epoch 150: Cost: 0.022914
Epoch 160: Cost: 0.022006
Epoch 170: Cost: 0.021172
Epoch 180: Cost: 0.020727
Epoch 190: Cost: 0.020517
Epoch 200: Cost: 0.020405
Epoch 210: Cost: 0.020335
Epoch 220: Cost: 0.020283
Epoch 230: Cost: 0.020241
Epoch 240: Cost: 0.020204
Epoch 250: Cost: 0.020171
Epoch 260: Cost: 0.020140
Epoch 270: Cost: 0.020111
Epoch 280: Cost: 0.020084
Epoch 290: Cost: 0.020058
Epoch 300: Cost: 0.020034
Epoch 310: Cost: 0.020011
Epoch 320: Cost: 0.019989
Epoch 330: Cost: 0.019968
Epoch 340: Cost: 0.019948
Epoch 350: Cost: 0.019929
Epoch 360: Cost: 0.019911
Epoch 370: Cost: 0.019893
Epoch 380: Cost: 0.019877
Epoch 390: Cost: 0.019861
Epoch 400: Cost: 0.019847
Epoch 410: Cost: 0.019833
Epoch 420: Cost: 0.019819
Epoch 430: Cost: 0.019807
Epoch 440: Cost: 0.019795
Epoch 450: Cost: 0.019784
Epoch 460: Cost: 0.019773
Epoch 470: Cost: 0.019764
Epoch 480: Cost: 0.019754
Epoch 490: Cost: 0.019746
Epoch 500: Cost: 0.019737
Epoch 510: Cost: 0.019730
Epoch 520: Cost: 0.019723
Epoch 530: Cost: 0.019716
Epoch 540: Cost: 0.019710
Epoch 550: Cost: 0.019704
Epoch 560: Cost: 0.019699
Epoch 570: Cost: 0.019694
Epoch 580: Cost: 0.019689
Epoch 590: Cost: 0.019685
Epoch 600: Cost: 0.019681
Epoch 610: Cost: 0.019677
Epoch 620: Cost: 0.019674
Epoch 630: Cost: 0.019671
Epoch 640: Cost: 0.019668
Epoch 650: Cost: 0.019666
Epoch 660: Cost: 0.019663
Epoch 670: Cost: 0.019661
Epoch 680: Cost: 0.019659
Epoch 690: Cost: 0.019658
Epoch 700: Cost: 0.019656
Epoch 710: Cost: 0.019655
Epoch 720: Cost: 0.019653
Epoch 730: Cost: 0.019652
Epoch 740: Cost: 0.019651
Epoch 750: Cost: 0.019650
Epoch 760: Cost: 0.019650
Epoch 770: Cost: 0.019649
Epoch 780: Cost: 0.019648
Epoch 790: Cost: 0.019648
Epoch 800: Cost: 0.019647
Epoch 810: Cost: 0.019647
Epoch 820: Cost: 0.019646
Epoch 830: Cost: 0.019646
Epoch 840: Cost: 0.019646
Epoch 850: Cost: 0.019645
Epoch 860: Cost: 0.019645
Epoch 870: Cost: 0.019645
Epoch 880: Cost: 0.019645
Epoch 890: Cost: 0.019645
Epoch 900: Cost: 0.019644
Epoch 910: Cost: 0.019644
Epoch 920: Cost: 0.019644
Epoch 930: Cost: 0.019644
Epoch 940: Cost: 0.019644
Epoch 950: Cost: 0.019644
Epoch 960: Cost: 0.019644
Epoch 970: Cost: 0.019644
Epoch 980: Cost: 0.019644
Epoch 990: Cost: 0.019644
Epoch 1000: Cost: 0.019644
Optimization complete.
Counter({0: 2500, 1: 2500})
Training accuracy: 1.0
