0.02415515450052827
... building model (hdim=20, len(X)=61, batch_size=1, eps=0.001, eps_factor=0.99)
... training
Epoch 10: Cost: 0.323998
Epoch 20: Cost: 0.245874
Epoch 30: Cost: 0.173844
Epoch 40: Cost: 0.126239
Epoch 50: Cost: 0.094982
Epoch 60: Cost: 0.074076
Epoch 70: Cost: 0.060073
Epoch 80: Cost: 0.050485
Epoch 90: Cost: 0.043708
Epoch 100: Cost: 0.038753
Epoch 110: Cost: 0.035036
Epoch 120: Cost: 0.032126
Epoch 130: Cost: 0.029775
Epoch 140: Cost: 0.027824
Epoch 150: Cost: 0.026161
Epoch 160: Cost: 0.024713
Epoch 170: Cost: 0.023426
Epoch 180: Cost: 0.022262
Epoch 190: Cost: 0.021195
Epoch 200: Cost: 0.020205
Epoch 210: Cost: 0.019285
Epoch 220: Cost: 0.018418
Epoch 230: Cost: 0.017595
Epoch 240: Cost: 0.016812
Epoch 250: Cost: 0.016066
Epoch 260: Cost: 0.015353
Epoch 270: Cost: 0.014673
Epoch 280: Cost: 0.014024
Epoch 290: Cost: 0.013406
Epoch 300: Cost: 0.012818
Epoch 310: Cost: 0.012263
Epoch 320: Cost: 0.011737
Epoch 330: Cost: 0.011237
Epoch 340: Cost: 0.010763
Epoch 350: Cost: 0.010314
Epoch 360: Cost: 0.009888
Epoch 370: Cost: 0.009484
Epoch 380: Cost: 0.009102
Epoch 390: Cost: 0.008740
Epoch 400: Cost: 0.008396
Epoch 410: Cost: 0.008073
Epoch 420: Cost: 0.007768
Epoch 430: Cost: 0.007477
Epoch 440: Cost: 0.007202
Epoch 450: Cost: 0.006940
Epoch 460: Cost: 0.006690
Epoch 470: Cost: 0.006453
Epoch 480: Cost: 0.006226
Epoch 490: Cost: 0.006010
Epoch 500: Cost: 0.005804
Epoch 510: Cost: 0.005608
Epoch 520: Cost: 0.005421
Epoch 530: Cost: 0.005242
Epoch 540: Cost: 0.005070
Epoch 550: Cost: 0.004905
Epoch 560: Cost: 0.004746
Epoch 570: Cost: 0.004593
Epoch 580: Cost: 0.004445
Epoch 590: Cost: 0.004303
Epoch 600: Cost: 0.004166
Epoch 610: Cost: 0.004035
Epoch 620: Cost: 0.003908
Epoch 630: Cost: 0.003786
Epoch 640: Cost: 0.003668
Epoch 650: Cost: 0.003553
Epoch 660: Cost: 0.003443
Epoch 670: Cost: 0.003336
Epoch 680: Cost: 0.003233
Epoch 690: Cost: 0.003133
Epoch 700: Cost: 0.003037
Epoch 710: Cost: 0.002944
Epoch 720: Cost: 0.002855
Epoch 730: Cost: 0.002769
Epoch 740: Cost: 0.002685
Epoch 750: Cost: 0.002605
Epoch 760: Cost: 0.002527
Epoch 770: Cost: 0.002451
Epoch 780: Cost: 0.002379
Epoch 790: Cost: 0.002308
Epoch 800: Cost: 0.002240
Epoch 810: Cost: 0.002174
Epoch 820: Cost: 0.002111
Epoch 830: Cost: 0.002050
Epoch 840: Cost: 0.001991
Epoch 850: Cost: 0.001934
Epoch 860: Cost: 0.001879
Epoch 870: Cost: 0.001826
Epoch 880: Cost: 0.001774
Epoch 890: Cost: 0.001724
Epoch 900: Cost: 0.001675
Epoch 910: Cost: 0.001629
Epoch 920: Cost: 0.001584
Epoch 930: Cost: 0.001541
Epoch 940: Cost: 0.001499
Epoch 950: Cost: 0.001458
Epoch 960: Cost: 0.001419
Epoch 970: Cost: 0.001380
Epoch 980: Cost: 0.001343
Epoch 990: Cost: 0.001308
Epoch 1000: Cost: 0.001273
Optimization complete.
