0.06169343745256977
... building model (hdim=20, len(X)=61, batch_size=1, eps=0.001, eps_factor=0.99)
... training
Epoch 10: Cost: 0.310980
Epoch 20: Cost: 0.232764
Epoch 30: Cost: 0.184590
Epoch 40: Cost: 0.157045
Epoch 50: Cost: 0.136224
Epoch 60: Cost: 0.120355
Epoch 70: Cost: 0.108265
Epoch 80: Cost: 0.098735
Epoch 90: Cost: 0.090937
Epoch 100: Cost: 0.084359
Epoch 110: Cost: 0.078735
Epoch 120: Cost: 0.073807
Epoch 130: Cost: 0.069440
Epoch 140: Cost: 0.065539
Epoch 150: Cost: 0.062034
Epoch 160: Cost: 0.058869
Epoch 170: Cost: 0.056001
Epoch 180: Cost: 0.053395
Epoch 190: Cost: 0.051021
Epoch 200: Cost: 0.048855
Epoch 210: Cost: 0.046887
Epoch 220: Cost: 0.045086
Epoch 230: Cost: 0.043429
Epoch 240: Cost: 0.041899
Epoch 250: Cost: 0.040482
Epoch 260: Cost: 0.039163
Epoch 270: Cost: 0.037931
Epoch 280: Cost: 0.036774
Epoch 290: Cost: 0.035684
Epoch 300: Cost: 0.034651
Epoch 310: Cost: 0.033679
Epoch 320: Cost: 0.032756
Epoch 330: Cost: 0.031904
Epoch 340: Cost: 0.031570
Epoch 350: Cost: 0.031535
Epoch 360: Cost: 0.031501
Epoch 370: Cost: 0.031456
Epoch 380: Cost: 0.031401
Epoch 390: Cost: 0.031333
Epoch 400: Cost: 0.031254
Epoch 410: Cost: 0.031164
Epoch 420: Cost: 0.031062
Epoch 430: Cost: 0.030949
Epoch 440: Cost: 0.030825
Epoch 450: Cost: 0.030690
Epoch 460: Cost: 0.030545
Epoch 470: Cost: 0.030390
Epoch 480: Cost: 0.030226
Epoch 490: Cost: 0.030053
Epoch 500: Cost: 0.029871
Epoch 510: Cost: 0.029682
Epoch 520: Cost: 0.029486
Epoch 530: Cost: 0.029283
Epoch 540: Cost: 0.029074
Epoch 550: Cost: 0.028857
Epoch 560: Cost: 0.028635
Epoch 570: Cost: 0.028407
Epoch 580: Cost: 0.028174
Epoch 590: Cost: 0.027936
Epoch 600: Cost: 0.027694
Epoch 610: Cost: 0.027449
Epoch 620: Cost: 0.027202
Epoch 630: Cost: 0.026950
Epoch 640: Cost: 0.026696
Epoch 650: Cost: 0.026440
Epoch 660: Cost: 0.026180
Epoch 670: Cost: 0.025919
Epoch 680: Cost: 0.025656
Epoch 690: Cost: 0.025392
Epoch 700: Cost: 0.025126
Epoch 710: Cost: 0.024861
Epoch 720: Cost: 0.024597
Epoch 730: Cost: 0.024332
Epoch 740: Cost: 0.024067
Epoch 750: Cost: 0.023802
Epoch 760: Cost: 0.023537
Epoch 770: Cost: 0.023273
Epoch 780: Cost: 0.023009
Epoch 790: Cost: 0.022746
Epoch 800: Cost: 0.022485
Epoch 810: Cost: 0.022226
Epoch 820: Cost: 0.021970
Epoch 830: Cost: 0.021715
Epoch 840: Cost: 0.021462
Epoch 850: Cost: 0.021210
Epoch 860: Cost: 0.020961
Epoch 870: Cost: 0.020713
Epoch 880: Cost: 0.020468
Epoch 890: Cost: 0.020225
Epoch 900: Cost: 0.019984
Epoch 910: Cost: 0.019748
Epoch 920: Cost: 0.019514
Epoch 930: Cost: 0.019283
Epoch 940: Cost: 0.019055
Epoch 950: Cost: 0.018829
Epoch 960: Cost: 0.018606
Epoch 970: Cost: 0.018385
Epoch 980: Cost: 0.018168
Epoch 990: Cost: 0.017953
Epoch 1000: Cost: 0.017741
Optimization complete.
