0.05140246208800513
... building model (hdim=20, len(X)=123, batch_size=1, eps=0.001, eps_factor=0.99)
... training
Epoch 10: Cost: 0.305712
Epoch 20: Cost: 0.228985
Epoch 30: Cost: 0.174954
Epoch 40: Cost: 0.135233
Epoch 50: Cost: 0.107477
Epoch 60: Cost: 0.088686
Epoch 70: Cost: 0.075839
Epoch 80: Cost: 0.066640
Epoch 90: Cost: 0.059689
Epoch 100: Cost: 0.054190
Epoch 110: Cost: 0.049718
Epoch 120: Cost: 0.045938
Epoch 130: Cost: 0.042676
Epoch 140: Cost: 0.039814
Epoch 150: Cost: 0.037275
Epoch 160: Cost: 0.035002
Epoch 170: Cost: 0.032955
Epoch 180: Cost: 0.031103
Epoch 190: Cost: 0.029421
Epoch 200: Cost: 0.027889
Epoch 210: Cost: 0.026503
Epoch 220: Cost: 0.025236
Epoch 230: Cost: 0.024073
Epoch 240: Cost: 0.023004
Epoch 250: Cost: 0.022021
Epoch 260: Cost: 0.021113
Epoch 270: Cost: 0.020275
Epoch 280: Cost: 0.019498
Epoch 290: Cost: 0.018776
Epoch 300: Cost: 0.018105
Epoch 310: Cost: 0.017484
Epoch 320: Cost: 0.016904
Epoch 330: Cost: 0.016359
Epoch 340: Cost: 0.015848
Epoch 350: Cost: 0.015366
Epoch 360: Cost: 0.014912
Epoch 370: Cost: 0.014482
Epoch 380: Cost: 0.014076
Epoch 390: Cost: 0.013691
Epoch 400: Cost: 0.013325
Epoch 410: Cost: 0.012979
Epoch 420: Cost: 0.012650
Epoch 430: Cost: 0.012337
Epoch 440: Cost: 0.012039
Epoch 450: Cost: 0.011753
Epoch 460: Cost: 0.011480
Epoch 470: Cost: 0.011218
Epoch 480: Cost: 0.010967
Epoch 490: Cost: 0.010727
Epoch 500: Cost: 0.010496
Epoch 510: Cost: 0.010273
Epoch 520: Cost: 0.010062
Epoch 530: Cost: 0.009860
Epoch 540: Cost: 0.009666
Epoch 550: Cost: 0.009466
Epoch 560: Cost: 0.009428
Epoch 570: Cost: 0.009424
Epoch 580: Cost: 0.009419
Epoch 590: Cost: 0.009413
Epoch 600: Cost: 0.009405
Epoch 610: Cost: 0.009395
Epoch 620: Cost: 0.009383
Epoch 630: Cost: 0.009368
Epoch 640: Cost: 0.009352
Epoch 650: Cost: 0.009334
Epoch 660: Cost: 0.009314
Epoch 670: Cost: 0.009292
Epoch 680: Cost: 0.009268
Epoch 690: Cost: 0.009242
Epoch 700: Cost: 0.009215
Epoch 710: Cost: 0.009186
Epoch 720: Cost: 0.009155
Epoch 730: Cost: 0.009123
Epoch 740: Cost: 0.009090
Epoch 750: Cost: 0.009056
Epoch 760: Cost: 0.009020
Epoch 770: Cost: 0.008982
Epoch 780: Cost: 0.008944
Epoch 790: Cost: 0.008904
Epoch 800: Cost: 0.008863
Epoch 810: Cost: 0.008820
Epoch 820: Cost: 0.008778
Epoch 830: Cost: 0.008734
Epoch 840: Cost: 0.008689
Epoch 850: Cost: 0.008643
Epoch 860: Cost: 0.008597
Epoch 870: Cost: 0.008550
Epoch 880: Cost: 0.008501
Epoch 890: Cost: 0.008453
Epoch 900: Cost: 0.008403
Epoch 910: Cost: 0.008352
Epoch 920: Cost: 0.008302
Epoch 930: Cost: 0.008251
Epoch 940: Cost: 0.008200
Epoch 950: Cost: 0.008148
Epoch 960: Cost: 0.008095
Epoch 970: Cost: 0.008043
Epoch 980: Cost: 0.007989
Epoch 990: Cost: 0.007936
Epoch 1000: Cost: 0.007882
Optimization complete.
