0.04226510144111627
... building model (hdim=20, len(X)=123, batch_size=1, eps=0.1, eps_factor=0.99)
... training
Epoch 10: Cost: 0.045179
Epoch 20: Cost: 0.042664
Epoch 30: Cost: 0.042439
Epoch 40: Cost: 0.042391
Epoch 50: Cost: 0.042361
Epoch 60: Cost: 0.042332
Epoch 70: Cost: 0.042323
Epoch 80: Cost: 0.042314
Epoch 90: Cost: 0.042303
Epoch 100: Cost: 0.042294
Epoch 110: Cost: 0.042287
Epoch 120: Cost: 0.042282
Epoch 130: Cost: 0.042279
Epoch 140: Cost: 0.042277
Epoch 150: Cost: 0.042275
Epoch 160: Cost: 0.042273
Epoch 170: Cost: 0.042271
Epoch 180: Cost: 0.042270
Epoch 190: Cost: 0.042269
Epoch 200: Cost: 0.042268
Epoch 210: Cost: 0.042268
Epoch 220: Cost: 0.042268
Epoch 230: Cost: 0.042268
Epoch 240: Cost: 0.042268
Epoch 250: Cost: 0.042268
Epoch 260: Cost: 0.042268
Epoch 270: Cost: 0.042268
Epoch 280: Cost: 0.042268
Epoch 290: Cost: 0.042268
Epoch 300: Cost: 0.042268
Epoch 310: Cost: 0.042268
Epoch 320: Cost: 0.042268
Epoch 330: Cost: 0.042268
Epoch 340: Cost: 0.042268
Epoch 350: Cost: 0.042268
Epoch 360: Cost: 0.042268
Epoch 370: Cost: 0.042267
Epoch 380: Cost: 0.042267
Epoch 390: Cost: 0.042267
Epoch 400: Cost: 0.042267
Epoch 410: Cost: 0.042267
Epoch 420: Cost: 0.042267
Epoch 430: Cost: 0.042267
Epoch 440: Cost: 0.042267
Epoch 450: Cost: 0.042267
Epoch 460: Cost: 0.042267
Epoch 470: Cost: 0.042267
Epoch 480: Cost: 0.042267
Epoch 490: Cost: 0.042267
Epoch 500: Cost: 0.042267
Epoch 510: Cost: 0.042267
Epoch 520: Cost: 0.042267
Epoch 530: Cost: 0.042267
Epoch 540: Cost: 0.042267
Epoch 550: Cost: 0.042267
Epoch 560: Cost: 0.042267
Epoch 570: Cost: 0.042267
Epoch 580: Cost: 0.042267
Epoch 590: Cost: 0.042267
Epoch 600: Cost: 0.042267
Epoch 610: Cost: 0.042267
Epoch 620: Cost: 0.042267
Epoch 630: Cost: 0.042267
Epoch 640: Cost: 0.042267
Epoch 650: Cost: 0.042267
Epoch 660: Cost: 0.042267
Epoch 670: Cost: 0.042267
Epoch 680: Cost: 0.042267
Epoch 690: Cost: 0.042267
Epoch 700: Cost: 0.042267
Epoch 710: Cost: 0.042267
Epoch 720: Cost: 0.042267
Epoch 730: Cost: 0.042267
Epoch 740: Cost: 0.042266
Epoch 750: Cost: 0.042266
Epoch 760: Cost: 0.042266
Epoch 770: Cost: 0.042266
Epoch 780: Cost: 0.042266
Epoch 790: Cost: 0.042266
Epoch 800: Cost: 0.042266
Epoch 810: Cost: 0.042266
Epoch 820: Cost: 0.042266
Epoch 830: Cost: 0.042266
Epoch 840: Cost: 0.042266
Epoch 850: Cost: 0.042266
Epoch 860: Cost: 0.042266
Epoch 870: Cost: 0.042266
Epoch 880: Cost: 0.042266
Epoch 890: Cost: 0.042266
Epoch 900: Cost: 0.042266
Epoch 910: Cost: 0.042266
Epoch 920: Cost: 0.042266
Epoch 930: Cost: 0.042266
Epoch 940: Cost: 0.042266
Epoch 950: Cost: 0.042266
Epoch 960: Cost: 0.042266
Epoch 970: Cost: 0.042266
Epoch 980: Cost: 0.042266
Epoch 990: Cost: 0.042266
Epoch 1000: Cost: 0.042266
Optimization complete.
