0.021378927344380586
... building model (hdim=20, len(X)=123, batch_size=1, eps=0.001, eps_factor=0.99)
... training
Epoch 10: Cost: 0.298779
Epoch 20: Cost: 0.191727
Epoch 30: Cost: 0.116359
Epoch 40: Cost: 0.077656
Epoch 50: Cost: 0.057953
Epoch 60: Cost: 0.046579
Epoch 70: Cost: 0.039234
Epoch 80: Cost: 0.034091
Epoch 90: Cost: 0.030273
Epoch 100: Cost: 0.027313
Epoch 110: Cost: 0.024964
Epoch 120: Cost: 0.023030
Epoch 130: Cost: 0.021401
Epoch 140: Cost: 0.020006
Epoch 150: Cost: 0.018789
Epoch 160: Cost: 0.017713
Epoch 170: Cost: 0.016749
Epoch 180: Cost: 0.015876
Epoch 190: Cost: 0.015079
Epoch 200: Cost: 0.014346
Epoch 210: Cost: 0.013674
Epoch 220: Cost: 0.013050
Epoch 230: Cost: 0.012467
Epoch 240: Cost: 0.011921
Epoch 250: Cost: 0.011409
Epoch 260: Cost: 0.010927
Epoch 270: Cost: 0.010473
Epoch 280: Cost: 0.010044
Epoch 290: Cost: 0.009638
Epoch 300: Cost: 0.009253
Epoch 310: Cost: 0.008890
Epoch 320: Cost: 0.008544
Epoch 330: Cost: 0.008215
Epoch 340: Cost: 0.007899
Epoch 350: Cost: 0.007597
Epoch 360: Cost: 0.007307
Epoch 370: Cost: 0.007029
Epoch 380: Cost: 0.006762
Epoch 390: Cost: 0.006504
Epoch 400: Cost: 0.006257
Epoch 410: Cost: 0.006020
Epoch 420: Cost: 0.005792
Epoch 430: Cost: 0.005572
Epoch 440: Cost: 0.005360
Epoch 450: Cost: 0.005155
Epoch 460: Cost: 0.004957
Epoch 470: Cost: 0.004767
Epoch 480: Cost: 0.004583
Epoch 490: Cost: 0.004406
Epoch 500: Cost: 0.004236
Epoch 510: Cost: 0.004073
Epoch 520: Cost: 0.003916
Epoch 530: Cost: 0.003766
Epoch 540: Cost: 0.003621
Epoch 550: Cost: 0.003481
Epoch 560: Cost: 0.003348
Epoch 570: Cost: 0.003219
Epoch 580: Cost: 0.003096
Epoch 590: Cost: 0.002977
Epoch 600: Cost: 0.002864
Epoch 610: Cost: 0.002756
Epoch 620: Cost: 0.002653
Epoch 630: Cost: 0.002554
Epoch 640: Cost: 0.002459
Epoch 650: Cost: 0.002368
Epoch 660: Cost: 0.002281
Epoch 670: Cost: 0.002198
Epoch 680: Cost: 0.002118
Epoch 690: Cost: 0.002041
Epoch 700: Cost: 0.001968
Epoch 710: Cost: 0.001899
Epoch 720: Cost: 0.001833
Epoch 730: Cost: 0.001769
Epoch 740: Cost: 0.001709
Epoch 750: Cost: 0.001651
Epoch 760: Cost: 0.001595
Epoch 770: Cost: 0.001542
Epoch 780: Cost: 0.001491
Epoch 790: Cost: 0.001442
Epoch 800: Cost: 0.001395
Epoch 810: Cost: 0.001351
Epoch 820: Cost: 0.001308
Epoch 830: Cost: 0.001267
Epoch 840: Cost: 0.001228
Epoch 850: Cost: 0.001191
Epoch 860: Cost: 0.001155
Epoch 870: Cost: 0.001120
Epoch 880: Cost: 0.001087
Epoch 890: Cost: 0.001055
Epoch 900: Cost: 0.001025
Epoch 910: Cost: 0.000995
Epoch 920: Cost: 0.000967
Epoch 930: Cost: 0.000940
Epoch 940: Cost: 0.000914
Epoch 950: Cost: 0.000889
Epoch 960: Cost: 0.000865
Epoch 970: Cost: 0.000842
Epoch 980: Cost: 0.000820
Epoch 990: Cost: 0.000798
Epoch 1000: Cost: 0.000778
Optimization complete.
