0.049657979341716604
... building model (hdim=20, len(X)=1230, batch_size=1, eps=0.001, eps_factor=0.99)
... training
Epoch 10: Cost: 0.162895
Epoch 20: Cost: 0.075980
Epoch 30: Cost: 0.050704
Epoch 40: Cost: 0.038929
Epoch 50: Cost: 0.031865
Epoch 60: Cost: 0.027050
Epoch 70: Cost: 0.023539
Epoch 80: Cost: 0.020900
Epoch 90: Cost: 0.018886
Epoch 100: Cost: 0.017327
Epoch 110: Cost: 0.016095
Epoch 120: Cost: 0.015121
Epoch 130: Cost: 0.014336
Epoch 140: Cost: 0.013705
Epoch 150: Cost: 0.013212
Epoch 160: Cost: 0.012852
Epoch 170: Cost: 0.012627
Epoch 180: Cost: 0.012547
Epoch 190: Cost: 0.009615
Epoch 200: Cost: 0.009489
Epoch 210: Cost: 0.009436
Epoch 220: Cost: 0.009396
Epoch 230: Cost: 0.009353
Epoch 240: Cost: 0.009308
Epoch 250: Cost: 0.009262
Epoch 260: Cost: 0.009218
Epoch 270: Cost: 0.009176
Epoch 280: Cost: 0.009138
Epoch 290: Cost: 0.009103
Epoch 300: Cost: 0.009073
Epoch 310: Cost: 0.009038
Epoch 320: Cost: 0.009016
Epoch 330: Cost: 0.008998
Epoch 340: Cost: 0.008985
Epoch 350: Cost: 0.008976
Epoch 360: Cost: 0.008970
Epoch 370: Cost: 0.008968
Epoch 380: Cost: 0.007885
Epoch 390: Cost: 0.007583
Epoch 400: Cost: 0.007570
Epoch 410: Cost: 0.007560
Epoch 420: Cost: 0.007553
Epoch 430: Cost: 0.007547
Epoch 440: Cost: 0.007542
Epoch 450: Cost: 0.007537
Epoch 460: Cost: 0.007533
Epoch 470: Cost: 0.007530
Epoch 480: Cost: 0.007526
Epoch 490: Cost: 0.007522
Epoch 500: Cost: 0.007517
Epoch 510: Cost: 0.007507
Epoch 520: Cost: 0.007500
Epoch 530: Cost: 0.007491
Epoch 540: Cost: 0.007481
Epoch 550: Cost: 0.007469
Epoch 560: Cost: 0.007455
Epoch 570: Cost: 0.007439
Epoch 580: Cost: 0.007421
Epoch 590: Cost: 0.007402
Epoch 600: Cost: 0.007380
Epoch 610: Cost: 0.007349
Epoch 620: Cost: 0.007324
Epoch 630: Cost: 0.007297
Epoch 640: Cost: 0.007269
Epoch 650: Cost: 0.007239
Epoch 660: Cost: 0.007208
Epoch 670: Cost: 0.007175
Epoch 680: Cost: 0.007140
Epoch 690: Cost: 0.007105
Epoch 700: Cost: 0.007067
Epoch 710: Cost: 0.007018
Epoch 720: Cost: 0.006979
Epoch 730: Cost: 0.006939
Epoch 740: Cost: 0.006898
Epoch 750: Cost: 0.006855
Epoch 760: Cost: 0.006812
Epoch 770: Cost: 0.006768
Epoch 780: Cost: 0.006723
Epoch 790: Cost: 0.006677
Epoch 800: Cost: 0.006631
Epoch 810: Cost: 0.006573
Epoch 820: Cost: 0.006527
Epoch 830: Cost: 0.006480
Epoch 840: Cost: 0.006433
Epoch 850: Cost: 0.006385
Epoch 860: Cost: 0.006337
Epoch 870: Cost: 0.006289
Epoch 880: Cost: 0.006241
Epoch 890: Cost: 0.006193
Epoch 900: Cost: 0.006146
Epoch 910: Cost: 0.006089
Epoch 920: Cost: 0.006043
Epoch 930: Cost: 0.005997
Epoch 940: Cost: 0.005952
Epoch 950: Cost: 0.005908
Epoch 960: Cost: 0.005864
Epoch 970: Cost: 0.005821
Epoch 980: Cost: 0.005779
Epoch 990: Cost: 0.005739
Epoch 1000: Cost: 0.005700
Optimization complete.
