0.02503338098239748
... building model (hdim=20, len(X)=1230, batch_size=1, eps=0.001, eps_factor=0.99)
... training
Epoch 10: Cost: 0.104193
Epoch 20: Cost: 0.046009
Epoch 30: Cost: 0.030650
Epoch 40: Cost: 0.023365
Epoch 50: Cost: 0.019025
Epoch 60: Cost: 0.016123
Epoch 70: Cost: 0.014038
Epoch 80: Cost: 0.012466
Epoch 90: Cost: 0.011234
Epoch 100: Cost: 0.010238
Epoch 110: Cost: 0.009397
Epoch 120: Cost: 0.008700
Epoch 130: Cost: 0.008098
Epoch 140: Cost: 0.007571
Epoch 150: Cost: 0.007106
Epoch 160: Cost: 0.006694
Epoch 170: Cost: 0.006326
Epoch 180: Cost: 0.005998
Epoch 190: Cost: 0.005705
Epoch 200: Cost: 0.005443
Epoch 210: Cost: 0.005176
Epoch 220: Cost: 0.004971
Epoch 230: Cost: 0.004788
Epoch 240: Cost: 0.004629
Epoch 250: Cost: 0.004490
Epoch 260: Cost: 0.004373
Epoch 270: Cost: 0.004279
Epoch 280: Cost: 0.004211
Epoch 290: Cost: 0.004176
Epoch 300: Cost: 0.003311
Epoch 310: Cost: 0.002443
Epoch 320: Cost: 0.002371
Epoch 330: Cost: 0.002346
Epoch 340: Cost: 0.002337
Epoch 350: Cost: 0.002335
Epoch 360: Cost: 0.002287
Epoch 370: Cost: 0.002278
Epoch 380: Cost: 0.002275
Epoch 390: Cost: 0.002271
Epoch 400: Cost: 0.002268
Epoch 410: Cost: 0.002264
Epoch 420: Cost: 0.002260
Epoch 430: Cost: 0.002256
Epoch 440: Cost: 0.002253
Epoch 450: Cost: 0.002251
Epoch 460: Cost: 0.002249
Epoch 470: Cost: 0.002247
Epoch 480: Cost: 0.002246
Epoch 490: Cost: 0.002246
Epoch 500: Cost: 0.002195
Epoch 510: Cost: 0.002168
Epoch 520: Cost: 0.002164
Epoch 530: Cost: 0.002163
Epoch 540: Cost: 0.002161
Epoch 550: Cost: 0.002160
Epoch 560: Cost: 0.002158
Epoch 570: Cost: 0.002157
Epoch 580: Cost: 0.002155
Epoch 590: Cost: 0.002153
Epoch 600: Cost: 0.002150
Epoch 610: Cost: 0.002147
Epoch 620: Cost: 0.002145
Epoch 630: Cost: 0.002142
Epoch 640: Cost: 0.002138
Epoch 650: Cost: 0.002135
Epoch 660: Cost: 0.002132
Epoch 670: Cost: 0.002128
Epoch 680: Cost: 0.002124
Epoch 690: Cost: 0.002120
Epoch 700: Cost: 0.002116
Epoch 710: Cost: 0.002111
Epoch 720: Cost: 0.002107
Epoch 730: Cost: 0.002102
Epoch 740: Cost: 0.002098
Epoch 750: Cost: 0.002093
Epoch 760: Cost: 0.002088
Epoch 770: Cost: 0.002084
Epoch 780: Cost: 0.002079
Epoch 790: Cost: 0.002074
Epoch 800: Cost: 0.002068
Epoch 810: Cost: 0.002061
Epoch 820: Cost: 0.002056
Epoch 830: Cost: 0.002051
Epoch 840: Cost: 0.002045
Epoch 850: Cost: 0.002040
Epoch 860: Cost: 0.002034
Epoch 870: Cost: 0.002028
Epoch 880: Cost: 0.002022
Epoch 890: Cost: 0.002016
Epoch 900: Cost: 0.002010
Epoch 910: Cost: 0.002001
Epoch 920: Cost: 0.001995
Epoch 930: Cost: 0.001988
Epoch 940: Cost: 0.001982
Epoch 950: Cost: 0.001975
Epoch 960: Cost: 0.001968
Epoch 970: Cost: 0.001961
Epoch 980: Cost: 0.001954
Epoch 990: Cost: 0.001947
Epoch 1000: Cost: 0.001940
Optimization complete.
