0.04905293272511317
... building model (hdim=20, len(X)=12300, batch_size=12, eps=0.001, eps_factor=0.99)
... training
Epoch 10: Cost: 0.183393
Epoch 20: Cost: 0.084202
Epoch 30: Cost: 0.053948
Epoch 40: Cost: 0.040513
Epoch 50: Cost: 0.032815
Epoch 60: Cost: 0.027750
Epoch 70: Cost: 0.024121
Epoch 80: Cost: 0.021370
Epoch 90: Cost: 0.019202
Epoch 100: Cost: 0.017445
Epoch 110: Cost: 0.016004
Epoch 120: Cost: 0.014792
Epoch 130: Cost: 0.013758
Epoch 140: Cost: 0.012867
Epoch 150: Cost: 0.012091
Epoch 160: Cost: 0.011409
Epoch 170: Cost: 0.010805
Epoch 180: Cost: 0.010266
Epoch 190: Cost: 0.009782
Epoch 200: Cost: 0.009346
Epoch 210: Cost: 0.008950
Epoch 220: Cost: 0.008593
Epoch 230: Cost: 0.008266
Epoch 240: Cost: 0.007967
Epoch 250: Cost: 0.007692
Epoch 260: Cost: 0.007439
Epoch 270: Cost: 0.007206
Epoch 280: Cost: 0.006990
Epoch 290: Cost: 0.006789
Epoch 300: Cost: 0.006604
Epoch 310: Cost: 0.006417
Epoch 320: Cost: 0.006256
Epoch 330: Cost: 0.006106
Epoch 340: Cost: 0.005965
Epoch 350: Cost: 0.005832
Epoch 360: Cost: 0.005708
Epoch 370: Cost: 0.005590
Epoch 380: Cost: 0.005479
Epoch 390: Cost: 0.005374
Epoch 400: Cost: 0.005274
Epoch 410: Cost: 0.005145
Epoch 420: Cost: 0.005052
Epoch 430: Cost: 0.004962
Epoch 440: Cost: 0.004875
Epoch 450: Cost: 0.004790
Epoch 460: Cost: 0.004707
Epoch 470: Cost: 0.004626
Epoch 480: Cost: 0.004546
Epoch 490: Cost: 0.004467
Epoch 500: Cost: 0.004388
Epoch 510: Cost: 0.004262
Epoch 520: Cost: 0.004185
Epoch 530: Cost: 0.004108
Epoch 540: Cost: 0.004033
Epoch 550: Cost: 0.003958
Epoch 560: Cost: 0.003885
Epoch 570: Cost: 0.003815
Epoch 580: Cost: 0.003748
Epoch 590: Cost: 0.003685
Epoch 600: Cost: 0.003627
Epoch 610: Cost: 0.003547
Epoch 620: Cost: 0.003508
Epoch 630: Cost: 0.003477
Epoch 640: Cost: 0.003456
Epoch 650: Cost: 0.003442
Epoch 660: Cost: 0.003438
Epoch 670: Cost: 0.002938
Epoch 680: Cost: 0.002866
Epoch 690: Cost: 0.002853
Epoch 700: Cost: 0.002846
Epoch 710: Cost: 0.002841
Epoch 720: Cost: 0.002837
Epoch 730: Cost: 0.002833
Epoch 740: Cost: 0.002829
Epoch 750: Cost: 0.002825
Epoch 760: Cost: 0.002820
Epoch 770: Cost: 0.002815
Epoch 780: Cost: 0.002810
Epoch 790: Cost: 0.002805
Epoch 800: Cost: 0.002799
Epoch 810: Cost: 0.002793
Epoch 820: Cost: 0.002787
Epoch 830: Cost: 0.002781
Epoch 840: Cost: 0.002774
Epoch 850: Cost: 0.002768
Epoch 860: Cost: 0.002761
Epoch 870: Cost: 0.002754
Epoch 880: Cost: 0.002747
Epoch 890: Cost: 0.002739
Epoch 900: Cost: 0.002732
Epoch 910: Cost: 0.002724
Epoch 920: Cost: 0.002716
Epoch 930: Cost: 0.002708
Epoch 940: Cost: 0.002699
Epoch 950: Cost: 0.002691
Epoch 960: Cost: 0.002682
Epoch 970: Cost: 0.002673
Epoch 980: Cost: 0.002664
Epoch 990: Cost: 0.002655
Epoch 1000: Cost: 0.002646
Optimization complete.
