0.05029070243669181
... building model (hdim=20, len(X)=12300, batch_size=12, eps=0.1, eps_factor=0.99)
... training
Epoch 10: Cost: 0.050335
Epoch 20: Cost: 0.050298
Epoch 30: Cost: 0.050293
Epoch 40: Cost: 0.050293
Epoch 50: Cost: 0.050292
Epoch 60: Cost: 0.050292
Epoch 70: Cost: 0.050292
Epoch 80: Cost: 0.050292
Epoch 90: Cost: 0.050291
Epoch 100: Cost: 0.050291
Epoch 110: Cost: 0.050291
Epoch 120: Cost: 0.050291
Epoch 130: Cost: 0.050291
Epoch 140: Cost: 0.050291
Epoch 150: Cost: 0.050291
Epoch 160: Cost: 0.050291
Epoch 170: Cost: 0.050291
Epoch 180: Cost: 0.050291
Epoch 190: Cost: 0.050291
Epoch 200: Cost: 0.050291
Epoch 210: Cost: 0.050291
Epoch 220: Cost: 0.050291
Epoch 230: Cost: 0.050291
Epoch 240: Cost: 0.050291
Epoch 250: Cost: 0.050291
Epoch 260: Cost: 0.050291
Epoch 270: Cost: 0.050291
Epoch 280: Cost: 0.050291
Epoch 290: Cost: 0.050291
Epoch 300: Cost: 0.050291
Epoch 310: Cost: 0.050291
Epoch 320: Cost: 0.050291
Epoch 330: Cost: 0.050291
Epoch 340: Cost: 0.050291
Epoch 350: Cost: 0.050291
Epoch 360: Cost: 0.050291
Epoch 370: Cost: 0.050291
Epoch 380: Cost: 0.050291
Epoch 390: Cost: 0.050291
Epoch 400: Cost: 0.050291
Epoch 410: Cost: 0.050291
Epoch 420: Cost: 0.050291
Epoch 430: Cost: 0.050291
Epoch 440: Cost: 0.050291
Epoch 450: Cost: 0.050291
Epoch 460: Cost: 0.050291
Epoch 470: Cost: 0.050291
Epoch 480: Cost: 0.050291
Epoch 490: Cost: 0.050291
Epoch 500: Cost: 0.050291
Optimization complete.
