0.02504389059965513
... building model (hdim=20, len(X)=12300, batch_size=12, eps=0.001, eps_factor=0.99)
... training
Epoch 10: Cost: 0.117106
Epoch 20: Cost: 0.050527
Epoch 30: Cost: 0.033473
Epoch 40: Cost: 0.025451
Epoch 50: Cost: 0.020680
Epoch 60: Cost: 0.017482
Epoch 70: Cost: 0.015180
Epoch 80: Cost: 0.013440
Epoch 90: Cost: 0.012079
Epoch 100: Cost: 0.010985
Epoch 110: Cost: 0.010093
Epoch 120: Cost: 0.009345
Epoch 130: Cost: 0.008708
Epoch 140: Cost: 0.008159
Epoch 150: Cost: 0.007680
Epoch 160: Cost: 0.007258
Epoch 170: Cost: 0.006883
Epoch 180: Cost: 0.006548
Epoch 190: Cost: 0.006245
Epoch 200: Cost: 0.005971
Epoch 210: Cost: 0.005725
Epoch 220: Cost: 0.005499
Epoch 230: Cost: 0.005292
Epoch 240: Cost: 0.005101
Epoch 250: Cost: 0.004926
Epoch 260: Cost: 0.004764
Epoch 270: Cost: 0.004614
Epoch 280: Cost: 0.004475
Epoch 290: Cost: 0.004346
Epoch 300: Cost: 0.004226
Epoch 310: Cost: 0.004116
Epoch 320: Cost: 0.004013
Epoch 330: Cost: 0.003917
Epoch 340: Cost: 0.003827
Epoch 350: Cost: 0.003744
Epoch 360: Cost: 0.003666
Epoch 370: Cost: 0.003593
Epoch 380: Cost: 0.003526
Epoch 390: Cost: 0.003462
Epoch 400: Cost: 0.003403
Epoch 410: Cost: 0.003344
Epoch 420: Cost: 0.003293
Epoch 430: Cost: 0.003245
Epoch 440: Cost: 0.003200
Epoch 450: Cost: 0.003158
Epoch 460: Cost: 0.003119
Epoch 470: Cost: 0.003082
Epoch 480: Cost: 0.003047
Epoch 490: Cost: 0.003015
Epoch 500: Cost: 0.002984
Epoch 510: Cost: 0.002948
Epoch 520: Cost: 0.002920
Epoch 530: Cost: 0.002894
Epoch 540: Cost: 0.002870
Epoch 550: Cost: 0.002847
Epoch 560: Cost: 0.002824
Epoch 570: Cost: 0.002803
Epoch 580: Cost: 0.002783
Epoch 590: Cost: 0.002764
Epoch 600: Cost: 0.002745
Epoch 610: Cost: 0.002714
Epoch 620: Cost: 0.002697
Epoch 630: Cost: 0.002679
Epoch 640: Cost: 0.002663
Epoch 650: Cost: 0.002647
Epoch 660: Cost: 0.002630
Epoch 670: Cost: 0.002615
Epoch 680: Cost: 0.002598
Epoch 690: Cost: 0.002582
Epoch 700: Cost: 0.002565
Epoch 710: Cost: 0.002524
Epoch 720: Cost: 0.002504
Epoch 730: Cost: 0.002483
Epoch 740: Cost: 0.002461
Epoch 750: Cost: 0.002438
Epoch 760: Cost: 0.002414
Epoch 770: Cost: 0.002389
Epoch 780: Cost: 0.002363
Epoch 790: Cost: 0.002337
Epoch 800: Cost: 0.002312
Epoch 810: Cost: 0.002266
Epoch 820: Cost: 0.002247
Epoch 830: Cost: 0.002232
Epoch 840: Cost: 0.002221
Epoch 850: Cost: 0.002214
Epoch 860: Cost: 0.002211
Epoch 870: Cost: 0.001726
Epoch 880: Cost: 0.001632
Epoch 890: Cost: 0.001620
Epoch 900: Cost: 0.001613
Epoch 910: Cost: 0.001609
Epoch 920: Cost: 0.001606
Epoch 930: Cost: 0.001604
Epoch 940: Cost: 0.001602
Epoch 950: Cost: 0.001601
Epoch 960: Cost: 0.001600
Epoch 970: Cost: 0.001599
Epoch 980: Cost: 0.001598
Epoch 990: Cost: 0.001598
Epoch 1000: Cost: 0.001597
Optimization complete.
