0.02415515450052827
... building model (hdim=20, len(X)=61, batch_size=1, eps=0.001, eps_factor=0.99)
... training
Epoch 10: Cost: 0.323998
Epoch 20: Cost: 0.245874
Epoch 30: Cost: 0.173844
Epoch 40: Cost: 0.126239
Epoch 50: Cost: 0.094982
Epoch 60: Cost: 0.074076
Epoch 70: Cost: 0.060073
Epoch 80: Cost: 0.050485
Epoch 90: Cost: 0.043708
Epoch 100: Cost: 0.038753
Epoch 110: Cost: 0.035036
Epoch 120: Cost: 0.032126
Epoch 130: Cost: 0.029775
Epoch 140: Cost: 0.027824
Epoch 150: Cost: 0.026161
Epoch 160: Cost: 0.024713
Epoch 170: Cost: 0.023426
Epoch 180: Cost: 0.022262
Epoch 190: Cost: 0.021195
Epoch 200: Cost: 0.020205
Epoch 210: Cost: 0.019285
Epoch 220: Cost: 0.018418
Epoch 230: Cost: 0.017595
Epoch 240: Cost: 0.016812
Epoch 250: Cost: 0.016066
Epoch 260: Cost: 0.015353
Epoch 270: Cost: 0.014673
Epoch 280: Cost: 0.014024
Epoch 290: Cost: 0.013406
Epoch 300: Cost: 0.012818
Epoch 310: Cost: 0.012263
Epoch 320: Cost: 0.011737
Epoch 330: Cost: 0.011237
Epoch 340: Cost: 0.010763
Epoch 350: Cost: 0.010314
Epoch 360: Cost: 0.009888
Epoch 370: Cost: 0.009484
Epoch 380: Cost: 0.009102
Epoch 390: Cost: 0.008740
Epoch 400: Cost: 0.008396
Epoch 410: Cost: 0.008073
Epoch 420: Cost: 0.007768
Epoch 430: Cost: 0.007477
Epoch 440: Cost: 0.007202
Epoch 450: Cost: 0.006940
Epoch 460: Cost: 0.006690
Epoch 470: Cost: 0.006453
Epoch 480: Cost: 0.006226
Epoch 490: Cost: 0.006010
Epoch 500: Cost: 0.005804
Epoch 510: Cost: 0.005608
Epoch 520: Cost: 0.005421
Epoch 530: Cost: 0.005242
Epoch 540: Cost: 0.005070
Epoch 550: Cost: 0.004905
Epoch 560: Cost: 0.004746
Epoch 570: Cost: 0.004593
Epoch 580: Cost: 0.004445
Epoch 590: Cost: 0.004303
Epoch 600: Cost: 0.004166
Epoch 610: Cost: 0.004035
Epoch 620: Cost: 0.003908
Epoch 630: Cost: 0.003786
Epoch 640: Cost: 0.003668
Epoch 650: Cost: 0.003553
Epoch 660: Cost: 0.003443
Epoch 670: Cost: 0.003336
Epoch 680: Cost: 0.003233
Epoch 690: Cost: 0.003133
Epoch 700: Cost: 0.003037
Epoch 710: Cost: 0.002944
Epoch 720: Cost: 0.002855
Epoch 730: Cost: 0.002769
Epoch 740: Cost: 0.002685
Epoch 750: Cost: 0.002605
Epoch 760: Cost: 0.002527
Epoch 770: Cost: 0.002451
Epoch 780: Cost: 0.002379
Epoch 790: Cost: 0.002308
Epoch 800: Cost: 0.002240
Epoch 810: Cost: 0.002174
Epoch 820: Cost: 0.002111
Epoch 830: Cost: 0.002050
Epoch 840: Cost: 0.001991
Epoch 850: Cost: 0.001934
Epoch 860: Cost: 0.001879
Epoch 870: Cost: 0.001826
Epoch 880: Cost: 0.001774
Epoch 890: Cost: 0.001724
Epoch 900: Cost: 0.001675
Epoch 910: Cost: 0.001629
Epoch 920: Cost: 0.001584
Epoch 930: Cost: 0.001541
Epoch 940: Cost: 0.001499
Epoch 950: Cost: 0.001458
Epoch 960: Cost: 0.001419
Epoch 970: Cost: 0.001380
Epoch 980: Cost: 0.001343
Epoch 990: Cost: 0.001308
Epoch 1000: Cost: 0.001273
Optimization complete.
0.07534736621779511
... building model (hdim=20, len(X)=122, batch_size=1, eps=0.001, eps_factor=0.99)
... training
Epoch 10: Cost: 0.325769
Epoch 20: Cost: 0.256633
Epoch 30: Cost: 0.195663
Epoch 40: Cost: 0.154593
Epoch 50: Cost: 0.128808
Epoch 60: Cost: 0.111712
Epoch 70: Cost: 0.099413
Epoch 80: Cost: 0.089976
Epoch 90: Cost: 0.082418
Epoch 100: Cost: 0.076199
Epoch 110: Cost: 0.071020
Epoch 120: Cost: 0.066597
Epoch 130: Cost: 0.062748
Epoch 140: Cost: 0.059339
Epoch 150: Cost: 0.056267
Epoch 160: Cost: 0.053455
Epoch 170: Cost: 0.050846
Epoch 180: Cost: 0.048402
Epoch 190: Cost: 0.046095
Epoch 200: Cost: 0.043907
Epoch 210: Cost: 0.041839
Epoch 220: Cost: 0.039862
Epoch 230: Cost: 0.037965
Epoch 240: Cost: 0.036140
Epoch 250: Cost: 0.034380
Epoch 260: Cost: 0.032681
Epoch 270: Cost: 0.031035
Epoch 280: Cost: 0.029499
Epoch 290: Cost: 0.028984
Epoch 300: Cost: 0.028896
Epoch 310: Cost: 0.028838
Epoch 320: Cost: 0.028753
Epoch 330: Cost: 0.028637
Epoch 340: Cost: 0.028492
Epoch 350: Cost: 0.028318
Epoch 360: Cost: 0.028118
Epoch 370: Cost: 0.027891
Epoch 380: Cost: 0.027641
Epoch 390: Cost: 0.027368
Epoch 400: Cost: 0.027073
Epoch 410: Cost: 0.026759
Epoch 420: Cost: 0.026427
Epoch 430: Cost: 0.026077
Epoch 440: Cost: 0.025711
Epoch 450: Cost: 0.025328
Epoch 460: Cost: 0.024931
Epoch 470: Cost: 0.024520
Epoch 480: Cost: 0.024097
Epoch 490: Cost: 0.023663
Epoch 500: Cost: 0.023219
Epoch 510: Cost: 0.022770
Epoch 520: Cost: 0.022316
Epoch 530: Cost: 0.021855
Epoch 540: Cost: 0.021390
Epoch 550: Cost: 0.020922
Epoch 560: Cost: 0.020452
Epoch 570: Cost: 0.019982
Epoch 580: Cost: 0.019514
Epoch 590: Cost: 0.019057
Epoch 600: Cost: 0.018786
Epoch 610: Cost: 0.018733
Epoch 620: Cost: 0.018711
Epoch 630: Cost: 0.018690
Epoch 640: Cost: 0.018662
Epoch 650: Cost: 0.018626
Epoch 660: Cost: 0.018583
Epoch 670: Cost: 0.018532
Epoch 680: Cost: 0.018475
Epoch 690: Cost: 0.018410
Epoch 700: Cost: 0.018339
Epoch 710: Cost: 0.018262
Epoch 720: Cost: 0.018179
Epoch 730: Cost: 0.018090
Epoch 740: Cost: 0.017995
Epoch 750: Cost: 0.017894
Epoch 760: Cost: 0.017788
Epoch 770: Cost: 0.017676
Epoch 780: Cost: 0.017559
Epoch 790: Cost: 0.017437
Epoch 800: Cost: 0.017309
Epoch 810: Cost: 0.017179
Epoch 820: Cost: 0.017044
Epoch 830: Cost: 0.016905
Epoch 840: Cost: 0.016762
Epoch 850: Cost: 0.016615
Epoch 860: Cost: 0.016464
Epoch 870: Cost: 0.016310
Epoch 880: Cost: 0.016153
Epoch 890: Cost: 0.015993
Epoch 900: Cost: 0.015830
Epoch 910: Cost: 0.015666
Epoch 920: Cost: 0.015500
Epoch 930: Cost: 0.015332
Epoch 940: Cost: 0.015162
Epoch 950: Cost: 0.014990
Epoch 960: Cost: 0.014817
Epoch 970: Cost: 0.014642
Epoch 980: Cost: 0.014467
Epoch 990: Cost: 0.014290
Epoch 1000: Cost: 0.014113
Optimization complete.
0.11278556123969286
... building model (hdim=20, len(X)=244, batch_size=1, eps=0.001, eps_factor=0.99)
... training
Epoch 10: Cost: 0.312781
Epoch 20: Cost: 0.238344
Epoch 30: Cost: 0.185791
Epoch 40: Cost: 0.155716
Epoch 50: Cost: 0.137599
Epoch 60: Cost: 0.125214
Epoch 70: Cost: 0.115931
Epoch 80: Cost: 0.108651
Epoch 90: Cost: 0.102940
Epoch 100: Cost: 0.098642
Epoch 110: Cost: 0.095453
Epoch 120: Cost: 0.093350
Epoch 130: Cost: 0.091771
Epoch 140: Cost: 0.090427
Epoch 150: Cost: 0.089246
Epoch 160: Cost: 0.088349
Epoch 170: Cost: 0.087988
Epoch 180: Cost: 0.059642
Epoch 190: Cost: 0.059232
Epoch 200: Cost: 0.058964
Epoch 210: Cost: 0.058668
Epoch 220: Cost: 0.058338
Epoch 230: Cost: 0.057961
Epoch 240: Cost: 0.057545
Epoch 250: Cost: 0.057105
Epoch 260: Cost: 0.056663
Epoch 270: Cost: 0.056242
Epoch 280: Cost: 0.055871
Epoch 290: Cost: 0.055577
Epoch 300: Cost: 0.055391
Epoch 310: Cost: 0.055134
Epoch 320: Cost: 0.050158
Epoch 330: Cost: 0.049494
Epoch 340: Cost: 0.049412
Epoch 350: Cost: 0.049322
Epoch 360: Cost: 0.049211
Epoch 370: Cost: 0.049076
Epoch 380: Cost: 0.048914
Epoch 390: Cost: 0.048725
Epoch 400: Cost: 0.048509
Epoch 410: Cost: 0.048259
Epoch 420: Cost: 0.047991
Epoch 430: Cost: 0.047698
Epoch 440: Cost: 0.047381
Epoch 450: Cost: 0.047041
Epoch 460: Cost: 0.046679
Epoch 470: Cost: 0.046296
Epoch 480: Cost: 0.045894
Epoch 490: Cost: 0.045474
Epoch 500: Cost: 0.045038
Epoch 510: Cost: 0.044568
Epoch 520: Cost: 0.044108
Epoch 530: Cost: 0.043637
Epoch 540: Cost: 0.043155
Epoch 550: Cost: 0.042665
Epoch 560: Cost: 0.042166
Epoch 570: Cost: 0.041661
Epoch 580: Cost: 0.041151
Epoch 590: Cost: 0.040636
Epoch 600: Cost: 0.040118
Epoch 610: Cost: 0.039576
Epoch 620: Cost: 0.039060
Epoch 630: Cost: 0.038542
Epoch 640: Cost: 0.038024
Epoch 650: Cost: 0.037508
Epoch 660: Cost: 0.036992
Epoch 670: Cost: 0.036479
Epoch 680: Cost: 0.035968
Epoch 690: Cost: 0.035461
Epoch 700: Cost: 0.034957
Epoch 710: Cost: 0.034442
Epoch 720: Cost: 0.033952
Epoch 730: Cost: 0.033468
Epoch 740: Cost: 0.032989
Epoch 750: Cost: 0.032515
Epoch 760: Cost: 0.032048
Epoch 770: Cost: 0.031587
Epoch 780: Cost: 0.031133
Epoch 790: Cost: 0.030686
Epoch 800: Cost: 0.030247
Epoch 810: Cost: 0.029497
Epoch 820: Cost: 0.029142
Epoch 830: Cost: 0.029077
Epoch 840: Cost: 0.029036
Epoch 850: Cost: 0.029001
Epoch 860: Cost: 0.028972
Epoch 870: Cost: 0.028946
Epoch 880: Cost: 0.028920
Epoch 890: Cost: 0.028892
Epoch 900: Cost: 0.028861
Epoch 910: Cost: 0.028825
Epoch 920: Cost: 0.028786
Epoch 930: Cost: 0.028743
Epoch 940: Cost: 0.028696
Epoch 950: Cost: 0.028645
Epoch 960: Cost: 0.028590
Epoch 970: Cost: 0.028530
Epoch 980: Cost: 0.028467
Epoch 990: Cost: 0.028399
Epoch 1000: Cost: 0.028328
Optimization complete.
0.13636284171016375
... building model (hdim=20, len(X)=611, batch_size=1, eps=0.001, eps_factor=0.99)
... training
Epoch 10: Cost: 0.287235
Epoch 20: Cost: 0.205310
Epoch 30: Cost: 0.171337
Epoch 40: Cost: 0.152934
Epoch 50: Cost: 0.138595
Epoch 60: Cost: 0.125460
Epoch 70: Cost: 0.113792
Epoch 80: Cost: 0.104626
Epoch 90: Cost: 0.097903
Epoch 100: Cost: 0.092799
Epoch 110: Cost: 0.088701
Epoch 120: Cost: 0.085584
Epoch 130: Cost: 0.083196
Epoch 140: Cost: 0.081208
Epoch 150: Cost: 0.079416
Epoch 160: Cost: 0.077882
Epoch 170: Cost: 0.076722
Epoch 180: Cost: 0.075870
Epoch 190: Cost: 0.075039
Epoch 200: Cost: 0.073992
Epoch 210: Cost: 0.039689
Epoch 220: Cost: 0.039193
Epoch 230: Cost: 0.038965
Epoch 240: Cost: 0.038693
Epoch 250: Cost: 0.038414
Epoch 260: Cost: 0.038189
Epoch 270: Cost: 0.038062
Epoch 280: Cost: 0.037138
Epoch 290: Cost: 0.037009
Epoch 300: Cost: 0.036989
Epoch 310: Cost: 0.036982
Epoch 320: Cost: 0.036976
Epoch 330: Cost: 0.036968
Epoch 340: Cost: 0.036954
Epoch 350: Cost: 0.036931
Epoch 360: Cost: 0.036899
Epoch 370: Cost: 0.036856
Epoch 380: Cost: 0.036799
Epoch 390: Cost: 0.036729
Epoch 400: Cost: 0.036646
Epoch 410: Cost: 0.036547
Epoch 420: Cost: 0.036437
Epoch 430: Cost: 0.036313
Epoch 440: Cost: 0.036177
Epoch 450: Cost: 0.036027
Epoch 460: Cost: 0.035866
Epoch 470: Cost: 0.035693
Epoch 480: Cost: 0.035510
Epoch 490: Cost: 0.035317
Epoch 500: Cost: 0.035115
Epoch 510: Cost: 0.034891
Epoch 520: Cost: 0.034673
Epoch 530: Cost: 0.034449
Epoch 540: Cost: 0.034219
Epoch 550: Cost: 0.033984
Epoch 560: Cost: 0.033744
Epoch 570: Cost: 0.033501
Epoch 580: Cost: 0.033254
Epoch 590: Cost: 0.033005
Epoch 600: Cost: 0.032754
Epoch 610: Cost: 0.032447
Epoch 620: Cost: 0.032191
Epoch 630: Cost: 0.031935
Epoch 640: Cost: 0.031677
Epoch 650: Cost: 0.031420
Epoch 660: Cost: 0.031163
Epoch 670: Cost: 0.030906
Epoch 680: Cost: 0.030650
Epoch 690: Cost: 0.030394
Epoch 700: Cost: 0.030140
Epoch 710: Cost: 0.029795
Epoch 720: Cost: 0.029542
Epoch 730: Cost: 0.029291
Epoch 740: Cost: 0.029042
Epoch 750: Cost: 0.028794
Epoch 760: Cost: 0.028548
Epoch 770: Cost: 0.028304
Epoch 780: Cost: 0.028061
Epoch 790: Cost: 0.027821
Epoch 800: Cost: 0.027583
Epoch 810: Cost: 0.025665
Epoch 820: Cost: 0.025382
Epoch 830: Cost: 0.025339
Epoch 840: Cost: 0.025317
Epoch 850: Cost: 0.025308
Epoch 860: Cost: 0.025306
Epoch 870: Cost: 0.025251
Epoch 880: Cost: 0.025237
Epoch 890: Cost: 0.025234
Epoch 900: Cost: 0.025231
Epoch 910: Cost: 0.025228
Epoch 920: Cost: 0.025224
Epoch 930: Cost: 0.025221
Epoch 940: Cost: 0.025217
Epoch 950: Cost: 0.025214
Epoch 960: Cost: 0.025210
Epoch 970: Cost: 0.025205
Epoch 980: Cost: 0.025200
Epoch 990: Cost: 0.025195
Epoch 1000: Cost: 0.025189
Optimization complete.
0.14742545498507337
... building model (hdim=20, len(X)=1225, batch_size=1, eps=0.001, eps_factor=0.99)
... training
Epoch 10: Cost: 0.256237
Epoch 20: Cost: 0.186327
Epoch 30: Cost: 0.159186
Epoch 40: Cost: 0.138916
Epoch 50: Cost: 0.120306
Epoch 60: Cost: 0.105386
Epoch 70: Cost: 0.094766
Epoch 80: Cost: 0.087483
Epoch 90: Cost: 0.083387
Epoch 100: Cost: 0.082284
Epoch 110: Cost: 0.062330
Epoch 120: Cost: 0.062012
Epoch 130: Cost: 0.061272
Epoch 140: Cost: 0.060259
Epoch 150: Cost: 0.059185
Epoch 160: Cost: 0.058223
Epoch 170: Cost: 0.057482
Epoch 180: Cost: 0.057003
Epoch 190: Cost: 0.056777
Epoch 200: Cost: 0.049857
Epoch 210: Cost: 0.049593
Epoch 220: Cost: 0.049569
Epoch 230: Cost: 0.049483
Epoch 240: Cost: 0.049296
Epoch 250: Cost: 0.049011
Epoch 260: Cost: 0.048638
Epoch 270: Cost: 0.048192
Epoch 280: Cost: 0.047685
Epoch 290: Cost: 0.047129
Epoch 300: Cost: 0.046534
Epoch 310: Cost: 0.045901
Epoch 320: Cost: 0.045259
Epoch 330: Cost: 0.044608
Epoch 340: Cost: 0.043954
Epoch 350: Cost: 0.043304
Epoch 360: Cost: 0.042662
Epoch 370: Cost: 0.042029
Epoch 380: Cost: 0.041403
Epoch 390: Cost: 0.040782
Epoch 400: Cost: 0.040158
Epoch 410: Cost: 0.039336
Epoch 420: Cost: 0.038678
Epoch 430: Cost: 0.038001
Epoch 440: Cost: 0.037305
Epoch 450: Cost: 0.036589
Epoch 460: Cost: 0.035856
Epoch 470: Cost: 0.035110
Epoch 480: Cost: 0.034361
Epoch 490: Cost: 0.033622
Epoch 500: Cost: 0.032909
Epoch 510: Cost: 0.032110
Epoch 520: Cost: 0.031605
Epoch 530: Cost: 0.031270
Epoch 540: Cost: 0.030696
Epoch 550: Cost: 0.028975
Epoch 560: Cost: 0.028554
Epoch 570: Cost: 0.028497
Epoch 580: Cost: 0.028487
Epoch 590: Cost: 0.028324
Epoch 600: Cost: 0.028308
Epoch 610: Cost: 0.028298
Epoch 620: Cost: 0.028287
Epoch 630: Cost: 0.028275
Epoch 640: Cost: 0.028264
Epoch 650: Cost: 0.028254
Epoch 660: Cost: 0.028244
Epoch 670: Cost: 0.028236
Epoch 680: Cost: 0.028230
Epoch 690: Cost: 0.028224
Epoch 700: Cost: 0.028220
Epoch 710: Cost: 0.028208
Epoch 720: Cost: 0.028203
Epoch 730: Cost: 0.028197
Epoch 740: Cost: 0.028189
Epoch 750: Cost: 0.028179
Epoch 760: Cost: 0.028165
Epoch 770: Cost: 0.028148
Epoch 780: Cost: 0.028127
Epoch 790: Cost: 0.028102
Epoch 800: Cost: 0.028072
Epoch 810: Cost: 0.028024
Epoch 820: Cost: 0.027984
Epoch 830: Cost: 0.027939
Epoch 840: Cost: 0.027888
Epoch 850: Cost: 0.027832
Epoch 860: Cost: 0.027771
Epoch 870: Cost: 0.027704
Epoch 880: Cost: 0.027633
Epoch 890: Cost: 0.027557
Epoch 900: Cost: 0.027476
Epoch 910: Cost: 0.027381
Epoch 920: Cost: 0.027293
Epoch 930: Cost: 0.027201
Epoch 940: Cost: 0.027106
Epoch 950: Cost: 0.027008
Epoch 960: Cost: 0.026906
Epoch 970: Cost: 0.026802
Epoch 980: Cost: 0.026696
Epoch 990: Cost: 0.026587
Epoch 1000: Cost: 0.026477
Optimization complete.
0.15067240798197803
... building model (hdim=20, len(X)=2454, batch_size=2, eps=0.001, eps_factor=0.99)
... training
Epoch 10: Cost: 0.258401
Epoch 20: Cost: 0.189605
Epoch 30: Cost: 0.163054
Epoch 40: Cost: 0.144845
Epoch 50: Cost: 0.127511
Epoch 60: Cost: 0.110359
Epoch 70: Cost: 0.094887
Epoch 80: Cost: 0.082136
Epoch 90: Cost: 0.072278
Epoch 100: Cost: 0.064937
Epoch 110: Cost: 0.059185
Epoch 120: Cost: 0.054624
Epoch 130: Cost: 0.050761
Epoch 140: Cost: 0.047341
Epoch 150: Cost: 0.044164
Epoch 160: Cost: 0.041125
Epoch 170: Cost: 0.038273
Epoch 180: Cost: 0.035879
Epoch 190: Cost: 0.034504
Epoch 200: Cost: 0.030016
Epoch 210: Cost: 0.029459
Epoch 220: Cost: 0.029334
Epoch 230: Cost: 0.029306
Epoch 240: Cost: 0.029272
Epoch 250: Cost: 0.029239
Epoch 260: Cost: 0.029209
Epoch 270: Cost: 0.029183
Epoch 280: Cost: 0.029154
Epoch 290: Cost: 0.029119
Epoch 300: Cost: 0.029069
Epoch 310: Cost: 0.028992
Epoch 320: Cost: 0.028902
Epoch 330: Cost: 0.028788
Epoch 340: Cost: 0.028649
Epoch 350: Cost: 0.028486
Epoch 360: Cost: 0.028302
Epoch 370: Cost: 0.028100
Epoch 380: Cost: 0.027883
Epoch 390: Cost: 0.027655
Epoch 400: Cost: 0.027421
Epoch 410: Cost: 0.027166
Epoch 420: Cost: 0.026926
Epoch 430: Cost: 0.026687
Epoch 440: Cost: 0.026451
Epoch 450: Cost: 0.026220
Epoch 460: Cost: 0.025994
Epoch 470: Cost: 0.025775
Epoch 480: Cost: 0.025563
Epoch 490: Cost: 0.025357
Epoch 500: Cost: 0.025159
Epoch 510: Cost: 0.024919
Epoch 520: Cost: 0.024736
Epoch 530: Cost: 0.024560
Epoch 540: Cost: 0.024391
Epoch 550: Cost: 0.024230
Epoch 560: Cost: 0.024078
Epoch 570: Cost: 0.023936
Epoch 580: Cost: 0.023806
Epoch 590: Cost: 0.023692
Epoch 600: Cost: 0.023596
Epoch 610: Cost: 0.023540
Epoch 620: Cost: 0.023519
Epoch 630: Cost: 0.019637
Epoch 640: Cost: 0.019335
Epoch 650: Cost: 0.019286
Epoch 660: Cost: 0.019268
Epoch 670: Cost: 0.019254
Epoch 680: Cost: 0.019243
Epoch 690: Cost: 0.019235
Epoch 700: Cost: 0.019230
Epoch 710: Cost: 0.019223
Epoch 720: Cost: 0.019219
Epoch 730: Cost: 0.019214
Epoch 740: Cost: 0.019207
Epoch 750: Cost: 0.019198
Epoch 760: Cost: 0.019185
Epoch 770: Cost: 0.019169
Epoch 780: Cost: 0.019149
Epoch 790: Cost: 0.019127
Epoch 800: Cost: 0.019101
Epoch 810: Cost: 0.019059
Epoch 820: Cost: 0.019027
Epoch 830: Cost: 0.018993
Epoch 840: Cost: 0.018956
Epoch 850: Cost: 0.018917
Epoch 860: Cost: 0.018877
Epoch 870: Cost: 0.018836
Epoch 880: Cost: 0.018794
Epoch 890: Cost: 0.018752
Epoch 900: Cost: 0.018708
Epoch 910: Cost: 0.018635
Epoch 920: Cost: 0.018590
Epoch 930: Cost: 0.018545
Epoch 940: Cost: 0.018500
Epoch 950: Cost: 0.018455
Epoch 960: Cost: 0.018411
Epoch 970: Cost: 0.018366
Epoch 980: Cost: 0.018322
Epoch 990: Cost: 0.018278
Epoch 1000: Cost: 0.018235
Optimization complete.
0.15326029257723617
... building model (hdim=20, len(X)=6143, batch_size=6, eps=0.001, eps_factor=0.99)
... training
Epoch 10: Cost: 0.272855
Epoch 20: Cost: 0.199373
Epoch 30: Cost: 0.170536
Epoch 40: Cost: 0.151359
Epoch 50: Cost: 0.134761
Epoch 60: Cost: 0.119294
Epoch 70: Cost: 0.105163
Epoch 80: Cost: 0.092989
Epoch 90: Cost: 0.082894
Epoch 100: Cost: 0.074576
Epoch 110: Cost: 0.067631
Epoch 120: Cost: 0.061992
Epoch 130: Cost: 0.057285
Epoch 140: Cost: 0.053304
Epoch 150: Cost: 0.049893
Epoch 160: Cost: 0.046936
Epoch 170: Cost: 0.044353
Epoch 180: Cost: 0.042081
Epoch 190: Cost: 0.040069
Epoch 200: Cost: 0.038278
Epoch 210: Cost: 0.036457
Epoch 220: Cost: 0.035090
Epoch 230: Cost: 0.033969
Epoch 240: Cost: 0.033137
Epoch 250: Cost: 0.032582
Epoch 260: Cost: 0.032209
Epoch 270: Cost: 0.031889
Epoch 280: Cost: 0.031531
Epoch 290: Cost: 0.031104
Epoch 300: Cost: 0.030616
Epoch 310: Cost: 0.029214
Epoch 320: Cost: 0.028710
Epoch 330: Cost: 0.028175
Epoch 340: Cost: 0.027614
Epoch 350: Cost: 0.027036
Epoch 360: Cost: 0.026457
Epoch 370: Cost: 0.025898
Epoch 380: Cost: 0.025373
Epoch 390: Cost: 0.024890
Epoch 400: Cost: 0.024452
Epoch 410: Cost: 0.023133
Epoch 420: Cost: 0.022797
Epoch 430: Cost: 0.022461
Epoch 440: Cost: 0.022113
Epoch 450: Cost: 0.021743
Epoch 460: Cost: 0.021371
Epoch 470: Cost: 0.021084
Epoch 480: Cost: 0.013537
Epoch 490: Cost: 0.013308
Epoch 500: Cost: 0.013242
Epoch 510: Cost: 0.013228
Epoch 520: Cost: 0.013227
Epoch 530: Cost: 0.013222
Epoch 540: Cost: 0.013221
Epoch 550: Cost: 0.013220
Epoch 560: Cost: 0.013219
Epoch 570: Cost: 0.013218
Epoch 580: Cost: 0.013217
Epoch 590: Cost: 0.013217
Epoch 600: Cost: 0.013209
Epoch 610: Cost: 0.013196
Epoch 620: Cost: 0.013195
Epoch 630: Cost: 0.013195
Epoch 640: Cost: 0.013194
Epoch 650: Cost: 0.013193
Epoch 660: Cost: 0.013193
Epoch 670: Cost: 0.013192
Epoch 680: Cost: 0.013191
Epoch 690: Cost: 0.013189
Epoch 700: Cost: 0.013188
Epoch 710: Cost: 0.013187
Epoch 720: Cost: 0.013185
Epoch 730: Cost: 0.013184
Epoch 740: Cost: 0.013182
Epoch 750: Cost: 0.013180
Epoch 760: Cost: 0.013178
Epoch 770: Cost: 0.013176
Epoch 780: Cost: 0.013174
Epoch 790: Cost: 0.013171
Epoch 800: Cost: 0.013168
Epoch 810: Cost: 0.013165
Epoch 820: Cost: 0.013162
Epoch 830: Cost: 0.013158
Epoch 840: Cost: 0.013154
Epoch 850: Cost: 0.013150
Epoch 860: Cost: 0.013146
Epoch 870: Cost: 0.013142
Epoch 880: Cost: 0.013137
Epoch 890: Cost: 0.013132
Epoch 900: Cost: 0.013126
Epoch 910: Cost: 0.013120
Epoch 920: Cost: 0.013114
Epoch 930: Cost: 0.013108
Epoch 940: Cost: 0.013102
Epoch 950: Cost: 0.013096
Epoch 960: Cost: 0.013089
Epoch 970: Cost: 0.013082
Epoch 980: Cost: 0.013074
Epoch 990: Cost: 0.013067
Epoch 1000: Cost: 0.013059
Optimization complete.
0.1545274150313101
... building model (hdim=20, len(X)=12292, batch_size=12, eps=0.001, eps_factor=0.99)
... training
Epoch 10: Cost: 0.273872
Epoch 20: Cost: 0.200712
Epoch 30: Cost: 0.171673
Epoch 40: Cost: 0.152118
Epoch 50: Cost: 0.134889
Epoch 60: Cost: 0.118642
Epoch 70: Cost: 0.103709
Epoch 80: Cost: 0.090650
Epoch 90: Cost: 0.079714
Epoch 100: Cost: 0.070866
Epoch 110: Cost: 0.063902
Epoch 120: Cost: 0.058598
Epoch 130: Cost: 0.054655
Epoch 140: Cost: 0.051827
Epoch 150: Cost: 0.049868
Epoch 160: Cost: 0.048512
Epoch 170: Cost: 0.047468
Epoch 180: Cost: 0.046450
Epoch 190: Cost: 0.045220
Epoch 200: Cost: 0.043645
Epoch 210: Cost: 0.040619
Epoch 220: Cost: 0.038588
Epoch 230: Cost: 0.036475
Epoch 240: Cost: 0.034393
Epoch 250: Cost: 0.032422
Epoch 260: Cost: 0.030643
Epoch 270: Cost: 0.029247
Epoch 280: Cost: 0.028634
Epoch 290: Cost: 0.022894
Epoch 300: Cost: 0.022808
Epoch 310: Cost: 0.022772
Epoch 320: Cost: 0.022725
Epoch 330: Cost: 0.022669
Epoch 340: Cost: 0.022607
Epoch 350: Cost: 0.022539
Epoch 360: Cost: 0.022465
Epoch 370: Cost: 0.022386
Epoch 380: Cost: 0.022301
Epoch 390: Cost: 0.022209
Epoch 400: Cost: 0.022112
Epoch 410: Cost: 0.021999
Epoch 420: Cost: 0.021893
Epoch 430: Cost: 0.021784
Epoch 440: Cost: 0.021673
Epoch 450: Cost: 0.021563
Epoch 460: Cost: 0.021455
Epoch 470: Cost: 0.021349
Epoch 480: Cost: 0.021247
Epoch 490: Cost: 0.021151
Epoch 500: Cost: 0.021060
Epoch 510: Cost: 0.020973
Epoch 520: Cost: 0.020908
Epoch 530: Cost: 0.020855
Epoch 540: Cost: 0.020816
Epoch 550: Cost: 0.020792
Epoch 560: Cost: 0.018884
Epoch 570: Cost: 0.018181
Epoch 580: Cost: 0.018169
Epoch 590: Cost: 0.018162
Epoch 600: Cost: 0.018154
Epoch 610: Cost: 0.018143
Epoch 620: Cost: 0.018129
Epoch 630: Cost: 0.018111
Epoch 640: Cost: 0.018089
Epoch 650: Cost: 0.018062
Epoch 660: Cost: 0.018031
Epoch 670: Cost: 0.017996
Epoch 680: Cost: 0.017957
Epoch 690: Cost: 0.017914
Epoch 700: Cost: 0.017867
Epoch 710: Cost: 0.017814
Epoch 720: Cost: 0.017761
Epoch 730: Cost: 0.017705
Epoch 740: Cost: 0.017646
Epoch 750: Cost: 0.017585
Epoch 760: Cost: 0.017521
Epoch 770: Cost: 0.017454
Epoch 780: Cost: 0.017386
Epoch 790: Cost: 0.017316
Epoch 800: Cost: 0.017244
Epoch 810: Cost: 0.017168
Epoch 820: Cost: 0.017094
Epoch 830: Cost: 0.017019
Epoch 840: Cost: 0.016943
Epoch 850: Cost: 0.016866
Epoch 860: Cost: 0.016788
Epoch 870: Cost: 0.016709
Epoch 880: Cost: 0.016630
Epoch 890: Cost: 0.016550
Epoch 900: Cost: 0.016470
Epoch 910: Cost: 0.016395
Epoch 920: Cost: 0.016317
Epoch 930: Cost: 0.016240
Epoch 940: Cost: 0.016163
Epoch 950: Cost: 0.016086
Epoch 960: Cost: 0.016009
Epoch 970: Cost: 0.015933
Epoch 980: Cost: 0.015857
Epoch 990: Cost: 0.015783
Epoch 1000: Cost: 0.015708
Optimization complete.
