0.02376144561067586
... building model (hdim=20, len(X)=246, batch_size=1, eps=0.001, eps_factor=0.99)
... training
Epoch 10: Cost: 0.256856
Epoch 20: Cost: 0.129128
Epoch 30: Cost: 0.074597
Epoch 40: Cost: 0.052106
Epoch 50: Cost: 0.040334
Epoch 60: Cost: 0.033099
Epoch 70: Cost: 0.028188
Epoch 80: Cost: 0.024624
Epoch 90: Cost: 0.021909
Epoch 100: Cost: 0.019764
Epoch 110: Cost: 0.018035
Epoch 120: Cost: 0.016597
Epoch 130: Cost: 0.015378
Epoch 140: Cost: 0.014331
Epoch 150: Cost: 0.013420
Epoch 160: Cost: 0.012619
Epoch 170: Cost: 0.011909
Epoch 180: Cost: 0.011275
Epoch 190: Cost: 0.010705
Epoch 200: Cost: 0.010189
Epoch 210: Cost: 0.009719
Epoch 220: Cost: 0.009295
Epoch 230: Cost: 0.008905
Epoch 240: Cost: 0.008548
Epoch 250: Cost: 0.008218
Epoch 260: Cost: 0.007914
Epoch 270: Cost: 0.007632
Epoch 280: Cost: 0.007370
Epoch 290: Cost: 0.007127
Epoch 300: Cost: 0.006900
Epoch 310: Cost: 0.006676
Epoch 320: Cost: 0.006478
Epoch 330: Cost: 0.006291
Epoch 340: Cost: 0.006115
Epoch 350: Cost: 0.005948
Epoch 360: Cost: 0.005789
Epoch 370: Cost: 0.005637
Epoch 380: Cost: 0.005491
Epoch 390: Cost: 0.005351
Epoch 400: Cost: 0.005216
Epoch 410: Cost: 0.005064
Epoch 420: Cost: 0.004938
Epoch 430: Cost: 0.004815
Epoch 440: Cost: 0.004696
Epoch 450: Cost: 0.004580
Epoch 460: Cost: 0.004467
Epoch 470: Cost: 0.004356
Epoch 480: Cost: 0.004248
Epoch 490: Cost: 0.004142
Epoch 500: Cost: 0.004039
Epoch 510: Cost: 0.003917
Epoch 520: Cost: 0.003821
Epoch 530: Cost: 0.003726
Epoch 540: Cost: 0.003633
Epoch 550: Cost: 0.003543
Epoch 560: Cost: 0.003455
Epoch 570: Cost: 0.003370
Epoch 580: Cost: 0.003286
Epoch 590: Cost: 0.003205
Epoch 600: Cost: 0.003126
Epoch 610: Cost: 0.002874
Epoch 620: Cost: 0.002735
Epoch 630: Cost: 0.002728
Epoch 640: Cost: 0.002727
Epoch 650: Cost: 0.002725
Epoch 660: Cost: 0.002724
Epoch 670: Cost: 0.002723
Epoch 680: Cost: 0.002722
Epoch 690: Cost: 0.002722
Epoch 700: Cost: 0.002720
Epoch 710: Cost: 0.002719
Epoch 720: Cost: 0.002717
Epoch 730: Cost: 0.002714
Epoch 740: Cost: 0.002712
Epoch 750: Cost: 0.002709
Epoch 760: Cost: 0.002706
Epoch 770: Cost: 0.002702
Epoch 780: Cost: 0.002698
Epoch 790: Cost: 0.002694
Epoch 800: Cost: 0.002690
Epoch 810: Cost: 0.002685
Epoch 820: Cost: 0.002680
Epoch 830: Cost: 0.002675
Epoch 840: Cost: 0.002669
Epoch 850: Cost: 0.002664
Epoch 860: Cost: 0.002658
Epoch 870: Cost: 0.002652
Epoch 880: Cost: 0.002645
Epoch 890: Cost: 0.002639
Epoch 900: Cost: 0.002632
Epoch 910: Cost: 0.002625
Epoch 920: Cost: 0.002618
Epoch 930: Cost: 0.002611
Epoch 940: Cost: 0.002603
Epoch 950: Cost: 0.002595
Epoch 960: Cost: 0.002588
Epoch 970: Cost: 0.002580
Epoch 980: Cost: 0.002571
Epoch 990: Cost: 0.002563
Epoch 1000: Cost: 0.002554
Optimization complete.
