0.056372232633827554
... building model (hdim=20, len(X)=246, batch_size=1, eps=0.001, eps_factor=0.99)
... training
Epoch 10: Cost: 0.285402
Epoch 20: Cost: 0.190779
Epoch 30: Cost: 0.132746
Epoch 40: Cost: 0.098019
Epoch 50: Cost: 0.077863
Epoch 60: Cost: 0.065556
Epoch 70: Cost: 0.057232
Epoch 80: Cost: 0.051102
Epoch 90: Cost: 0.046309
Epoch 100: Cost: 0.042400
Epoch 110: Cost: 0.039149
Epoch 120: Cost: 0.036367
Epoch 130: Cost: 0.033963
Epoch 140: Cost: 0.031882
Epoch 150: Cost: 0.030083
Epoch 160: Cost: 0.028535
Epoch 170: Cost: 0.027205
Epoch 180: Cost: 0.026060
Epoch 190: Cost: 0.025064
Epoch 200: Cost: 0.024180
Epoch 210: Cost: 0.023288
Epoch 220: Cost: 0.022534
Epoch 230: Cost: 0.021817
Epoch 240: Cost: 0.021123
Epoch 250: Cost: 0.020446
Epoch 260: Cost: 0.019785
Epoch 270: Cost: 0.019138
Epoch 280: Cost: 0.018507
Epoch 290: Cost: 0.017895
Epoch 300: Cost: 0.017305
Epoch 310: Cost: 0.016653
Epoch 320: Cost: 0.016136
Epoch 330: Cost: 0.015656
Epoch 340: Cost: 0.015213
Epoch 350: Cost: 0.014810
Epoch 360: Cost: 0.014451
Epoch 370: Cost: 0.014139
Epoch 380: Cost: 0.013875
Epoch 390: Cost: 0.013658
Epoch 400: Cost: 0.013486
Epoch 410: Cost: 0.011825
Epoch 420: Cost: 0.011514
Epoch 430: Cost: 0.011430
Epoch 440: Cost: 0.011340
Epoch 450: Cost: 0.011250
Epoch 460: Cost: 0.011166
Epoch 470: Cost: 0.011086
Epoch 480: Cost: 0.011012
Epoch 490: Cost: 0.010941
Epoch 500: Cost: 0.010875
Epoch 510: Cost: 0.010811
Epoch 520: Cost: 0.010750
Epoch 530: Cost: 0.010690
Epoch 540: Cost: 0.010632
Epoch 550: Cost: 0.010574
Epoch 560: Cost: 0.010517
Epoch 570: Cost: 0.010459
Epoch 580: Cost: 0.010402
Epoch 590: Cost: 0.010344
Epoch 600: Cost: 0.010285
Epoch 610: Cost: 0.010222
Epoch 620: Cost: 0.010162
Epoch 630: Cost: 0.010101
Epoch 640: Cost: 0.010039
Epoch 650: Cost: 0.009977
Epoch 660: Cost: 0.009913
Epoch 670: Cost: 0.009849
Epoch 680: Cost: 0.009784
Epoch 690: Cost: 0.009718
Epoch 700: Cost: 0.009652
Epoch 710: Cost: 0.009575
Epoch 720: Cost: 0.009508
Epoch 730: Cost: 0.009440
Epoch 740: Cost: 0.009372
Epoch 750: Cost: 0.009304
Epoch 760: Cost: 0.009236
Epoch 770: Cost: 0.009167
Epoch 780: Cost: 0.009098
Epoch 790: Cost: 0.009029
Epoch 800: Cost: 0.008960
Epoch 810: Cost: 0.008874
Epoch 820: Cost: 0.008804
Epoch 830: Cost: 0.008735
Epoch 840: Cost: 0.008666
Epoch 850: Cost: 0.008597
Epoch 860: Cost: 0.008528
Epoch 870: Cost: 0.008459
Epoch 880: Cost: 0.008390
Epoch 890: Cost: 0.008321
Epoch 900: Cost: 0.008252
Epoch 910: Cost: 0.007882
Epoch 920: Cost: 0.007608
Epoch 930: Cost: 0.007586
Epoch 940: Cost: 0.007580
Epoch 950: Cost: 0.007572
Epoch 960: Cost: 0.007563
Epoch 970: Cost: 0.007554
Epoch 980: Cost: 0.007545
Epoch 990: Cost: 0.007536
Epoch 1000: Cost: 0.007526
Optimization complete.
