0.04989397337518672
... building model (hdim=20, len(X)=2460, batch_size=2, eps=0.001, eps_factor=0.99)
... training
Epoch 10: Cost: 0.165868
Epoch 20: Cost: 0.076254
Epoch 30: Cost: 0.050201
Epoch 40: Cost: 0.038227
Epoch 50: Cost: 0.031179
Epoch 60: Cost: 0.026447
Epoch 70: Cost: 0.023006
Epoch 80: Cost: 0.020373
Epoch 90: Cost: 0.018289
Epoch 100: Cost: 0.016599
Epoch 110: Cost: 0.015212
Epoch 120: Cost: 0.014043
Epoch 130: Cost: 0.013041
Epoch 140: Cost: 0.012173
Epoch 150: Cost: 0.011413
Epoch 160: Cost: 0.010744
Epoch 170: Cost: 0.010151
Epoch 180: Cost: 0.009624
Epoch 190: Cost: 0.009154
Epoch 200: Cost: 0.008734
Epoch 210: Cost: 0.008373
Epoch 220: Cost: 0.008037
Epoch 230: Cost: 0.007735
Epoch 240: Cost: 0.007461
Epoch 250: Cost: 0.007213
Epoch 260: Cost: 0.006987
Epoch 270: Cost: 0.006782
Epoch 280: Cost: 0.006594
Epoch 290: Cost: 0.006422
Epoch 300: Cost: 0.006265
Epoch 310: Cost: 0.006133
Epoch 320: Cost: 0.006001
Epoch 330: Cost: 0.005880
Epoch 340: Cost: 0.005772
Epoch 350: Cost: 0.005675
Epoch 360: Cost: 0.005588
Epoch 370: Cost: 0.005512
Epoch 380: Cost: 0.005447
Epoch 390: Cost: 0.005390
Epoch 400: Cost: 0.005342
Epoch 410: Cost: 0.004603
Epoch 420: Cost: 0.004525
Epoch 430: Cost: 0.004499
Epoch 440: Cost: 0.004482
Epoch 450: Cost: 0.004468
Epoch 460: Cost: 0.004454
Epoch 470: Cost: 0.004440
Epoch 480: Cost: 0.004426
Epoch 490: Cost: 0.004412
Epoch 500: Cost: 0.004397
Epoch 510: Cost: 0.004381
Epoch 520: Cost: 0.004365
Epoch 530: Cost: 0.004348
Epoch 540: Cost: 0.004332
Epoch 550: Cost: 0.004314
Epoch 560: Cost: 0.004296
Epoch 570: Cost: 0.004277
Epoch 580: Cost: 0.004258
Epoch 590: Cost: 0.004238
Epoch 600: Cost: 0.004218
Epoch 610: Cost: 0.004194
Epoch 620: Cost: 0.004173
Epoch 630: Cost: 0.004152
Epoch 640: Cost: 0.004130
Epoch 650: Cost: 0.004109
Epoch 660: Cost: 0.004088
Epoch 670: Cost: 0.004066
Epoch 680: Cost: 0.004045
Epoch 690: Cost: 0.004024
Epoch 700: Cost: 0.004004
Epoch 710: Cost: 0.003974
Epoch 720: Cost: 0.003954
Epoch 730: Cost: 0.003935
Epoch 740: Cost: 0.003915
Epoch 750: Cost: 0.003897
Epoch 760: Cost: 0.003879
Epoch 770: Cost: 0.003861
Epoch 780: Cost: 0.003844
Epoch 790: Cost: 0.003828
Epoch 800: Cost: 0.003812
Epoch 810: Cost: 0.003779
Epoch 820: Cost: 0.003763
Epoch 830: Cost: 0.003748
Epoch 840: Cost: 0.003732
Epoch 850: Cost: 0.003718
Epoch 860: Cost: 0.003703
Epoch 870: Cost: 0.003689
Epoch 880: Cost: 0.003675
Epoch 890: Cost: 0.003661
Epoch 900: Cost: 0.003647
Epoch 910: Cost: 0.003605
Epoch 920: Cost: 0.003590
Epoch 930: Cost: 0.003575
Epoch 940: Cost: 0.003559
Epoch 950: Cost: 0.003542
Epoch 960: Cost: 0.003525
Epoch 970: Cost: 0.003507
Epoch 980: Cost: 0.003488
Epoch 990: Cost: 0.003468
Epoch 1000: Cost: 0.003447
Optimization complete.
