0.023934197327926437
... building model (hdim=20, len(X)=2460, batch_size=2, eps=0.001, eps_factor=0.99)
... training
Epoch 10: Cost: 0.101511
Epoch 20: Cost: 0.044170
Epoch 30: Cost: 0.029210
Epoch 40: Cost: 0.022142
Epoch 50: Cost: 0.017931
Epoch 60: Cost: 0.015098
Epoch 70: Cost: 0.013046
Epoch 80: Cost: 0.011483
Epoch 90: Cost: 0.010251
Epoch 100: Cost: 0.009252
Epoch 110: Cost: 0.008433
Epoch 120: Cost: 0.007740
Epoch 130: Cost: 0.007148
Epoch 140: Cost: 0.006635
Epoch 150: Cost: 0.006187
Epoch 160: Cost: 0.005793
Epoch 170: Cost: 0.005443
Epoch 180: Cost: 0.005132
Epoch 190: Cost: 0.004854
Epoch 200: Cost: 0.004606
Epoch 210: Cost: 0.004385
Epoch 220: Cost: 0.004185
Epoch 230: Cost: 0.004005
Epoch 240: Cost: 0.003843
Epoch 250: Cost: 0.003696
Epoch 260: Cost: 0.003564
Epoch 270: Cost: 0.003443
Epoch 280: Cost: 0.003335
Epoch 290: Cost: 0.003236
Epoch 300: Cost: 0.003148
Epoch 310: Cost: 0.003068
Epoch 320: Cost: 0.002996
Epoch 330: Cost: 0.002933
Epoch 340: Cost: 0.002876
Epoch 350: Cost: 0.002825
Epoch 360: Cost: 0.002780
Epoch 370: Cost: 0.002741
Epoch 380: Cost: 0.002707
Epoch 390: Cost: 0.002677
Epoch 400: Cost: 0.002651
Epoch 410: Cost: 0.002624
Epoch 420: Cost: 0.002603
Epoch 430: Cost: 0.002585
Epoch 440: Cost: 0.002569
Epoch 450: Cost: 0.002555
Epoch 460: Cost: 0.002544
Epoch 470: Cost: 0.002537
Epoch 480: Cost: 0.002534
Epoch 490: Cost: 0.002155
Epoch 500: Cost: 0.002063
Epoch 510: Cost: 0.002026
Epoch 520: Cost: 0.002000
Epoch 530: Cost: 0.001979
Epoch 540: Cost: 0.001962
Epoch 550: Cost: 0.001948
Epoch 560: Cost: 0.001936
Epoch 570: Cost: 0.001925
Epoch 580: Cost: 0.001916
Epoch 590: Cost: 0.001907
Epoch 600: Cost: 0.001899
Epoch 610: Cost: 0.001892
Epoch 620: Cost: 0.001885
Epoch 630: Cost: 0.001878
Epoch 640: Cost: 0.001872
Epoch 650: Cost: 0.001867
Epoch 660: Cost: 0.001862
Epoch 670: Cost: 0.001858
Epoch 680: Cost: 0.001856
Epoch 690: Cost: 0.001854
Epoch 700: Cost: 0.001853
Epoch 710: Cost: 0.001845
Epoch 720: Cost: 0.001788
Epoch 730: Cost: 0.001779
Epoch 740: Cost: 0.001777
Epoch 750: Cost: 0.001776
Epoch 760: Cost: 0.001775
Epoch 770: Cost: 0.001773
Epoch 780: Cost: 0.001771
Epoch 790: Cost: 0.001769
Epoch 800: Cost: 0.001767
Epoch 810: Cost: 0.001765
Epoch 820: Cost: 0.001763
Epoch 830: Cost: 0.001760
Epoch 840: Cost: 0.001757
Epoch 850: Cost: 0.001755
Epoch 860: Cost: 0.001752
Epoch 870: Cost: 0.001749
Epoch 880: Cost: 0.001745
Epoch 890: Cost: 0.001742
Epoch 900: Cost: 0.001738
Epoch 910: Cost: 0.001735
Epoch 920: Cost: 0.001731
Epoch 930: Cost: 0.001727
Epoch 940: Cost: 0.001723
Epoch 950: Cost: 0.001718
Epoch 960: Cost: 0.001714
Epoch 970: Cost: 0.001710
Epoch 980: Cost: 0.001705
Epoch 990: Cost: 0.001700
Epoch 1000: Cost: 0.001696
Optimization complete.
