0.05108266866471974
... building model (hdim=20, len(X)=615, batch_size=1, eps=0.1, eps_factor=0.99)
... training
Epoch 10: Cost: 0.051238
Epoch 20: Cost: 0.051099
Epoch 30: Cost: 0.051095
Epoch 40: Cost: 0.051091
Epoch 50: Cost: 0.051088
Epoch 60: Cost: 0.051087
Epoch 70: Cost: 0.051087
Epoch 80: Cost: 0.051085
Epoch 90: Cost: 0.051085
Epoch 100: Cost: 0.051085
Epoch 110: Cost: 0.051085
Epoch 120: Cost: 0.051085
Epoch 130: Cost: 0.051084
Epoch 140: Cost: 0.051084
Epoch 150: Cost: 0.051084
Epoch 160: Cost: 0.051084
Epoch 170: Cost: 0.051084
Epoch 180: Cost: 0.051084
Epoch 190: Cost: 0.051084
Epoch 200: Cost: 0.051084
Epoch 210: Cost: 0.051084
Epoch 220: Cost: 0.051084
Epoch 230: Cost: 0.051084
Epoch 240: Cost: 0.051084
Epoch 250: Cost: 0.051084
Epoch 260: Cost: 0.051084
Epoch 270: Cost: 0.051084
Epoch 280: Cost: 0.051084
Epoch 290: Cost: 0.051084
Epoch 300: Cost: 0.051084
Epoch 310: Cost: 0.051084
Epoch 320: Cost: 0.051084
Epoch 330: Cost: 0.051084
Epoch 340: Cost: 0.051084
Epoch 350: Cost: 0.051084
Epoch 360: Cost: 0.051084
Epoch 370: Cost: 0.051084
Epoch 380: Cost: 0.051084
Epoch 390: Cost: 0.051084
Epoch 400: Cost: 0.051084
Epoch 410: Cost: 0.051084
Epoch 420: Cost: 0.051084
Epoch 430: Cost: 0.051084
Epoch 440: Cost: 0.051084
Epoch 450: Cost: 0.051084
Epoch 460: Cost: 0.051084
Epoch 470: Cost: 0.051084
Epoch 480: Cost: 0.051084
Epoch 490: Cost: 0.051084
Epoch 500: Cost: 0.051084
Epoch 510: Cost: 0.051084
Epoch 520: Cost: 0.051084
Epoch 530: Cost: 0.051084
Epoch 540: Cost: 0.051084
Epoch 550: Cost: 0.051084
Epoch 560: Cost: 0.051084
Epoch 570: Cost: 0.051084
Epoch 580: Cost: 0.051084
Epoch 590: Cost: 0.051084
Epoch 600: Cost: 0.051084
Epoch 610: Cost: 0.051084
Epoch 620: Cost: 0.051084
Epoch 630: Cost: 0.051084
Epoch 640: Cost: 0.051084
Epoch 650: Cost: 0.051084
Epoch 660: Cost: 0.051084
Epoch 670: Cost: 0.051084
Epoch 680: Cost: 0.051084
Epoch 690: Cost: 0.051084
Epoch 700: Cost: 0.051084
Epoch 710: Cost: 0.051084
Epoch 720: Cost: 0.051084
Epoch 730: Cost: 0.051084
Epoch 740: Cost: 0.051084
Epoch 750: Cost: 0.051084
Epoch 760: Cost: 0.051084
Epoch 770: Cost: 0.051084
Epoch 780: Cost: 0.051084
Epoch 790: Cost: 0.051084
Epoch 800: Cost: 0.051084
Epoch 810: Cost: 0.051084
Epoch 820: Cost: 0.051084
Epoch 830: Cost: 0.051084
Epoch 840: Cost: 0.051084
Epoch 850: Cost: 0.051084
Epoch 860: Cost: 0.051084
Epoch 870: Cost: 0.051084
Epoch 880: Cost: 0.051084
Epoch 890: Cost: 0.051084
Epoch 900: Cost: 0.051084
Epoch 910: Cost: 0.051084
Epoch 920: Cost: 0.051084
Epoch 930: Cost: 0.051084
Epoch 940: Cost: 0.051084
Epoch 950: Cost: 0.051084
Epoch 960: Cost: 0.051084
Epoch 970: Cost: 0.051084
Epoch 980: Cost: 0.051084
Epoch 990: Cost: 0.051084
Epoch 1000: Cost: 0.051084
Optimization complete.
