0.049907878945766225
... building model (hdim=20, len(X)=615, batch_size=1, eps=0.001, eps_factor=0.99)
... training
Epoch 10: Cost: 0.222518
Epoch 20: Cost: 0.114462
Epoch 30: Cost: 0.073231
Epoch 40: Cost: 0.055657
Epoch 50: Cost: 0.045834
Epoch 60: Cost: 0.039312
Epoch 70: Cost: 0.034516
Epoch 80: Cost: 0.030754
Epoch 90: Cost: 0.027682
Epoch 100: Cost: 0.025111
Epoch 110: Cost: 0.022930
Epoch 120: Cost: 0.021061
Epoch 130: Cost: 0.019433
Epoch 140: Cost: 0.018002
Epoch 150: Cost: 0.016735
Epoch 160: Cost: 0.015608
Epoch 170: Cost: 0.014601
Epoch 180: Cost: 0.013701
Epoch 190: Cost: 0.012896
Epoch 200: Cost: 0.012177
Epoch 210: Cost: 0.011562
Epoch 220: Cost: 0.011014
Epoch 230: Cost: 0.010542
Epoch 240: Cost: 0.010147
Epoch 250: Cost: 0.009835
Epoch 260: Cost: 0.009616
Epoch 270: Cost: 0.009509
Epoch 280: Cost: 0.007860
Epoch 290: Cost: 0.007309
Epoch 300: Cost: 0.007107
Epoch 310: Cost: 0.006997
Epoch 320: Cost: 0.006939
Epoch 330: Cost: 0.006898
Epoch 340: Cost: 0.006860
Epoch 350: Cost: 0.006821
Epoch 360: Cost: 0.006780
Epoch 370: Cost: 0.006735
Epoch 380: Cost: 0.006687
Epoch 390: Cost: 0.006636
Epoch 400: Cost: 0.006582
Epoch 410: Cost: 0.006525
Epoch 420: Cost: 0.006470
Epoch 430: Cost: 0.006415
Epoch 440: Cost: 0.006363
Epoch 450: Cost: 0.006314
Epoch 460: Cost: 0.006271
Epoch 470: Cost: 0.006235
Epoch 480: Cost: 0.006208
Epoch 490: Cost: 0.006189
Epoch 500: Cost: 0.006181
Epoch 510: Cost: 0.006084
Epoch 520: Cost: 0.005892
Epoch 530: Cost: 0.005870
Epoch 540: Cost: 0.005853
Epoch 550: Cost: 0.005838
Epoch 560: Cost: 0.005825
Epoch 570: Cost: 0.005813
Epoch 580: Cost: 0.005800
Epoch 590: Cost: 0.005787
Epoch 600: Cost: 0.005773
Epoch 610: Cost: 0.005757
Epoch 620: Cost: 0.005741
Epoch 630: Cost: 0.005723
Epoch 640: Cost: 0.005703
Epoch 650: Cost: 0.005683
Epoch 660: Cost: 0.005661
Epoch 670: Cost: 0.005638
Epoch 680: Cost: 0.005614
Epoch 690: Cost: 0.005589
Epoch 700: Cost: 0.005564
Epoch 710: Cost: 0.005537
Epoch 720: Cost: 0.005510
Epoch 730: Cost: 0.005483
Epoch 740: Cost: 0.005454
Epoch 750: Cost: 0.005426
Epoch 760: Cost: 0.005397
Epoch 770: Cost: 0.005367
Epoch 780: Cost: 0.005338
Epoch 790: Cost: 0.005308
Epoch 800: Cost: 0.005278
Epoch 810: Cost: 0.005247
Epoch 820: Cost: 0.005217
Epoch 830: Cost: 0.005187
Epoch 840: Cost: 0.005157
Epoch 850: Cost: 0.005127
Epoch 860: Cost: 0.005097
Epoch 870: Cost: 0.005068
Epoch 880: Cost: 0.005038
Epoch 890: Cost: 0.005008
Epoch 900: Cost: 0.004979
Epoch 910: Cost: 0.004946
Epoch 920: Cost: 0.004916
Epoch 930: Cost: 0.004886
Epoch 940: Cost: 0.004857
Epoch 950: Cost: 0.004827
Epoch 960: Cost: 0.004798
Epoch 970: Cost: 0.004769
Epoch 980: Cost: 0.004739
Epoch 990: Cost: 0.004710
Epoch 1000: Cost: 0.004681
Optimization complete.
