0.02489894608234628
... building model (hdim=20, len(X)=615, batch_size=1, eps=0.001, eps_factor=0.99)
... training
Epoch 10: Cost: 0.170730
Epoch 20: Cost: 0.070120
Epoch 30: Cost: 0.043849
Epoch 40: Cost: 0.032405
Epoch 50: Cost: 0.025926
Epoch 60: Cost: 0.021722
Epoch 70: Cost: 0.018761
Epoch 80: Cost: 0.016563
Epoch 90: Cost: 0.014868
Epoch 100: Cost: 0.013524
Epoch 110: Cost: 0.012427
Epoch 120: Cost: 0.011536
Epoch 130: Cost: 0.010791
Epoch 140: Cost: 0.010160
Epoch 150: Cost: 0.009623
Epoch 160: Cost: 0.009162
Epoch 170: Cost: 0.008766
Epoch 180: Cost: 0.008425
Epoch 190: Cost: 0.008131
Epoch 200: Cost: 0.007880
Epoch 210: Cost: 0.007630
Epoch 220: Cost: 0.007448
Epoch 230: Cost: 0.007295
Epoch 240: Cost: 0.007168
Epoch 250: Cost: 0.007064
Epoch 260: Cost: 0.006981
Epoch 270: Cost: 0.006915
Epoch 280: Cost: 0.006863
Epoch 290: Cost: 0.006820
Epoch 300: Cost: 0.006781
Epoch 310: Cost: 0.006673
Epoch 320: Cost: 0.006628
Epoch 330: Cost: 0.006578
Epoch 340: Cost: 0.006520
Epoch 350: Cost: 0.006452
Epoch 360: Cost: 0.006370
Epoch 370: Cost: 0.006272
Epoch 380: Cost: 0.006155
Epoch 390: Cost: 0.006015
Epoch 400: Cost: 0.005849
Epoch 410: Cost: 0.003831
Epoch 420: Cost: 0.002865
Epoch 430: Cost: 0.002783
Epoch 440: Cost: 0.002744
Epoch 450: Cost: 0.002708
Epoch 460: Cost: 0.002673
Epoch 470: Cost: 0.002640
Epoch 480: Cost: 0.002608
Epoch 490: Cost: 0.002578
Epoch 500: Cost: 0.002551
Epoch 510: Cost: 0.002524
Epoch 520: Cost: 0.002501
Epoch 530: Cost: 0.002479
Epoch 540: Cost: 0.002458
Epoch 550: Cost: 0.002438
Epoch 560: Cost: 0.002419
Epoch 570: Cost: 0.002401
Epoch 580: Cost: 0.002383
Epoch 590: Cost: 0.002365
Epoch 600: Cost: 0.002347
Epoch 610: Cost: 0.002328
Epoch 620: Cost: 0.002310
Epoch 630: Cost: 0.002292
Epoch 640: Cost: 0.002274
Epoch 650: Cost: 0.002255
Epoch 660: Cost: 0.002237
Epoch 670: Cost: 0.002218
Epoch 680: Cost: 0.002200
Epoch 690: Cost: 0.002181
Epoch 700: Cost: 0.002162
Epoch 710: Cost: 0.002143
Epoch 720: Cost: 0.002125
Epoch 730: Cost: 0.002107
Epoch 740: Cost: 0.002089
Epoch 750: Cost: 0.002072
Epoch 760: Cost: 0.002055
Epoch 770: Cost: 0.002038
Epoch 780: Cost: 0.002022
Epoch 790: Cost: 0.002007
Epoch 800: Cost: 0.001992
Epoch 810: Cost: 0.001861
Epoch 820: Cost: 0.001790
Epoch 830: Cost: 0.001780
Epoch 840: Cost: 0.001778
Epoch 850: Cost: 0.001776
Epoch 860: Cost: 0.001774
Epoch 870: Cost: 0.001771
Epoch 880: Cost: 0.001769
Epoch 890: Cost: 0.001767
Epoch 900: Cost: 0.001764
Epoch 910: Cost: 0.001762
Epoch 920: Cost: 0.001759
Epoch 930: Cost: 0.001756
Epoch 940: Cost: 0.001753
Epoch 950: Cost: 0.001750
Epoch 960: Cost: 0.001747
Epoch 970: Cost: 0.001743
Epoch 980: Cost: 0.001739
Epoch 990: Cost: 0.001736
Epoch 1000: Cost: 0.001732
Optimization complete.
