0.025082469556921158
... building model (hdim=20, len(X)=6150, batch_size=6, eps=0.001, eps_factor=0.99)
... training
Epoch 10: Cost: 0.116766
Epoch 20: Cost: 0.050454
Epoch 30: Cost: 0.033526
Epoch 40: Cost: 0.025593
Epoch 50: Cost: 0.020891
Epoch 60: Cost: 0.017751
Epoch 70: Cost: 0.015499
Epoch 80: Cost: 0.013806
Epoch 90: Cost: 0.012489
Epoch 100: Cost: 0.011439
Epoch 110: Cost: 0.010586
Epoch 120: Cost: 0.009883
Epoch 130: Cost: 0.009292
Epoch 140: Cost: 0.008790
Epoch 150: Cost: 0.008360
Epoch 160: Cost: 0.007989
Epoch 170: Cost: 0.007666
Epoch 180: Cost: 0.007385
Epoch 190: Cost: 0.007139
Epoch 200: Cost: 0.006923
Epoch 210: Cost: 0.006723
Epoch 220: Cost: 0.006556
Epoch 230: Cost: 0.006409
Epoch 240: Cost: 0.006279
Epoch 250: Cost: 0.006165
Epoch 260: Cost: 0.006064
Epoch 270: Cost: 0.005975
Epoch 280: Cost: 0.005898
Epoch 290: Cost: 0.005831
Epoch 300: Cost: 0.005773
Epoch 310: Cost: 0.005703
Epoch 320: Cost: 0.005660
Epoch 330: Cost: 0.005623
Epoch 340: Cost: 0.005592
Epoch 350: Cost: 0.005565
Epoch 360: Cost: 0.005541
Epoch 370: Cost: 0.005520
Epoch 380: Cost: 0.005500
Epoch 390: Cost: 0.005481
Epoch 400: Cost: 0.005462
Epoch 410: Cost: 0.005402
Epoch 420: Cost: 0.005381
Epoch 430: Cost: 0.005358
Epoch 440: Cost: 0.005334
Epoch 450: Cost: 0.005309
Epoch 460: Cost: 0.005282
Epoch 470: Cost: 0.005254
Epoch 480: Cost: 0.005224
Epoch 490: Cost: 0.005191
Epoch 500: Cost: 0.005157
Epoch 510: Cost: 0.005053
Epoch 520: Cost: 0.005009
Epoch 530: Cost: 0.004963
Epoch 540: Cost: 0.004914
Epoch 550: Cost: 0.004862
Epoch 560: Cost: 0.004805
Epoch 570: Cost: 0.004743
Epoch 580: Cost: 0.004676
Epoch 590: Cost: 0.004603
Epoch 600: Cost: 0.004524
Epoch 610: Cost: 0.004340
Epoch 620: Cost: 0.004242
Epoch 630: Cost: 0.004139
Epoch 640: Cost: 0.004032
Epoch 650: Cost: 0.003921
Epoch 660: Cost: 0.003806
Epoch 670: Cost: 0.003689
Epoch 680: Cost: 0.003571
Epoch 690: Cost: 0.003453
Epoch 700: Cost: 0.003337
Epoch 710: Cost: 0.003152
Epoch 720: Cost: 0.003049
Epoch 730: Cost: 0.002952
Epoch 740: Cost: 0.002860
Epoch 750: Cost: 0.002776
Epoch 760: Cost: 0.002699
Epoch 770: Cost: 0.002631
Epoch 780: Cost: 0.002574
Epoch 790: Cost: 0.002526
Epoch 800: Cost: 0.002490
Epoch 810: Cost: 0.001766
Epoch 820: Cost: 0.001611
Epoch 830: Cost: 0.001605
Epoch 840: Cost: 0.001601
Epoch 850: Cost: 0.001598
Epoch 860: Cost: 0.001596
Epoch 870: Cost: 0.001594
Epoch 880: Cost: 0.001592
Epoch 890: Cost: 0.001592
Epoch 900: Cost: 0.001591
Epoch 910: Cost: 0.001590
Epoch 920: Cost: 0.001580
Epoch 930: Cost: 0.001565
Epoch 940: Cost: 0.001563
Epoch 950: Cost: 0.001563
Epoch 960: Cost: 0.001562
Epoch 970: Cost: 0.001562
Epoch 980: Cost: 0.001561
Epoch 990: Cost: 0.001560
Epoch 1000: Cost: 0.001559
Optimization complete.
