0.05011465725017941
... building model (hdim=20, len(X)=6150, batch_size=6, eps=0.1, eps_factor=0.99)
... training
Epoch 10: Cost: 0.050160
Epoch 20: Cost: 0.050122
Epoch 30: Cost: 0.050117
Epoch 40: Cost: 0.050117
Epoch 50: Cost: 0.050116
Epoch 60: Cost: 0.050116
Epoch 70: Cost: 0.050116
Epoch 80: Cost: 0.050116
Epoch 90: Cost: 0.050115
Epoch 100: Cost: 0.050115
Epoch 110: Cost: 0.050115
Epoch 120: Cost: 0.050115
Epoch 130: Cost: 0.050115
Epoch 140: Cost: 0.050115
Epoch 150: Cost: 0.050115
Epoch 160: Cost: 0.050115
Epoch 170: Cost: 0.050115
Epoch 180: Cost: 0.050115
Epoch 190: Cost: 0.050115
Epoch 200: Cost: 0.050115
Epoch 210: Cost: 0.050115
Epoch 220: Cost: 0.050115
Epoch 230: Cost: 0.050115
Epoch 240: Cost: 0.050115
Epoch 250: Cost: 0.050115
Epoch 260: Cost: 0.050115
Epoch 270: Cost: 0.050115
Epoch 280: Cost: 0.050115
Epoch 290: Cost: 0.050115
Epoch 300: Cost: 0.050115
Epoch 310: Cost: 0.050115
Epoch 320: Cost: 0.050115
Epoch 330: Cost: 0.050115
Epoch 340: Cost: 0.050115
Epoch 350: Cost: 0.050115
Epoch 360: Cost: 0.050115
Epoch 370: Cost: 0.050115
Epoch 380: Cost: 0.050115
Epoch 390: Cost: 0.050115
Epoch 400: Cost: 0.050115
Epoch 410: Cost: 0.050115
Epoch 420: Cost: 0.050115
Epoch 430: Cost: 0.050115
Epoch 440: Cost: 0.050115
Epoch 450: Cost: 0.050115
Epoch 460: Cost: 0.050115
Epoch 470: Cost: 0.050115
Epoch 480: Cost: 0.050115
Epoch 490: Cost: 0.050115
Epoch 500: Cost: 0.050115
Epoch 510: Cost: 0.050115
Epoch 520: Cost: 0.050115
Epoch 530: Cost: 0.050115
Epoch 540: Cost: 0.050115
Epoch 550: Cost: 0.050115
Epoch 560: Cost: 0.050115
Epoch 570: Cost: 0.050115
Epoch 580: Cost: 0.050115
Epoch 590: Cost: 0.050115
Epoch 600: Cost: 0.050115
Epoch 610: Cost: 0.050115
Epoch 620: Cost: 0.050115
Epoch 630: Cost: 0.050115
Epoch 640: Cost: 0.050115
Epoch 650: Cost: 0.050115
Epoch 660: Cost: 0.050115
Epoch 670: Cost: 0.050115
Epoch 680: Cost: 0.050115
Epoch 690: Cost: 0.050115
Epoch 700: Cost: 0.050115
Epoch 710: Cost: 0.050115
Epoch 720: Cost: 0.050115
Epoch 730: Cost: 0.050115
Epoch 740: Cost: 0.050115
Epoch 750: Cost: 0.050115
Epoch 760: Cost: 0.050115
Epoch 770: Cost: 0.050115
Epoch 780: Cost: 0.050115
Epoch 790: Cost: 0.050115
Epoch 800: Cost: 0.050115
Optimization complete.
