0.04918530333891388
... building model (hdim=20, len(X)=6150, batch_size=6, eps=0.001, eps_factor=0.99)
... training
Epoch 10: Cost: 0.183524
Epoch 20: Cost: 0.084058
Epoch 30: Cost: 0.054046
Epoch 40: Cost: 0.040693
Epoch 50: Cost: 0.033035
Epoch 60: Cost: 0.028006
Epoch 70: Cost: 0.024413
Epoch 80: Cost: 0.021696
Epoch 90: Cost: 0.019560
Epoch 100: Cost: 0.017834
Epoch 110: Cost: 0.016423
Epoch 120: Cost: 0.015244
Epoch 130: Cost: 0.014244
Epoch 140: Cost: 0.013389
Epoch 150: Cost: 0.012652
Epoch 160: Cost: 0.012012
Epoch 170: Cost: 0.011455
Epoch 180: Cost: 0.010966
Epoch 190: Cost: 0.010538
Epoch 200: Cost: 0.010160
Epoch 210: Cost: 0.009827
Epoch 220: Cost: 0.009535
Epoch 230: Cost: 0.009275
Epoch 240: Cost: 0.009043
Epoch 250: Cost: 0.008836
Epoch 260: Cost: 0.008650
Epoch 270: Cost: 0.008482
Epoch 280: Cost: 0.008331
Epoch 290: Cost: 0.008193
Epoch 300: Cost: 0.008068
Epoch 310: Cost: 0.007959
Epoch 320: Cost: 0.007856
Epoch 330: Cost: 0.007760
Epoch 340: Cost: 0.007672
Epoch 350: Cost: 0.007590
Epoch 360: Cost: 0.007514
Epoch 370: Cost: 0.007443
Epoch 380: Cost: 0.007377
Epoch 390: Cost: 0.007316
Epoch 400: Cost: 0.007261
Epoch 410: Cost: 0.004786
Epoch 420: Cost: 0.004766
Epoch 430: Cost: 0.004760
Epoch 440: Cost: 0.004760
Epoch 450: Cost: 0.004757
Epoch 460: Cost: 0.004755
Epoch 470: Cost: 0.004754
Epoch 480: Cost: 0.004754
Epoch 490: Cost: 0.004753
Epoch 500: Cost: 0.004752
Epoch 510: Cost: 0.004750
Epoch 520: Cost: 0.004749
Epoch 530: Cost: 0.004747
Epoch 540: Cost: 0.004744
Epoch 550: Cost: 0.004741
Epoch 560: Cost: 0.004738
Epoch 570: Cost: 0.004735
Epoch 580: Cost: 0.004731
Epoch 590: Cost: 0.004726
Epoch 600: Cost: 0.004721
Epoch 610: Cost: 0.004716
Epoch 620: Cost: 0.004710
Epoch 630: Cost: 0.004704
Epoch 640: Cost: 0.004698
Epoch 650: Cost: 0.004691
Epoch 660: Cost: 0.004684
Epoch 670: Cost: 0.004677
Epoch 680: Cost: 0.004669
Epoch 690: Cost: 0.004661
Epoch 700: Cost: 0.004653
Epoch 710: Cost: 0.004644
Epoch 720: Cost: 0.004635
Epoch 730: Cost: 0.004626
Epoch 740: Cost: 0.004616
Epoch 750: Cost: 0.004607
Epoch 760: Cost: 0.004597
Epoch 770: Cost: 0.004587
Epoch 780: Cost: 0.004577
Epoch 790: Cost: 0.004566
Epoch 800: Cost: 0.004555
Epoch 810: Cost: 0.004544
Epoch 820: Cost: 0.004533
Epoch 830: Cost: 0.004521
Epoch 840: Cost: 0.004510
Epoch 850: Cost: 0.004498
Epoch 860: Cost: 0.004487
Epoch 870: Cost: 0.004475
Epoch 880: Cost: 0.004463
Epoch 890: Cost: 0.004450
Epoch 900: Cost: 0.004438
Epoch 910: Cost: 0.004424
Epoch 920: Cost: 0.004412
Epoch 930: Cost: 0.004399
Epoch 940: Cost: 0.004386
Epoch 950: Cost: 0.004374
Epoch 960: Cost: 0.004361
Epoch 970: Cost: 0.004348
Epoch 980: Cost: 0.004335
Epoch 990: Cost: 0.004322
Epoch 1000: Cost: 0.004309
Optimization complete.
