... building model (hdim=20, len(X)=3500, batch_size=20, eps=0.01, eps_factor=1.0)
... training
Epoch 10: Cost: 0.039476
Epoch 20: Cost: 0.012732
Epoch 30: Cost: 0.009528
Epoch 40: Cost: 0.008724
Epoch 50: Cost: 0.008473
Epoch 60: Cost: 0.008387
Epoch 70: Cost: 0.008354
Epoch 80: Cost: 0.008339
Epoch 90: Cost: 0.008328
Epoch 100: Cost: 0.008320
Epoch 110: Cost: 0.008312
Epoch 120: Cost: 0.008305
Epoch 130: Cost: 0.008299
Epoch 140: Cost: 0.008293
Epoch 150: Cost: 0.008287
Epoch 160: Cost: 0.008282
Epoch 170: Cost: 0.008277
Epoch 180: Cost: 0.008272
Epoch 190: Cost: 0.008268
Epoch 200: Cost: 0.008263
Epoch 210: Cost: 0.008259
Epoch 220: Cost: 0.008255
Epoch 230: Cost: 0.008252
Epoch 240: Cost: 0.008248
Epoch 250: Cost: 0.008245
Epoch 260: Cost: 0.008241
Epoch 270: Cost: 0.008238
Epoch 280: Cost: 0.008235
Epoch 290: Cost: 0.008232
Epoch 300: Cost: 0.008229
Epoch 310: Cost: 0.008226
Epoch 320: Cost: 0.008223
Epoch 330: Cost: 0.008220
Epoch 340: Cost: 0.008217
Epoch 350: Cost: 0.008215
Epoch 360: Cost: 0.008212
Epoch 370: Cost: 0.008210
Epoch 380: Cost: 0.008208
Epoch 390: Cost: 0.008206
Epoch 400: Cost: 0.008204
Epoch 410: Cost: 0.008202
Epoch 420: Cost: 0.008200
Epoch 430: Cost: 0.008199
Epoch 440: Cost: 0.008197
Epoch 450: Cost: 0.008195
Epoch 460: Cost: 0.008194
Epoch 470: Cost: 0.008193
Epoch 480: Cost: 0.008191
Epoch 490: Cost: 0.008190
Epoch 500: Cost: 0.008188
Epoch 510: Cost: 0.008187
Epoch 520: Cost: 0.008186
Epoch 530: Cost: 0.008185
Epoch 540: Cost: 0.008184
Epoch 550: Cost: 0.008183
Epoch 560: Cost: 0.008182
Epoch 570: Cost: 0.008181
Epoch 580: Cost: 0.008180
Epoch 590: Cost: 0.008179
Epoch 600: Cost: 0.008178
Epoch 610: Cost: 0.008178
Epoch 620: Cost: 0.008177
Epoch 630: Cost: 0.008177
Epoch 640: Cost: 0.008176
Epoch 650: Cost: 0.008176
Epoch 660: Cost: 0.008175
Epoch 670: Cost: 0.008175
Epoch 680: Cost: 0.008175
Epoch 690: Cost: 0.008175
Epoch 700: Cost: 0.008174
Epoch 710: Cost: 0.008174
Epoch 720: Cost: 0.008174
Epoch 730: Cost: 0.008174
Epoch 740: Cost: 0.008174
Epoch 750: Cost: 0.008174
Epoch 760: Cost: 0.008174
Epoch 770: Cost: 0.008174
Epoch 780: Cost: 0.008173
Epoch 790: Cost: 0.008173
Epoch 800: Cost: 0.008173
Epoch 810: Cost: 0.008173
Epoch 820: Cost: 0.008173
Epoch 830: Cost: 0.008173
Epoch 840: Cost: 0.008173
Epoch 850: Cost: 0.008173
Epoch 860: Cost: 0.008173
Epoch 870: Cost: 0.008173
Epoch 880: Cost: 0.008167
Epoch 890: Cost: 0.008153
Epoch 900: Cost: 0.008152
Epoch 910: Cost: 0.008152
Epoch 920: Cost: 0.008152
Epoch 930: Cost: 0.008152
Epoch 940: Cost: 0.008152
Epoch 950: Cost: 0.008152
Epoch 960: Cost: 0.008152
Epoch 970: Cost: 0.008152
Epoch 980: Cost: 0.008152
Epoch 990: Cost: 0.008152
Epoch 1000: Cost: 0.008152
Optimization complete.
Counter({2: 1668, 1: 1667, 0: 1665})
Training accuracy: 0.9992
